Using pre-set license
Built from '2022.3/release' branch; Version is '2022.3.48f1 (8bf49c377ebf) revision 9172124'; Using compiler version '192829333'; Build Type 'Release'
OS: 'Windows 10  (10.0.19045) 64bit Core' Language: 'ru' Physical Memory: 7834 MB
BatchMode: 1, IsHumanControllingUs: 0, StartBugReporterOnCrash: 0, Is64bit: 1, IsPro: 1

COMMAND LINE ARGUMENTS:
C:\Program Files\Unity\Hub\Editor\2022.3.48f1\Editor\Unity.exe
-adb2
-batchMode
-noUpm
-name
AssetImportWorker1
-projectPath
C:/Users/Пользователь/Documents/GitHub/armen_0/RTS 2024(1)
-logFile
Logs/AssetImportWorker1.log
-srvPort
51988
Successfully changed project path to: C:/Users/Пользователь/Documents/GitHub/armen_0/RTS 2024(1)
C:/Users/Пользователь/Documents/GitHub/armen_0/RTS 2024(1)
[UnityMemory] Configuration Parameters - Can be set up in boot.config
    "memorysetup-bucket-allocator-granularity=16"
    "memorysetup-bucket-allocator-bucket-count=8"
    "memorysetup-bucket-allocator-block-size=33554432"
    "memorysetup-bucket-allocator-block-count=8"
    "memorysetup-main-allocator-block-size=16777216"
    "memorysetup-thread-allocator-block-size=16777216"
    "memorysetup-gfx-main-allocator-block-size=16777216"
    "memorysetup-gfx-thread-allocator-block-size=16777216"
    "memorysetup-cache-allocator-block-size=4194304"
    "memorysetup-typetree-allocator-block-size=2097152"
    "memorysetup-profiler-bucket-allocator-granularity=16"
    "memorysetup-profiler-bucket-allocator-bucket-count=8"
    "memorysetup-profiler-bucket-allocator-block-size=33554432"
    "memorysetup-profiler-bucket-allocator-block-count=8"
    "memorysetup-profiler-allocator-block-size=16777216"
    "memorysetup-profiler-editor-allocator-block-size=1048576"
    "memorysetup-temp-allocator-size-main=16777216"
    "memorysetup-job-temp-allocator-block-size=2097152"
    "memorysetup-job-temp-allocator-block-size-background=1048576"
    "memorysetup-job-temp-allocator-reduction-small-platforms=262144"
    "memorysetup-allocator-temp-initial-block-size-main=262144"
    "memorysetup-allocator-temp-initial-block-size-worker=262144"
    "memorysetup-temp-allocator-size-background-worker=32768"
    "memorysetup-temp-allocator-size-job-worker=262144"
    "memorysetup-temp-allocator-size-preload-manager=33554432"
    "memorysetup-temp-allocator-size-nav-mesh-worker=65536"
    "memorysetup-temp-allocator-size-audio-worker=65536"
    "memorysetup-temp-allocator-size-cloud-worker=32768"
    "memorysetup-temp-allocator-size-gi-baking-worker=262144"
    "memorysetup-temp-allocator-size-gfx=262144"
Player connection [6700]  Target information:

Player connection [6700]  * "[IP] 26.130.219.45 [Port] 0 [Flags] 2 [Guid] 3960738616 [EditorId] 3960738616 [Version] 1048832 [Id] WindowsEditor(7,DESKTOP-R1QI086) [Debug] 1 [PackageName] WindowsEditor [ProjectName] Editor" 

Player connection [6700] Host joined multi-casting on [225.0.0.222:54997]...
Player connection [6700] Host joined alternative multi-casting on [225.0.0.222:34997]...
[PhysX] Initialized MultithreadedTaskDispatcher with 4 workers.
Refreshing native plugins compatible for Editor in 40.73 ms, found 3 plugins.
Preloading 0 native plugins for Editor in 0.00 ms.
Initialize engine version: 2022.3.48f1 (8bf49c377ebf)
[Subsystems] Discovering subsystems at path C:/Program Files/Unity/Hub/Editor/2022.3.48f1/Editor/Data/Resources/UnitySubsystems
[Subsystems] Discovering subsystems at path C:/Users/Пользователь/Documents/GitHub/armen_0/RTS 2024(1)/Assets
GfxDevice: creating device client; threaded=0; jobified=0
Direct3D:
    Version:  Direct3D 11.0 [level 11.1]
    Renderer: Intel(R) UHD Graphics (ID=0x9a78)
    Vendor:   Intel
    VRAM:     3917 MB
    Driver:   27.20.100.8935
Initialize mono
Mono path[0] = 'C:/Program Files/Unity/Hub/Editor/2022.3.48f1/Editor/Data/Managed'
Mono path[1] = 'C:/Program Files/Unity/Hub/Editor/2022.3.48f1/Editor/Data/MonoBleedingEdge/lib/mono/unityjit-win32'
Mono config path = 'C:/Program Files/Unity/Hub/Editor/2022.3.48f1/Editor/Data/MonoBleedingEdge/etc'
Using monoOptions --debugger-agent=transport=dt_socket,embedding=1,server=y,suspend=n,address=127.0.0.1:56408
Begin MonoManager ReloadAssembly
Registering precompiled unity dll's ...
Register platform support module: C:/Program Files/Unity/Hub/Editor/2022.3.48f1/Editor/Data/PlaybackEngines/WindowsStandaloneSupport/UnityEditor.WindowsStandalone.Extensions.dll
Registered in 0.063864 seconds.
- Loaded All Assemblies, in  2.229 seconds
Native extension for WindowsStandalone target not found
Mono: successfully reloaded assembly
- Finished resetting the current domain, in  1.495 seconds
Domain Reload Profiling: 3723ms
	BeginReloadAssembly (677ms)
		ExecutionOrderSort (0ms)
		DisableScriptedObjects (0ms)
		BackupInstance (0ms)
		ReleaseScriptingObjects (0ms)
		CreateAndSetChildDomain (11ms)
	RebuildCommonClasses (207ms)
	RebuildNativeTypeToScriptingClass (50ms)
	initialDomainReloadingComplete (365ms)
	LoadAllAssembliesAndSetupDomain (927ms)
		LoadAssemblies (629ms)
		RebuildTransferFunctionScriptingTraits (0ms)
		AnalyzeDomain (923ms)
			TypeCache.Refresh (914ms)
				TypeCache.ScanAssembly (796ms)
			ScanForSourceGeneratedMonoScriptInfo (4ms)
			ResolveRequiredComponents (1ms)
	FinalizeReload (1497ms)
		ReleaseScriptCaches (0ms)
		RebuildScriptCaches (0ms)
		SetupLoadedEditorAssemblies (1253ms)
			LogAssemblyErrors (0ms)
			InitializePlatformSupportModulesInManaged (45ms)
			SetLoadedEditorAssemblies (16ms)
			RefreshPlugins (0ms)
			BeforeProcessingInitializeOnLoad (6ms)
			ProcessInitializeOnLoadAttributes (866ms)
			ProcessInitializeOnLoadMethodAttributes (320ms)
			AfterProcessingInitializeOnLoad (0ms)
			EditorAssembliesLoaded (1ms)
		ExecutionOrderSort2 (0ms)
		AwakeInstancesAfterBackupRestoration (0ms)
========================================================================
Worker process is ready to serve import requests
Caller must complete domain reload
Begin MonoManager ReloadAssembly
- Loaded All Assemblies, in  4.781 seconds
Native extension for WindowsStandalone target not found
Package Manager log level set to [2]
[Package Manager] Server::EnsureServerProcessIsRunning -- launch failed, reason: Unity was launched with the -noUpm command-line argument
[Package Manager] UpmClient::Send -- Unable to send message (not connected to UPM process).
[Package Manager] Cannot connect to Unity Package Manager local server
Mono: successfully reloaded assembly
- Finished resetting the current domain, in  5.464 seconds
Domain Reload Profiling: 10242ms
	BeginReloadAssembly (1116ms)
		ExecutionOrderSort (0ms)
		DisableScriptedObjects (11ms)
		BackupInstance (0ms)
		ReleaseScriptingObjects (1ms)
		CreateAndSetChildDomain (64ms)
	RebuildCommonClasses (207ms)
	RebuildNativeTypeToScriptingClass (101ms)
	initialDomainReloadingComplete (216ms)
	LoadAllAssembliesAndSetupDomain (3134ms)
		LoadAssemblies (1837ms)
		RebuildTransferFunctionScriptingTraits (0ms)
		AnalyzeDomain (2086ms)
			TypeCache.Refresh (1804ms)
				TypeCache.ScanAssembly (1726ms)
			ScanForSourceGeneratedMonoScriptInfo (212ms)
			ResolveRequiredComponents (63ms)
	FinalizeReload (5467ms)
		ReleaseScriptCaches (0ms)
		RebuildScriptCaches (0ms)
		SetupLoadedEditorAssemblies (3829ms)
			LogAssemblyErrors (0ms)
			InitializePlatformSupportModulesInManaged (39ms)
			SetLoadedEditorAssemblies (10ms)
			RefreshPlugins (0ms)
			BeforeProcessingInitializeOnLoad (266ms)
			ProcessInitializeOnLoadAttributes (3321ms)
			ProcessInitializeOnLoadMethodAttributes (161ms)
			AfterProcessingInitializeOnLoad (31ms)
			EditorAssembliesLoaded (0ms)
		ExecutionOrderSort2 (0ms)
		AwakeInstancesAfterBackupRestoration (56ms)
Launched and connected shader compiler UnityShaderCompiler.exe after 0.24 seconds
Refreshing native plugins compatible for Editor in 16.93 ms, found 3 plugins.
Preloading 0 native plugins for Editor in 0.00 ms.
Unloading 3089 Unused Serialized files (Serialized files now loaded: 0)
Unloading 19 unused Assets / (54.5 KB). Loaded Objects now: 3556.
Memory consumption went from 118.0 MB to 118.0 MB.
Total: 11.266200 ms (FindLiveObjects: 2.760400 ms CreateObjectMapping: 0.493000 ms MarkObjects: 7.547300 ms  DeleteObjects: 0.460900 ms)

AssetImportParameters requested are different than current active one (requested -> active):
  custom:container-demuxer-ogg: 62fdf1f143b41e24485cea50d1cbac27 -> 
  custom:video-decoder-ogg-theora: a1e56fd34408186e4bbccfd4996cb3dc -> 
  custom:framework-win-MediaFoundation: 216162199b28c13a410421893ffa2e32 -> 
  custom:CustomObjectIndexerAttribute: 9a22284fe3817be447336de3de66b15e -> 
  custom:container-demuxer-webm: 4f35f7cbe854078d1ac9338744f61a02 -> 
  custom:container-muxer-webm: aa71ff27fc2769a1b78a27578f13a17b -> 
  custom:video-decoder-webm-vp8: 9c59270c3fd7afecdb556c50c9e8de78 -> 
  custom:SearchIndexIgnoredProperties: e643bd26f0fe6173181afceb89e7c659 -> 
  custom:AudioImporter_EditorPlatform: d09bf68614088b80899f8185d706f6e7 -> 
  custom:video-encoder-webm-vp8: eb34c28f22e8b96e1ab97ce403110664 -> 
  custom:audio-decoder-ogg-vorbis: bf7c407c2cedff20999df2af8eb42d56 -> 
  custom:audio-encoder-webm-vorbis: bf7c407c2cedff20999df2af8eb42d56 -> 
========================================================================
Received Import Request.
  Time since last request: 94134.736041 seconds.
  path: Assets/UI/Textures/Panels/UniversalPanel1.png
  artifactKey: Guid(9eba597d30b7a114ea7924c3748871ed) Importer(815301076,1909f56bfc062723c751e8b465ee728b)
Start importing Assets/UI/Textures/Panels/UniversalPanel1.png using Guid(9eba597d30b7a114ea7924c3748871ed) Importer(815301076,1909f56bfc062723c751e8b465ee728b) [PhysX] Initialized MultithreadedTaskDispatcher with 4 workers.
[PhysX] Initialized MultithreadedTaskDispatcher with 4 workers.
 -> (artifact id: '692e3bfc917606a36041b9888bcc9b07') in 1.040453 seconds
Number of updated asset objects reloaded before import = 0
Number of asset objects unloaded after import = 3
========================================================================
Received Import Request.
  Time since last request: 0.003496 seconds.
  path: Assets/UI/Textures/Panels/TagUpBBevel.png
  artifactKey: Guid(d6709ec36e5ec6e44bfffbf256e31768) Importer(815301076,1909f56bfc062723c751e8b465ee728b)
Start importing Assets/UI/Textures/Panels/TagUpBBevel.png using Guid(d6709ec36e5ec6e44bfffbf256e31768) Importer(815301076,1909f56bfc062723c751e8b465ee728b) [PhysX] Initialized MultithreadedTaskDispatcher with 4 workers.
[PhysX] Initialized MultithreadedTaskDispatcher with 4 workers.
 -> (artifact id: '8f4bf5cf0db3c64126ebecfaf7925882') in 0.104613 seconds
Number of updated asset objects reloaded before import = 0
Number of asset objects unloaded after import = 3
========================================================================
Received Import Request.
  Time since last request: 0.000896 seconds.
  path: Assets/UI/Textures/Buttons/GreenOutlinedDown.png
  artifactKey: Guid(5758cb0fc0978e94d9cb1fa4b24e240e) Importer(815301076,1909f56bfc062723c751e8b465ee728b)
Start importing Assets/UI/Textures/Buttons/GreenOutlinedDown.png using Guid(5758cb0fc0978e94d9cb1fa4b24e240e) Importer(815301076,1909f56bfc062723c751e8b465ee728b) [PhysX] Initialized MultithreadedTaskDispatcher with 4 workers.
[PhysX] Initialized MultithreadedTaskDispatcher with 4 workers.
 -> (artifact id: '6569d621053a89b14bc5368a46cd530c') in 0.062776 seconds
Number of updated asset objects reloaded before import = 0
Number of asset objects unloaded after import = 3
========================================================================
Received Import Request.
  Time since last request: 0.003260 seconds.
  path: Assets/UI/Textures/Icons/ArrowSmallUpGold.png
  artifactKey: Guid(42808c870b45cc5408ffdc6855c18e0b) Importer(815301076,1909f56bfc062723c751e8b465ee728b)
Start importing Assets/UI/Textures/Icons/ArrowSmallUpGold.png using Guid(42808c870b45cc5408ffdc6855c18e0b) Importer(815301076,1909f56bfc062723c751e8b465ee728b) [PhysX] Initialized MultithreadedTaskDispatcher with 4 workers.
[PhysX] Initialized MultithreadedTaskDispatcher with 4 workers.
 -> (artifact id: '41f74d4a0c6b9d51ab2fd5563a6e0ff4') in 0.112262 seconds
Number of updated asset objects reloaded before import = 0
Number of asset objects unloaded after import = 3
========================================================================
Received Import Request.
  Time since last request: 0.001017 seconds.
  path: Assets/UI/Textures/Buttons/Gold1Down.png
  artifactKey: Guid(d752b1d317fa1194ab20b671c7bab94e) Importer(815301076,1909f56bfc062723c751e8b465ee728b)
Start importing Assets/UI/Textures/Buttons/Gold1Down.png using Guid(d752b1d317fa1194ab20b671c7bab94e) Importer(815301076,1909f56bfc062723c751e8b465ee728b) [PhysX] Initialized MultithreadedTaskDispatcher with 4 workers.
[PhysX] Initialized MultithreadedTaskDispatcher with 4 workers.
 -> (artifact id: '6fb518aef96d1631afd8bcd12f05de7d') in 0.081655 seconds
Number of updated asset objects reloaded before import = 0
Number of asset objects unloaded after import = 3
========================================================================
Received Import Request.
  Time since last request: 0.000032 seconds.
  path: Assets/UI/Textures/Icons/buttonLong_blue.png
  artifactKey: Guid(6641cf116180ff54d9545393554d5110) Importer(815301076,1909f56bfc062723c751e8b465ee728b)
Start importing Assets/UI/Textures/Icons/buttonLong_blue.png using Guid(6641cf116180ff54d9545393554d5110) Importer(815301076,1909f56bfc062723c751e8b465ee728b) [PhysX] Initialized MultithreadedTaskDispatcher with 4 workers.
[PhysX] Initialized MultithreadedTaskDispatcher with 4 workers.
 -> (artifact id: '76f0b33c98b555d460a21d52e0c3a7b2') in 0.102174 seconds
Number of updated asset objects reloaded before import = 0
Number of asset objects unloaded after import = 3
========================================================================
Received Import Request.
  Time since last request: 0.019143 seconds.
  path: Assets/UI/Textures/Bars/FillGreen.png
  artifactKey: Guid(cd42470622f5f15479b23685390aa953) Importer(815301076,1909f56bfc062723c751e8b465ee728b)
Start importing Assets/UI/Textures/Bars/FillGreen.png using Guid(cd42470622f5f15479b23685390aa953) Importer(815301076,1909f56bfc062723c751e8b465ee728b) [PhysX] Initialized MultithreadedTaskDispatcher with 4 workers.
[PhysX] Initialized MultithreadedTaskDispatcher with 4 workers.
 -> (artifact id: '703cf56bb4e6d9343f66a3c1703a32ba') in 0.075123 seconds
Number of updated asset objects reloaded before import = 0
Number of asset objects unloaded after import = 3
========================================================================
Received Import Request.
  Time since last request: 0.003254 seconds.
  path: Assets/UI/Textures/Icons/Crops.png
  artifactKey: Guid(749747b56af259d4f84c00c06bcf2fb0) Importer(815301076,1909f56bfc062723c751e8b465ee728b)
Start importing Assets/UI/Textures/Icons/Crops.png using Guid(749747b56af259d4f84c00c06bcf2fb0) Importer(815301076,1909f56bfc062723c751e8b465ee728b) [PhysX] Initialized MultithreadedTaskDispatcher with 4 workers.
[PhysX] Initialized MultithreadedTaskDispatcher with 4 workers.
 -> (artifact id: '2cb1575ca1703b11b264a5290798c9ff') in 0.157737 seconds
Number of updated asset objects reloaded before import = 0
Number of asset objects unloaded after import = 3
========================================================================
Received Import Request.
  Time since last request: 0.000026 seconds.
  path: Assets/UI/Textures/Icons/ArrowSmallRightGreenDark.png
  artifactKey: Guid(4302db3bff3f93947a3d50d1f957e6cb) Importer(815301076,1909f56bfc062723c751e8b465ee728b)
Start importing Assets/UI/Textures/Icons/ArrowSmallRightGreenDark.png using Guid(4302db3bff3f93947a3d50d1f957e6cb) Importer(815301076,1909f56bfc062723c751e8b465ee728b) [PhysX] Initialized MultithreadedTaskDispatcher with 4 workers.
[PhysX] Initialized MultithreadedTaskDispatcher with 4 workers.
 -> (artifact id: 'cd572c290f65becaeee8d99b9f7d5ce7') in 0.169456 seconds
Number of updated asset objects reloaded before import = 0
Number of asset objects unloaded after import = 3
========================================================================
Received Import Request.
  Time since last request: 22.391015 seconds.
  path: Assets/UI/Textures/Icons/farm_icon.png
  artifactKey: Guid(3bdab9633cf502044bfe0f31278f5105) Importer(815301076,1909f56bfc062723c751e8b465ee728b)
Start importing Assets/UI/Textures/Icons/farm_icon.png using Guid(3bdab9633cf502044bfe0f31278f5105) Importer(815301076,1909f56bfc062723c751e8b465ee728b) [PhysX] Initialized MultithreadedTaskDispatcher with 4 workers.
[PhysX] Initialized MultithreadedTaskDispatcher with 4 workers.
 -> (artifact id: '66979c1f6ad0f6a4cb6d1ff0e2030143') in 0.066498 seconds
Number of updated asset objects reloaded before import = 0
Number of asset objects unloaded after import = 3
========================================================================
Received Import Request.
  Time since last request: 0.000030 seconds.
  path: Assets/UI/Textures/Icons/healer_icon.psd
  artifactKey: Guid(3bf9bc81e50045241944ad84906fbf8e) Importer(815301076,1909f56bfc062723c751e8b465ee728b)
Start importing Assets/UI/Textures/Icons/healer_icon.psd using Guid(3bf9bc81e50045241944ad84906fbf8e) Importer(815301076,1909f56bfc062723c751e8b465ee728b) [PhysX] Initialized MultithreadedTaskDispatcher with 4 workers.
[PhysX] Initialized MultithreadedTaskDispatcher with 4 workers.
 -> (artifact id: 'a67cc0e919f872f9951742d21e3eb309') in 0.114287 seconds
Number of updated asset objects reloaded before import = 0
Number of asset objects unloaded after import = 3
========================================================================
Received Import Request.
  Time since last request: 0.003559 seconds.
  path: Assets/UI/Textures/Icons/metal_icon.psd
  artifactKey: Guid(9bba75448251d3843ab6aa17d4d1330a) Importer(815301076,1909f56bfc062723c751e8b465ee728b)
Start importing Assets/UI/Textures/Icons/metal_icon.psd using Guid(9bba75448251d3843ab6aa17d4d1330a) Importer(815301076,1909f56bfc062723c751e8b465ee728b) [PhysX] Initialized MultithreadedTaskDispatcher with 4 workers.
[PhysX] Initialized MultithreadedTaskDispatcher with 4 workers.
 -> (artifact id: 'c89429fb0154513213c7221303f7256e') in 0.067832 seconds
Number of updated asset objects reloaded before import = 0
Number of asset objects unloaded after import = 3
========================================================================
Received Import Request.
  Time since last request: 0.000029 seconds.
  path: Assets/UI/Textures/Icons/Pause.png
  artifactKey: Guid(fbe76471172f4904082e002e14c21ff6) Importer(815301076,1909f56bfc062723c751e8b465ee728b)
Start importing Assets/UI/Textures/Icons/Pause.png using Guid(fbe76471172f4904082e002e14c21ff6) Importer(815301076,1909f56bfc062723c751e8b465ee728b) [PhysX] Initialized MultithreadedTaskDispatcher with 4 workers.
[PhysX] Initialized MultithreadedTaskDispatcher with 4 workers.
 -> (artifact id: 'ebb12dbd726dc31960113810056623c9') in 0.129329 seconds
Number of updated asset objects reloaded before import = 0
Number of asset objects unloaded after import = 3
========================================================================
Received Import Request.
  Time since last request: 0.001677 seconds.
  path: Assets/UI/Textures/Icons/metal_icon_one_piece.psd
  artifactKey: Guid(623a714700e9f1446aa73bb2fb8a6fae) Importer(815301076,1909f56bfc062723c751e8b465ee728b)
Start importing Assets/UI/Textures/Icons/metal_icon_one_piece.psd using Guid(623a714700e9f1446aa73bb2fb8a6fae) Importer(815301076,1909f56bfc062723c751e8b465ee728b) [PhysX] Initialized MultithreadedTaskDispatcher with 4 workers.
[PhysX] Initialized MultithreadedTaskDispatcher with 4 workers.
 -> (artifact id: '89b098f1be43244af2abc2ae93b92245') in 0.100641 seconds
Number of updated asset objects reloaded before import = 0
Number of asset objects unloaded after import = 3
========================================================================
Received Import Request.
  Time since last request: 0.004915 seconds.
  path: Assets/UI/Textures/Icons/panel_blue_super_long.png
  artifactKey: Guid(bd26e8ecf49f1af4e8f8dcf2af5ded87) Importer(815301076,1909f56bfc062723c751e8b465ee728b)
Start importing Assets/UI/Textures/Icons/panel_blue_super_long.png using Guid(bd26e8ecf49f1af4e8f8dcf2af5ded87) Importer(815301076,1909f56bfc062723c751e8b465ee728b) [PhysX] Initialized MultithreadedTaskDispatcher with 4 workers.
[PhysX] Initialized MultithreadedTaskDispatcher with 4 workers.
 -> (artifact id: '68179de4cf0ad70049e55d0cb4e86670') in 0.102689 seconds
Number of updated asset objects reloaded before import = 0
Number of asset objects unloaded after import = 3
========================================================================
Received Import Request.
  Time since last request: 2.043474 seconds.
  path: Assets/UI/Textures/Icons/ArrowSmallLeftGold.png
  artifactKey: Guid(d0bd8f9c89ca5144e9454799a0d78add) Importer(815301076,1909f56bfc062723c751e8b465ee728b)
Start importing Assets/UI/Textures/Icons/ArrowSmallLeftGold.png using Guid(d0bd8f9c89ca5144e9454799a0d78add) Importer(815301076,1909f56bfc062723c751e8b465ee728b) [PhysX] Initialized MultithreadedTaskDispatcher with 4 workers.
[PhysX] Initialized MultithreadedTaskDispatcher with 4 workers.
 -> (artifact id: '5283da269e76f53f7547eba5bef5c80b') in 0.129986 seconds
Number of updated asset objects reloaded before import = 0
Number of asset objects unloaded after import = 3
========================================================================
Received Import Request.
  Time since last request: 0.001148 seconds.
  path: Assets/UI/Textures/Icons/ArrowSmallRightGold.png
  artifactKey: Guid(68eb0e9f7210aa642bf64bfe7261a89a) Importer(815301076,1909f56bfc062723c751e8b465ee728b)
Start importing Assets/UI/Textures/Icons/ArrowSmallRightGold.png using Guid(68eb0e9f7210aa642bf64bfe7261a89a) Importer(815301076,1909f56bfc062723c751e8b465ee728b) [PhysX] Initialized MultithreadedTaskDispatcher with 4 workers.
[PhysX] Initialized MultithreadedTaskDispatcher with 4 workers.
 -> (artifact id: '0c75e5ccf97526e3a6d7dc6c31beac0e') in 0.067008 seconds
Number of updated asset objects reloaded before import = 0
Number of asset objects unloaded after import = 3
========================================================================
Received Import Request.
  Time since last request: 0.289956 seconds.
  path: Assets/UI/Textures/Icons/arrow_counterclockwise.png
  artifactKey: Guid(2867ab8f546e2d44786f4f63dcc45206) Importer(815301076,1909f56bfc062723c751e8b465ee728b)
Start importing Assets/UI/Textures/Icons/arrow_counterclockwise.png using Guid(2867ab8f546e2d44786f4f63dcc45206) Importer(815301076,1909f56bfc062723c751e8b465ee728b) [PhysX] Initialized MultithreadedTaskDispatcher with 4 workers.
[PhysX] Initialized MultithreadedTaskDispatcher with 4 workers.
 -> (artifact id: 'b346c86d96bbb61a08d4703b673b0f16') in 0.100343 seconds
Number of updated asset objects reloaded before import = 0
Number of asset objects unloaded after import = 3
========================================================================
Received Import Request.
  Time since last request: 0.001301 seconds.
  path: Assets/UI/Textures/Icons/ArrowSmallDownGreen.png
  artifactKey: Guid(98a4e050b2f6f024eb3ec1c0da808a16) Importer(815301076,1909f56bfc062723c751e8b465ee728b)
Start importing Assets/UI/Textures/Icons/ArrowSmallDownGreen.png using Guid(98a4e050b2f6f024eb3ec1c0da808a16) Importer(815301076,1909f56bfc062723c751e8b465ee728b) [PhysX] Initialized MultithreadedTaskDispatcher with 4 workers.
[PhysX] Initialized MultithreadedTaskDispatcher with 4 workers.
 -> (artifact id: '855e6cc58fbe26ebcaa27c84c9fce768') in 0.100662 seconds
Number of updated asset objects reloaded before import = 0
Number of asset objects unloaded after import = 3
========================================================================
Received Import Request.
  Time since last request: 34.906398 seconds.
  path: Assets/UI/Textures/Icons/siege_factory_icon.png
  artifactKey: Guid(226ffb4fde6ab8a49b50f10f2d8df115) Importer(815301076,1909f56bfc062723c751e8b465ee728b)
Start importing Assets/UI/Textures/Icons/siege_factory_icon.png using Guid(226ffb4fde6ab8a49b50f10f2d8df115) Importer(815301076,1909f56bfc062723c751e8b465ee728b) [PhysX] Initialized MultithreadedTaskDispatcher with 4 workers.
[PhysX] Initialized MultithreadedTaskDispatcher with 4 workers.
 -> (artifact id: '0fb6ceac0b1508b2b0e9fa6b8a0ad644') in 0.100078 seconds
Number of updated asset objects reloaded before import = 0
Number of asset objects unloaded after import = 3
========================================================================
Received Import Request.
  Time since last request: 0.000041 seconds.
  path: Assets/UI/Textures/Icons/tower_level1_upgrade_icon.png
  artifactKey: Guid(e5b91d946a6712b44bd2fe0ad636f72a) Importer(815301076,1909f56bfc062723c751e8b465ee728b)
Start importing Assets/UI/Textures/Icons/tower_level1_upgrade_icon.png using Guid(e5b91d946a6712b44bd2fe0ad636f72a) Importer(815301076,1909f56bfc062723c751e8b465ee728b) [PhysX] Initialized MultithreadedTaskDispatcher with 4 workers.
[PhysX] Initialized MultithreadedTaskDispatcher with 4 workers.
 -> (artifact id: '32ef37ec2467aa04610e41569f2346e6') in 0.111319 seconds
Number of updated asset objects reloaded before import = 0
Number of asset objects unloaded after import = 3
========================================================================
Received Import Request.
  Time since last request: 0.672155 seconds.
  path: Assets/UI/Textures/Icons/treasure_chest_icon.psd
  artifactKey: Guid(53612f3086d73f3449702a0688e2a7aa) Importer(815301076,1909f56bfc062723c751e8b465ee728b)
Start importing Assets/UI/Textures/Icons/treasure_chest_icon.psd using Guid(53612f3086d73f3449702a0688e2a7aa) Importer(815301076,1909f56bfc062723c751e8b465ee728b) [PhysX] Initialized MultithreadedTaskDispatcher with 4 workers.
[PhysX] Initialized MultithreadedTaskDispatcher with 4 workers.
 -> (artifact id: '3a6e9317b3e8294b4ae61b3d79c6fa33') in 0.103048 seconds
Number of updated asset objects reloaded before import = 0
Number of asset objects unloaded after import = 3
========================================================================
Received Import Request.
  Time since last request: 0.000028 seconds.
  path: Assets/UI/Textures/Icons/wood_icon.psd
  artifactKey: Guid(0b0cd6fb1fb6fb54d892c5c0c6da0353) Importer(815301076,1909f56bfc062723c751e8b465ee728b)
Start importing Assets/UI/Textures/Icons/wood_icon.psd using Guid(0b0cd6fb1fb6fb54d892c5c0c6da0353) Importer(815301076,1909f56bfc062723c751e8b465ee728b) [PhysX] Initialized MultithreadedTaskDispatcher with 4 workers.
[PhysX] Initialized MultithreadedTaskDispatcher with 4 workers.
 -> (artifact id: 'e999951adbf8a92589b5d47768c269b4') in 0.071804 seconds
Number of updated asset objects reloaded before import = 0
Number of asset objects unloaded after import = 3
========================================================================
Received Import Request.
  Time since last request: 0.000163 seconds.
  path: Assets/UI/Textures/Icons/wood_icon_logs.psd
  artifactKey: Guid(9584cda30faa5d943889d2f6fef1b596) Importer(815301076,1909f56bfc062723c751e8b465ee728b)
Start importing Assets/UI/Textures/Icons/wood_icon_logs.psd using Guid(9584cda30faa5d943889d2f6fef1b596) Importer(815301076,1909f56bfc062723c751e8b465ee728b) [PhysX] Initialized MultithreadedTaskDispatcher with 4 workers.
[PhysX] Initialized MultithreadedTaskDispatcher with 4 workers.
 -> (artifact id: '419cb96a97e4585cb8fb1c0a44da9200') in 0.119139 seconds
Number of updated asset objects reloaded before import = 0
Number of asset objects unloaded after import = 3
========================================================================
Received Import Request.
  Time since last request: 6.219350 seconds.
  path: Assets/UI/Textures/Panels/CornersGold2.png
  artifactKey: Guid(2e12a439c20331e40ad02ee13d3b3e56) Importer(815301076,1909f56bfc062723c751e8b465ee728b)
Start importing Assets/UI/Textures/Panels/CornersGold2.png using Guid(2e12a439c20331e40ad02ee13d3b3e56) Importer(815301076,1909f56bfc062723c751e8b465ee728b) [PhysX] Initialized MultithreadedTaskDispatcher with 4 workers.
[PhysX] Initialized MultithreadedTaskDispatcher with 4 workers.
 -> (artifact id: '2c17e9bbfdde73aa4bf9e383fefd8065') in 0.121500 seconds
Number of updated asset objects reloaded before import = 0
Number of asset objects unloaded after import = 3
========================================================================
Received Import Request.
  Time since last request: 0.000095 seconds.
  path: Assets/UI/Textures/Panels/TagBBevel.png
  artifactKey: Guid(845128fdcef0f2049a8b423f31847243) Importer(815301076,1909f56bfc062723c751e8b465ee728b)
Start importing Assets/UI/Textures/Panels/TagBBevel.png using Guid(845128fdcef0f2049a8b423f31847243) Importer(815301076,1909f56bfc062723c751e8b465ee728b) [PhysX] Initialized MultithreadedTaskDispatcher with 4 workers.
[PhysX] Initialized MultithreadedTaskDispatcher with 4 workers.
 -> (artifact id: 'e7c4eceb94398502af720564013878d5') in 0.083249 seconds
Number of updated asset objects reloaded before import = 0
Number of asset objects unloaded after import = 3
========================================================================
Received Import Request.
  Time since last request: 31.764716 seconds.
  path: Assets/subModels/Materials/Mesh1_Tree_ModelMat.mat
  artifactKey: Guid(cf1754aab0dd36f40b8a909e5dd7948c) Importer(815301076,1909f56bfc062723c751e8b465ee728b)
Start importing Assets/subModels/Materials/Mesh1_Tree_ModelMat.mat using Guid(cf1754aab0dd36f40b8a909e5dd7948c) Importer(815301076,1909f56bfc062723c751e8b465ee728b) [PhysX] Initialized MultithreadedTaskDispatcher with 4 workers.
[PhysX] Initialized MultithreadedTaskDispatcher with 4 workers.
 -> (artifact id: 'e44a48dd1d55d2a76b19525e6c7b7f03') in 0.233505 seconds
Number of updated asset objects reloaded before import = 0
Number of asset objects unloaded after import = 1
========================================================================
Received Import Request.
  Time since last request: 1.748801 seconds.
  path: Assets/subModels/Fantasy/fenceCurved.fbx
  artifactKey: Guid(1052b4e4e4165b3479b70216c759979d) Importer(815301076,1909f56bfc062723c751e8b465ee728b)
Start importing Assets/subModels/Fantasy/fenceCurved.fbx using Guid(1052b4e4e4165b3479b70216c759979d) Importer(815301076,1909f56bfc062723c751e8b465ee728b) [PhysX] Initialized MultithreadedTaskDispatcher with 4 workers.
[PhysX] Initialized MultithreadedTaskDispatcher with 4 workers.
[PhysX] Initialized MultithreadedTaskDispatcher with 4 workers.
[PhysX] Initialized MultithreadedTaskDispatcher with 4 workers.
[PhysX] Initialized MultithreadedTaskDispatcher with 4 workers.
 -> (artifact id: 'be091d5fa8b1c1848365e5563c2ec1b2') in 0.332489 seconds
Number of updated asset objects reloaded before import = 0
Number of asset objects unloaded after import = 9
========================================================================
Received Import Request.
  Time since last request: 0.002086 seconds.
  path: Assets/subModels/Fantasy/roofRight.fbx
  artifactKey: Guid(0898efa17d2285945925f4dc0454c45d) Importer(815301076,1909f56bfc062723c751e8b465ee728b)
Start importing Assets/subModels/Fantasy/roofRight.fbx using Guid(0898efa17d2285945925f4dc0454c45d) Importer(815301076,1909f56bfc062723c751e8b465ee728b) [PhysX] Initialized MultithreadedTaskDispatcher with 4 workers.
[PhysX] Initialized MultithreadedTaskDispatcher with 4 workers.
[PhysX] Initialized MultithreadedTaskDispatcher with 4 workers.
[PhysX] Initialized MultithreadedTaskDispatcher with 4 workers.
[PhysX] Initialized MultithreadedTaskDispatcher with 4 workers.
[PhysX] Initialized MultithreadedTaskDispatcher with 4 workers.
[PhysX] Initialized MultithreadedTaskDispatcher with 4 workers.
 -> (artifact id: 'a183da45925b4ef6ddb8db06960f059b') in 0.248199 seconds
Number of updated asset objects reloaded before import = 0
Number of asset objects unloaded after import = 11
========================================================================
Received Import Request.
  Time since last request: 0.004400 seconds.
  path: Assets/subModels/Fantasy/wallArch.fbx
  artifactKey: Guid(cf0d0e3b4c2f2bc43bfecab711555048) Importer(815301076,1909f56bfc062723c751e8b465ee728b)
Start importing Assets/subModels/Fantasy/wallArch.fbx using Guid(cf0d0e3b4c2f2bc43bfecab711555048) Importer(815301076,1909f56bfc062723c751e8b465ee728b) [PhysX] Initialized MultithreadedTaskDispatcher with 4 workers.
[PhysX] Initialized MultithreadedTaskDispatcher with 4 workers.
[PhysX] Initialized MultithreadedTaskDispatcher with 4 workers.
[PhysX] Initialized MultithreadedTaskDispatcher with 4 workers.
[PhysX] Initialized MultithreadedTaskDispatcher with 4 workers.
[PhysX] Initialized MultithreadedTaskDispatcher with 4 workers.
 -> (artifact id: 'e6e7e7887c90ff3211b449258e657202') in 0.264689 seconds
Number of updated asset objects reloaded before import = 0
Number of asset objects unloaded after import = 10
========================================================================
Received Import Request.
  Time since last request: 0.001561 seconds.
  path: Assets/subModels/Fantasy/planks.fbx
  artifactKey: Guid(696c863b731031942b923199bcf721ab) Importer(815301076,1909f56bfc062723c751e8b465ee728b)
Start importing Assets/subModels/Fantasy/planks.fbx using Guid(696c863b731031942b923199bcf721ab) Importer(815301076,1909f56bfc062723c751e8b465ee728b) [PhysX] Initialized MultithreadedTaskDispatcher with 4 workers.
[PhysX] Initialized MultithreadedTaskDispatcher with 4 workers.
[PhysX] Initialized MultithreadedTaskDispatcher with 4 workers.
[PhysX] Initialized MultithreadedTaskDispatcher with 4 workers.
 -> (artifact id: '5755da9c2723b6cada36c2eac33b9a21') in 0.179698 seconds
Number of updated asset objects reloaded before import = 0
Number of asset objects unloaded after import = 8
========================================================================
Received Import Request.
  Time since last request: 0.008257 seconds.
  path: Assets/subModels/Fantasy/stairsWoodHandrail.fbx
  artifactKey: Guid(42e66782438c702489b239544fc722d1) Importer(815301076,1909f56bfc062723c751e8b465ee728b)
Start importing Assets/subModels/Fantasy/stairsWoodHandrail.fbx using Guid(42e66782438c702489b239544fc722d1) Importer(815301076,1909f56bfc062723c751e8b465ee728b) [PhysX] Initialized MultithreadedTaskDispatcher with 4 workers.
[PhysX] Initialized MultithreadedTaskDispatcher with 4 workers.
[PhysX] Initialized MultithreadedTaskDispatcher with 4 workers.
[PhysX] Initialized MultithreadedTaskDispatcher with 4 workers.
[PhysX] Initialized MultithreadedTaskDispatcher with 4 workers.
[PhysX] Initialized MultithreadedTaskDispatcher with 4 workers.
[PhysX] Initialized MultithreadedTaskDispatcher with 4 workers.
 -> (artifact id: '900c28a99ed56ef470cec1e90aa83d2c') in 0.363046 seconds
Number of updated asset objects reloaded before import = 0
Number of asset objects unloaded after import = 14
========================================================================
Received Import Request.
  Time since last request: 0.003209 seconds.
  path: Assets/subModels/Fantasy/planksHalf.fbx
  artifactKey: Guid(62bd9351bc589024fa75bc9eb4f00813) Importer(815301076,1909f56bfc062723c751e8b465ee728b)
Start importing Assets/subModels/Fantasy/planksHalf.fbx using Guid(62bd9351bc589024fa75bc9eb4f00813) Importer(815301076,1909f56bfc062723c751e8b465ee728b) [PhysX] Initialized MultithreadedTaskDispatcher with 4 workers.
[PhysX] Initialized MultithreadedTaskDispatcher with 4 workers.
[PhysX] Initialized MultithreadedTaskDispatcher with 4 workers.
[PhysX] Initialized MultithreadedTaskDispatcher with 4 workers.
[PhysX] Initialized MultithreadedTaskDispatcher with 4 workers.
[PhysX] Initialized MultithreadedTaskDispatcher with 4 workers.
 -> (artifact id: 'd8ca29a2fe702c41b1067bb342a8cff4') in 0.271287 seconds
Number of updated asset objects reloaded before import = 0
Number of asset objects unloaded after import = 11
========================================================================
Received Import Request.
  Time since last request: 8.511733 seconds.
  path: Assets/subModels/Castle/flagBannerShort.fbx
  artifactKey: Guid(f8586b11bd332894481667448785f251) Importer(815301076,1909f56bfc062723c751e8b465ee728b)
Start importing Assets/subModels/Castle/flagBannerShort.fbx using Guid(f8586b11bd332894481667448785f251) Importer(815301076,1909f56bfc062723c751e8b465ee728b) [PhysX] Initialized MultithreadedTaskDispatcher with 4 workers.
[PhysX] Initialized MultithreadedTaskDispatcher with 4 workers.
[PhysX] Initialized MultithreadedTaskDispatcher with 4 workers.
 -> (artifact id: 'cbdacfede331f52c06458cd06e025a19') in 0.110119 seconds
Number of updated asset objects reloaded before import = 0
Number of asset objects unloaded after import = 9
========================================================================
Received Import Request.
  Time since last request: 0.002248 seconds.
  path: Assets/subModels/Castle/siegeBallista.fbx
  artifactKey: Guid(15590369d6c0b4145aa2e88982ebe47f) Importer(815301076,1909f56bfc062723c751e8b465ee728b)
Start importing Assets/subModels/Castle/siegeBallista.fbx using Guid(15590369d6c0b4145aa2e88982ebe47f) Importer(815301076,1909f56bfc062723c751e8b465ee728b) [PhysX] Initialized MultithreadedTaskDispatcher with 4 workers.
[PhysX] Initialized MultithreadedTaskDispatcher with 4 workers.
[PhysX] Initialized MultithreadedTaskDispatcher with 4 workers.
[PhysX] Initialized MultithreadedTaskDispatcher with 4 workers.
[PhysX] Initialized MultithreadedTaskDispatcher with 4 workers.
[PhysX] Initialized MultithreadedTaskDispatcher with 4 workers.
[PhysX] Initialized MultithreadedTaskDispatcher with 4 workers.
[PhysX] Initialized MultithreadedTaskDispatcher with 4 workers.
[PhysX] Initialized MultithreadedTaskDispatcher with 4 workers.
[PhysX] Initialized MultithreadedTaskDispatcher with 4 workers.
[PhysX] Initialized MultithreadedTaskDispatcher with 4 workers.
[PhysX] Initialized MultithreadedTaskDispatcher with 4 workers.
[PhysX] Initialized MultithreadedTaskDispatcher with 4 workers.
[PhysX] Initialized MultithreadedTaskDispatcher with 4 workers.
 -> (artifact id: '06e7944b8cf74a046028d94770d2f97c') in 0.539798 seconds
Number of updated asset objects reloaded before import = 0
Number of asset objects unloaded after import = 38
========================================================================
Received Import Request.
  Time since last request: 0.002190 seconds.
  path: Assets/subModels/Castle/king.fbx
  artifactKey: Guid(2dd7f16c519ef2148b317fe9f6e407e4) Importer(815301076,1909f56bfc062723c751e8b465ee728b)
Start importing Assets/subModels/Castle/king.fbx using Guid(2dd7f16c519ef2148b317fe9f6e407e4) Importer(815301076,1909f56bfc062723c751e8b465ee728b) [PhysX] Initialized MultithreadedTaskDispatcher with 4 workers.
[PhysX] Initialized MultithreadedTaskDispatcher with 4 workers.
[PhysX] Initialized MultithreadedTaskDispatcher with 4 workers.
[PhysX] Initialized MultithreadedTaskDispatcher with 4 workers.
[PhysX] Initialized MultithreadedTaskDispatcher with 4 workers.
[PhysX] Initialized MultithreadedTaskDispatcher with 4 workers.
[PhysX] Initialized MultithreadedTaskDispatcher with 4 workers.
[PhysX] Initialized MultithreadedTaskDispatcher with 4 workers.
[PhysX] Initialized MultithreadedTaskDispatcher with 4 workers.
 -> (artifact id: '9493c50dcd30242e43a2e0ef77ea0f3a') in 0.349528 seconds
Number of updated asset objects reloaded before import = 0
Number of asset objects unloaded after import = 26
========================================================================
Received Import Request.
  Time since last request: 0.004179 seconds.
  path: Assets/subModels/Castle/shieldBlue.fbx
  artifactKey: Guid(f98840ef68ee6454a9cef50d9578bb0d) Importer(815301076,1909f56bfc062723c751e8b465ee728b)
Start importing Assets/subModels/Castle/shieldBlue.fbx using Guid(f98840ef68ee6454a9cef50d9578bb0d) Importer(815301076,1909f56bfc062723c751e8b465ee728b) [PhysX] Initialized MultithreadedTaskDispatcher with 4 workers.
[PhysX] Initialized MultithreadedTaskDispatcher with 4 workers.
[PhysX] Initialized MultithreadedTaskDispatcher with 4 workers.
 -> (artifact id: '94ff6080a50af923e136edba50fbd3ba') in 0.123094 seconds
Number of updated asset objects reloaded before import = 0
Number of asset objects unloaded after import = 9
========================================================================
Received Import Request.
  Time since last request: 0.002531 seconds.
  path: Assets/subModels/Castle/towerSquareMid.fbx
  artifactKey: Guid(6df3ba0f103b3b544a2408d78f8585d6) Importer(815301076,1909f56bfc062723c751e8b465ee728b)
Start importing Assets/subModels/Castle/towerSquareMid.fbx using Guid(6df3ba0f103b3b544a2408d78f8585d6) Importer(815301076,1909f56bfc062723c751e8b465ee728b) [PhysX] Initialized MultithreadedTaskDispatcher with 4 workers.
[PhysX] Initialized MultithreadedTaskDispatcher with 4 workers.
[PhysX] Initialized MultithreadedTaskDispatcher with 4 workers.
 -> (artifact id: '4cf46bf674d5cd6b2583936215544609') in 0.137244 seconds
Number of updated asset objects reloaded before import = 0
Number of asset objects unloaded after import = 9
========================================================================
Received Import Request.
  Time since last request: 0.003651 seconds.
  path: Assets/subModels/Castle/towerBalcony.fbx
  artifactKey: Guid(5e293706e5ce1794ebdb8d81959e37af) Importer(815301076,1909f56bfc062723c751e8b465ee728b)
Start importing Assets/subModels/Castle/towerBalcony.fbx using Guid(5e293706e5ce1794ebdb8d81959e37af) Importer(815301076,1909f56bfc062723c751e8b465ee728b) [PhysX] Initialized MultithreadedTaskDispatcher with 4 workers.
[PhysX] Initialized MultithreadedTaskDispatcher with 4 workers.
[PhysX] Initialized MultithreadedTaskDispatcher with 4 workers.
 -> (artifact id: '1d3f8a29f56acea7f92c20d0f96ee696') in 0.169912 seconds
Number of updated asset objects reloaded before import = 0
Number of asset objects unloaded after import = 9
========================================================================
Received Import Request.
  Time since last request: 0.003206 seconds.
  path: Assets/subModels/Castle/sword.fbx
  artifactKey: Guid(098a2f857383e0149b80435e42f8fa48) Importer(815301076,1909f56bfc062723c751e8b465ee728b)
Start importing Assets/subModels/Castle/sword.fbx using Guid(098a2f857383e0149b80435e42f8fa48) Importer(815301076,1909f56bfc062723c751e8b465ee728b) [PhysX] Initialized MultithreadedTaskDispatcher with 4 workers.
[PhysX] Initialized MultithreadedTaskDispatcher with 4 workers.
[PhysX] Initialized MultithreadedTaskDispatcher with 4 workers.
 -> (artifact id: 'b444d63ea168b2849a2d013e99a40940') in 0.171821 seconds
Number of updated asset objects reloaded before import = 0
Number of asset objects unloaded after import = 9
========================================================================
Received Import Request.
  Time since last request: 0.463420 seconds.
  path: Assets/subModels/Castle/Materials/healer.mat
  artifactKey: Guid(b0c71e43bd7b09140b2af1659ba053b4) Importer(815301076,1909f56bfc062723c751e8b465ee728b)
Start importing Assets/subModels/Castle/Materials/healer.mat using Guid(b0c71e43bd7b09140b2af1659ba053b4) Importer(815301076,1909f56bfc062723c751e8b465ee728b) [PhysX] Initialized MultithreadedTaskDispatcher with 4 workers.
[PhysX] Initialized MultithreadedTaskDispatcher with 4 workers.
 -> (artifact id: '466bddef2a65ff6a40066f92a7eab805') in 0.178546 seconds
Number of updated asset objects reloaded before import = 0
Number of asset objects unloaded after import = 2
========================================================================
Received Import Request.
  Time since last request: 0.004505 seconds.
  path: Assets/subModels/Castle/Materials/orc.mat
  artifactKey: Guid(d72b823faad878f4aa959c1d3c82d6b1) Importer(815301076,1909f56bfc062723c751e8b465ee728b)
Start importing Assets/subModels/Castle/Materials/orc.mat using Guid(d72b823faad878f4aa959c1d3c82d6b1) Importer(815301076,1909f56bfc062723c751e8b465ee728b) [PhysX] Initialized MultithreadedTaskDispatcher with 4 workers.
[PhysX] Initialized MultithreadedTaskDispatcher with 4 workers.
 -> (artifact id: '34ae669c9b110cb186a0aeec9e1b764b') in 0.164996 seconds
Number of updated asset objects reloaded before import = 0
Number of asset objects unloaded after import = 2
========================================================================
Received Import Request.
  Time since last request: 0.473521 seconds.
  path: Assets/subModels/Castle/Textures/healer.png
  artifactKey: Guid(8a2b83ff025b2244cabb818e006ab23d) Importer(815301076,1909f56bfc062723c751e8b465ee728b)
Start importing Assets/subModels/Castle/Textures/healer.png using Guid(8a2b83ff025b2244cabb818e006ab23d) Importer(815301076,1909f56bfc062723c751e8b465ee728b) [PhysX] Initialized MultithreadedTaskDispatcher with 4 workers.
[PhysX] Initialized MultithreadedTaskDispatcher with 4 workers.
 -> (artifact id: '0b694f5cda4023f557500b131cf3d44a') in 0.130532 seconds
Number of updated asset objects reloaded before import = 0
Number of asset objects unloaded after import = 2
========================================================================
Received Import Request.
  Time since last request: 0.000039 seconds.
  path: Assets/subModels/Castle/Textures/villager.png
  artifactKey: Guid(d5b770798bf5452418bab02d92eefff8) Importer(815301076,1909f56bfc062723c751e8b465ee728b)
Start importing Assets/subModels/Castle/Textures/villager.png using Guid(d5b770798bf5452418bab02d92eefff8) Importer(815301076,1909f56bfc062723c751e8b465ee728b) [PhysX] Initialized MultithreadedTaskDispatcher with 4 workers.
[PhysX] Initialized MultithreadedTaskDispatcher with 4 workers.
 -> (artifact id: 'cfa3a01f5bb36ba3d075281bde297ea5') in 0.122518 seconds
Number of updated asset objects reloaded before import = 0
Number of asset objects unloaded after import = 2
========================================================================
Received Import Request.
  Time since last request: 2.426651 seconds.
  path: Assets/subModels/crop_carrot.fbx
  artifactKey: Guid(e05c7a12d789fb044afe856ccdc3ce03) Importer(815301076,1909f56bfc062723c751e8b465ee728b)
Start importing Assets/subModels/crop_carrot.fbx using Guid(e05c7a12d789fb044afe856ccdc3ce03) Importer(815301076,1909f56bfc062723c751e8b465ee728b) [PhysX] Initialized MultithreadedTaskDispatcher with 4 workers.
[PhysX] Initialized MultithreadedTaskDispatcher with 4 workers.
[PhysX] Initialized MultithreadedTaskDispatcher with 4 workers.
[PhysX] Initialized MultithreadedTaskDispatcher with 4 workers.
[PhysX] Initialized MultithreadedTaskDispatcher with 4 workers.
 -> (artifact id: '6686b385aa9502a938ef60ae09763999') in 0.199998 seconds
Number of updated asset objects reloaded before import = 0
Number of asset objects unloaded after import = 9
========================================================================
Received Import Request.
  Time since last request: 0.001280 seconds.
  path: Assets/subModels/naturePack_025.obj
  artifactKey: Guid(ceb5dc489a3122b4c8ea890bf1f45015) Importer(815301076,1909f56bfc062723c751e8b465ee728b)
Start importing Assets/subModels/naturePack_025.obj using Guid(ceb5dc489a3122b4c8ea890bf1f45015) Importer(815301076,1909f56bfc062723c751e8b465ee728b) [PhysX] Initialized MultithreadedTaskDispatcher with 4 workers.
[PhysX] Initialized MultithreadedTaskDispatcher with 4 workers.
[PhysX] Initialized MultithreadedTaskDispatcher with 4 workers.
[PhysX] Initialized MultithreadedTaskDispatcher with 4 workers.
 -> (artifact id: 'd4ef5b61b96fc466f395e4eedf72b56d') in 0.187779 seconds
Number of updated asset objects reloaded before import = 0
Number of asset objects unloaded after import = 10
========================================================================
Received Import Request.
  Time since last request: 0.002978 seconds.
  path: Assets/subModels/crop_pumpkin.fbx
  artifactKey: Guid(269ebfa583194ee48a107af8fb0b000d) Importer(815301076,1909f56bfc062723c751e8b465ee728b)
Start importing Assets/subModels/crop_pumpkin.fbx using Guid(269ebfa583194ee48a107af8fb0b000d) Importer(815301076,1909f56bfc062723c751e8b465ee728b) [PhysX] Initialized MultithreadedTaskDispatcher with 4 workers.
[PhysX] Initialized MultithreadedTaskDispatcher with 4 workers.
[PhysX] Initialized MultithreadedTaskDispatcher with 4 workers.
[PhysX] Initialized MultithreadedTaskDispatcher with 4 workers.
[PhysX] Initialized MultithreadedTaskDispatcher with 4 workers.
 -> (artifact id: 'd88b561a47b2dc6d40fbb47f77fea0f7') in 0.252231 seconds
Number of updated asset objects reloaded before import = 0
Number of asset objects unloaded after import = 9
========================================================================
Received Import Request.
  Time since last request: 0.001386 seconds.
  path: Assets/subModels/crops_dirtDoubleRowEnd.fbx
  artifactKey: Guid(601d462c27f0d8147b284e02a623fa60) Importer(815301076,1909f56bfc062723c751e8b465ee728b)
Start importing Assets/subModels/crops_dirtDoubleRowEnd.fbx using Guid(601d462c27f0d8147b284e02a623fa60) Importer(815301076,1909f56bfc062723c751e8b465ee728b) [PhysX] Initialized MultithreadedTaskDispatcher with 4 workers.
[PhysX] Initialized MultithreadedTaskDispatcher with 4 workers.
[PhysX] Initialized MultithreadedTaskDispatcher with 4 workers.
[PhysX] Initialized MultithreadedTaskDispatcher with 4 workers.
[PhysX] Initialized MultithreadedTaskDispatcher with 4 workers.
 -> (artifact id: 'b6a07e4a60efde1d37424fd6fab35552') in 0.222244 seconds
Number of updated asset objects reloaded before import = 0
Number of asset objects unloaded after import = 9
========================================================================
Received Import Request.
  Time since last request: 3.636087 seconds.
  path: Assets/Models/Units/Catapult.prefab
  artifactKey: Guid(a02f5a82d08043a449bb416979e520e2) Importer(815301076,1909f56bfc062723c751e8b465ee728b)
Start importing Assets/Models/Units/Catapult.prefab using Guid(a02f5a82d08043a449bb416979e520e2) Importer(815301076,1909f56bfc062723c751e8b465ee728b) [PhysX] Initialized MultithreadedTaskDispatcher with 4 workers.
[PhysX] Initialized MultithreadedTaskDispatcher with 4 workers.
 -> (artifact id: '5ef3d93abc800ef70ee92d2cea37b80c') in 0.435486 seconds
Number of updated asset objects reloaded before import = 0
Number of asset objects unloaded after import = 62
========================================================================
Received Import Request.
  Time since last request: 1.149383 seconds.
  path: Assets/Models/Resources/tree_resource_model.prefab
  artifactKey: Guid(c2c69f8104c371c4a9ff5d159de70649) Importer(815301076,1909f56bfc062723c751e8b465ee728b)
Start importing Assets/Models/Resources/tree_resource_model.prefab using Guid(c2c69f8104c371c4a9ff5d159de70649) Importer(815301076,1909f56bfc062723c751e8b465ee728b) [PhysX] Initialized MultithreadedTaskDispatcher with 4 workers.
[PhysX] Initialized MultithreadedTaskDispatcher with 4 workers.
 -> (artifact id: '8b3b4f10dd06278ce750727c5b1f009e') in 0.112005 seconds
Number of updated asset objects reloaded before import = 0
Number of asset objects unloaded after import = 11
========================================================================
Received Import Request.
  Time since last request: 1.388953 seconds.
  path: Assets/Models/Buildings/granary_model.prefab
  artifactKey: Guid(5acbb84af993e2b4f9fd2a8aecdd13e3) Importer(815301076,1909f56bfc062723c751e8b465ee728b)
Start importing Assets/Models/Buildings/granary_model.prefab using Guid(5acbb84af993e2b4f9fd2a8aecdd13e3) Importer(815301076,1909f56bfc062723c751e8b465ee728b) [PhysX] Initialized MultithreadedTaskDispatcher with 4 workers.
[PhysX] Initialized MultithreadedTaskDispatcher with 4 workers.
 -> (artifact id: '79817ca894d900b1278a45be09aa81b0') in 0.268947 seconds
Number of updated asset objects reloaded before import = 0
Number of asset objects unloaded after import = 213
========================================================================
Received Import Request.
  Time since last request: 0.001271 seconds.
  path: Assets/Models/Buildings/university_model.prefab
  artifactKey: Guid(9b85e60c5088c9247867bb77b3089a80) Importer(815301076,1909f56bfc062723c751e8b465ee728b)
Start importing Assets/Models/Buildings/university_model.prefab using Guid(9b85e60c5088c9247867bb77b3089a80) Importer(815301076,1909f56bfc062723c751e8b465ee728b) [PhysX] Initialized MultithreadedTaskDispatcher with 4 workers.
[PhysX] Initialized MultithreadedTaskDispatcher with 4 workers.
 -> (artifact id: '22c866720e0211993114a49f83e962c8') in 0.151645 seconds
Number of updated asset objects reloaded before import = 0
Number of asset objects unloaded after import = 158
========================================================================
Received Import Request.
  Time since last request: 0.002918 seconds.
  path: Assets/Models/Buildings/tower_level1_model.prefab
  artifactKey: Guid(9a7d3b51deaf30a4ab3f08dddbe5e949) Importer(815301076,1909f56bfc062723c751e8b465ee728b)
Start importing Assets/Models/Buildings/tower_level1_model.prefab using Guid(9a7d3b51deaf30a4ab3f08dddbe5e949) Importer(815301076,1909f56bfc062723c751e8b465ee728b) [PhysX] Initialized MultithreadedTaskDispatcher with 4 workers.
[PhysX] Initialized MultithreadedTaskDispatcher with 4 workers.
 -> (artifact id: '3a4827e3fa8995512eee65f73cf5ec54') in 0.161279 seconds
Number of updated asset objects reloaded before import = 0
Number of asset objects unloaded after import = 40
========================================================================
Received Import Request.
  Time since last request: 158.371000 seconds.
  path: Assets/UI/Textures/Buttons
  artifactKey: Guid(734ba9863c521504ca47ced2f84738a6) Importer(815301076,1909f56bfc062723c751e8b465ee728b)
Start importing Assets/UI/Textures/Buttons using Guid(734ba9863c521504ca47ced2f84738a6) Importer(815301076,1909f56bfc062723c751e8b465ee728b) [PhysX] Initialized MultithreadedTaskDispatcher with 4 workers.
 -> (artifact id: '72e5839a422a1e889482d11b37b9ecef') in 0.002195 seconds
Number of updated asset objects reloaded before import = 0
Number of asset objects unloaded after import = 0
