Using pre-set license
Built from '2022.3/release' branch; Version is '2022.3.48f1 (8bf49c377ebf) revision 9172124'; Using compiler version '192829333'; Build Type 'Release'
OS: 'Windows 10  (10.0.19045) 64bit Core' Language: 'ru' Physical Memory: 7834 MB
BatchMode: 1, IsHumanControllingUs: 0, StartBugReporterOnCrash: 0, Is64bit: 1, IsPro: 1

COMMAND LINE ARGUMENTS:
C:\Program Files\Unity\Hub\Editor\2022.3.48f1\Editor\Unity.exe
-adb2
-batchMode
-noUpm
-name
AssetImportWorker0
-projectPath
C:/Users/Пользователь/Documents/GitHub/armen_0/RTS 2024(1)
-logFile
Logs/AssetImportWorker0.log
-srvPort
51988
Successfully changed project path to: C:/Users/Пользователь/Documents/GitHub/armen_0/RTS 2024(1)
C:/Users/Пользователь/Documents/GitHub/armen_0/RTS 2024(1)
[UnityMemory] Configuration Parameters - Can be set up in boot.config
    "memorysetup-bucket-allocator-granularity=16"
    "memorysetup-bucket-allocator-bucket-count=8"
    "memorysetup-bucket-allocator-block-size=33554432"
    "memorysetup-bucket-allocator-block-count=8"
    "memorysetup-main-allocator-block-size=16777216"
    "memorysetup-thread-allocator-block-size=16777216"
    "memorysetup-gfx-main-allocator-block-size=16777216"
    "memorysetup-gfx-thread-allocator-block-size=16777216"
    "memorysetup-cache-allocator-block-size=4194304"
    "memorysetup-typetree-allocator-block-size=2097152"
    "memorysetup-profiler-bucket-allocator-granularity=16"
    "memorysetup-profiler-bucket-allocator-bucket-count=8"
    "memorysetup-profiler-bucket-allocator-block-size=33554432"
    "memorysetup-profiler-bucket-allocator-block-count=8"
    "memorysetup-profiler-allocator-block-size=16777216"
    "memorysetup-profiler-editor-allocator-block-size=1048576"
    "memorysetup-temp-allocator-size-main=16777216"
    "memorysetup-job-temp-allocator-block-size=2097152"
    "memorysetup-job-temp-allocator-block-size-background=1048576"
    "memorysetup-job-temp-allocator-reduction-small-platforms=262144"
    "memorysetup-allocator-temp-initial-block-size-main=262144"
    "memorysetup-allocator-temp-initial-block-size-worker=262144"
    "memorysetup-temp-allocator-size-background-worker=32768"
    "memorysetup-temp-allocator-size-job-worker=262144"
    "memorysetup-temp-allocator-size-preload-manager=33554432"
    "memorysetup-temp-allocator-size-nav-mesh-worker=65536"
    "memorysetup-temp-allocator-size-audio-worker=65536"
    "memorysetup-temp-allocator-size-cloud-worker=32768"
    "memorysetup-temp-allocator-size-gi-baking-worker=262144"
    "memorysetup-temp-allocator-size-gfx=262144"
Player connection [12600]  Target information:

Player connection [12600]  * "[IP] 26.130.219.45 [Port] 0 [Flags] 2 [Guid] 2408236326 [EditorId] 2408236326 [Version] 1048832 [Id] WindowsEditor(7,DESKTOP-R1QI086) [Debug] 1 [PackageName] WindowsEditor [ProjectName] Editor" 

Player connection [12600] Host joined multi-casting on [225.0.0.222:54997]...
Player connection [12600] Host joined alternative multi-casting on [225.0.0.222:34997]...
[PhysX] Initialized MultithreadedTaskDispatcher with 4 workers.
Refreshing native plugins compatible for Editor in 35.18 ms, found 3 plugins.
Preloading 0 native plugins for Editor in 0.00 ms.
Initialize engine version: 2022.3.48f1 (8bf49c377ebf)
[Subsystems] Discovering subsystems at path C:/Program Files/Unity/Hub/Editor/2022.3.48f1/Editor/Data/Resources/UnitySubsystems
[Subsystems] Discovering subsystems at path C:/Users/Пользователь/Documents/GitHub/armen_0/RTS 2024(1)/Assets
GfxDevice: creating device client; threaded=0; jobified=0
Direct3D:
    Version:  Direct3D 11.0 [level 11.1]
    Renderer: Intel(R) UHD Graphics (ID=0x9a78)
    Vendor:   Intel
    VRAM:     3917 MB
    Driver:   27.20.100.8935
Initialize mono
Mono path[0] = 'C:/Program Files/Unity/Hub/Editor/2022.3.48f1/Editor/Data/Managed'
Mono path[1] = 'C:/Program Files/Unity/Hub/Editor/2022.3.48f1/Editor/Data/MonoBleedingEdge/lib/mono/unityjit-win32'
Mono config path = 'C:/Program Files/Unity/Hub/Editor/2022.3.48f1/Editor/Data/MonoBleedingEdge/etc'
Using monoOptions --debugger-agent=transport=dt_socket,embedding=1,server=y,suspend=n,address=127.0.0.1:56784
Begin MonoManager ReloadAssembly
Registering precompiled unity dll's ...
Register platform support module: C:/Program Files/Unity/Hub/Editor/2022.3.48f1/Editor/Data/PlaybackEngines/WindowsStandaloneSupport/UnityEditor.WindowsStandalone.Extensions.dll
Registered in 0.022132 seconds.
- Loaded All Assemblies, in  2.166 seconds
Native extension for WindowsStandalone target not found
Mono: successfully reloaded assembly
- Finished resetting the current domain, in  1.569 seconds
Domain Reload Profiling: 3715ms
	BeginReloadAssembly (777ms)
		ExecutionOrderSort (0ms)
		DisableScriptedObjects (0ms)
		BackupInstance (0ms)
		ReleaseScriptingObjects (0ms)
		CreateAndSetChildDomain (1ms)
	RebuildCommonClasses (249ms)
	RebuildNativeTypeToScriptingClass (50ms)
	initialDomainReloadingComplete (265ms)
	LoadAllAssembliesAndSetupDomain (804ms)
		LoadAssemblies (775ms)
		RebuildTransferFunctionScriptingTraits (0ms)
		AnalyzeDomain (794ms)
			TypeCache.Refresh (778ms)
				TypeCache.ScanAssembly (715ms)
			ScanForSourceGeneratedMonoScriptInfo (6ms)
			ResolveRequiredComponents (5ms)
	FinalizeReload (1570ms)
		ReleaseScriptCaches (0ms)
		RebuildScriptCaches (0ms)
		SetupLoadedEditorAssemblies (1378ms)
			LogAssemblyErrors (0ms)
			InitializePlatformSupportModulesInManaged (67ms)
			SetLoadedEditorAssemblies (40ms)
			RefreshPlugins (0ms)
			BeforeProcessingInitializeOnLoad (7ms)
			ProcessInitializeOnLoadAttributes (1005ms)
			ProcessInitializeOnLoadMethodAttributes (259ms)
			AfterProcessingInitializeOnLoad (0ms)
			EditorAssembliesLoaded (0ms)
		ExecutionOrderSort2 (0ms)
		AwakeInstancesAfterBackupRestoration (0ms)
========================================================================
Worker process is ready to serve import requests
Caller must complete domain reload
Begin MonoManager ReloadAssembly
- Loaded All Assemblies, in  4.591 seconds
Native extension for WindowsStandalone target not found
Package Manager log level set to [2]
[Package Manager] Server::EnsureServerProcessIsRunning -- launch failed, reason: Unity was launched with the -noUpm command-line argument
[Package Manager] UpmClient::Send -- Unable to send message (not connected to UPM process).
[Package Manager] Cannot connect to Unity Package Manager local server
Mono: successfully reloaded assembly
- Finished resetting the current domain, in  5.854 seconds
Domain Reload Profiling: 10438ms
	BeginReloadAssembly (1090ms)
		ExecutionOrderSort (0ms)
		DisableScriptedObjects (111ms)
		BackupInstance (0ms)
		ReleaseScriptingObjects (1ms)
		CreateAndSetChildDomain (126ms)
	RebuildCommonClasses (212ms)
	RebuildNativeTypeToScriptingClass (61ms)
	initialDomainReloadingComplete (229ms)
	LoadAllAssembliesAndSetupDomain (2991ms)
		LoadAssemblies (1647ms)
		RebuildTransferFunctionScriptingTraits (0ms)
		AnalyzeDomain (1836ms)
			TypeCache.Refresh (1647ms)
				TypeCache.ScanAssembly (1571ms)
			ScanForSourceGeneratedMonoScriptInfo (103ms)
			ResolveRequiredComponents (63ms)
	FinalizeReload (5857ms)
		ReleaseScriptCaches (0ms)
		RebuildScriptCaches (0ms)
		SetupLoadedEditorAssemblies (4389ms)
			LogAssemblyErrors (0ms)
			InitializePlatformSupportModulesInManaged (30ms)
			SetLoadedEditorAssemblies (10ms)
			RefreshPlugins (0ms)
			BeforeProcessingInitializeOnLoad (234ms)
			ProcessInitializeOnLoadAttributes (3920ms)
			ProcessInitializeOnLoadMethodAttributes (126ms)
			AfterProcessingInitializeOnLoad (61ms)
			EditorAssembliesLoaded (7ms)
		ExecutionOrderSort2 (0ms)
		AwakeInstancesAfterBackupRestoration (68ms)
Launched and connected shader compiler UnityShaderCompiler.exe after 0.18 seconds
Refreshing native plugins compatible for Editor in 10.31 ms, found 3 plugins.
Preloading 0 native plugins for Editor in 0.00 ms.
Unloading 3089 Unused Serialized files (Serialized files now loaded: 0)
Unloading 19 unused Assets / (54.5 KB). Loaded Objects now: 3556.
Memory consumption went from 118.0 MB to 118.0 MB.
Total: 6.509500 ms (FindLiveObjects: 0.450500 ms CreateObjectMapping: 0.197100 ms MarkObjects: 5.603100 ms  DeleteObjects: 0.256200 ms)

AssetImportParameters requested are different than current active one (requested -> active):
  custom:container-demuxer-ogg: 62fdf1f143b41e24485cea50d1cbac27 -> 
  custom:video-decoder-ogg-theora: a1e56fd34408186e4bbccfd4996cb3dc -> 
  custom:framework-win-MediaFoundation: 216162199b28c13a410421893ffa2e32 -> 
  custom:CustomObjectIndexerAttribute: 9a22284fe3817be447336de3de66b15e -> 
  custom:container-demuxer-webm: 4f35f7cbe854078d1ac9338744f61a02 -> 
  custom:container-muxer-webm: aa71ff27fc2769a1b78a27578f13a17b -> 
  custom:video-decoder-webm-vp8: 9c59270c3fd7afecdb556c50c9e8de78 -> 
  custom:SearchIndexIgnoredProperties: e643bd26f0fe6173181afceb89e7c659 -> 
  custom:AudioImporter_EditorPlatform: d09bf68614088b80899f8185d706f6e7 -> 
  custom:video-encoder-webm-vp8: eb34c28f22e8b96e1ab97ce403110664 -> 
  custom:audio-decoder-ogg-vorbis: bf7c407c2cedff20999df2af8eb42d56 -> 
  custom:audio-encoder-webm-vorbis: bf7c407c2cedff20999df2af8eb42d56 -> 
========================================================================
Received Import Request.
  Time since last request: 94132.487025 seconds.
  path: Assets/UI/Textures/Icons/buttonLong_blue_pressed.png
  artifactKey: Guid(0d07b99436805624693cb9d4172432d8) Importer(815301076,1909f56bfc062723c751e8b465ee728b)
Start importing Assets/UI/Textures/Icons/buttonLong_blue_pressed.png using Guid(0d07b99436805624693cb9d4172432d8) Importer(815301076,1909f56bfc062723c751e8b465ee728b) [PhysX] Initialized MultithreadedTaskDispatcher with 4 workers.
[PhysX] Initialized MultithreadedTaskDispatcher with 4 workers.
 -> (artifact id: 'd9f67169981eb55a0c7547dbdbe83b8b') in 0.564492 seconds
Number of updated asset objects reloaded before import = 0
Number of asset objects unloaded after import = 3
========================================================================
Received Import Request.
  Time since last request: 0.000872 seconds.
  path: Assets/UI/Textures/Bars/FillOrange.png
  artifactKey: Guid(d30c85b5be7ea81409835780b964e0b7) Importer(815301076,1909f56bfc062723c751e8b465ee728b)
Start importing Assets/UI/Textures/Bars/FillOrange.png using Guid(d30c85b5be7ea81409835780b964e0b7) Importer(815301076,1909f56bfc062723c751e8b465ee728b) [PhysX] Initialized MultithreadedTaskDispatcher with 4 workers.
[PhysX] Initialized MultithreadedTaskDispatcher with 4 workers.
 -> (artifact id: '578aebc558ee72fb72ee950103b63144') in 0.068675 seconds
Number of updated asset objects reloaded before import = 0
Number of asset objects unloaded after import = 3
========================================================================
Received Import Request.
  Time since last request: 0.000029 seconds.
  path: Assets/UI/Textures/Buttons/ToggleGold.png
  artifactKey: Guid(b30d1ea06a8fe4943b2a886f793baf52) Importer(815301076,1909f56bfc062723c751e8b465ee728b)
Start importing Assets/UI/Textures/Buttons/ToggleGold.png using Guid(b30d1ea06a8fe4943b2a886f793baf52) Importer(815301076,1909f56bfc062723c751e8b465ee728b) [PhysX] Initialized MultithreadedTaskDispatcher with 4 workers.
[PhysX] Initialized MultithreadedTaskDispatcher with 4 workers.
 -> (artifact id: 'f1e87362ba34ff49624a4f0450e0fe9e') in 0.059659 seconds
Number of updated asset objects reloaded before import = 0
Number of asset objects unloaded after import = 3
========================================================================
Received Import Request.
  Time since last request: 0.000081 seconds.
  path: Assets/UI/Textures/Panels/TitleBarGold.png
  artifactKey: Guid(abc0d79f79fb1d84c80a5a47403cbea9) Importer(815301076,1909f56bfc062723c751e8b465ee728b)
Start importing Assets/UI/Textures/Panels/TitleBarGold.png using Guid(abc0d79f79fb1d84c80a5a47403cbea9) Importer(815301076,1909f56bfc062723c751e8b465ee728b) [PhysX] Initialized MultithreadedTaskDispatcher with 4 workers.
[PhysX] Initialized MultithreadedTaskDispatcher with 4 workers.
 -> (artifact id: '955908691a4b548a17c83187e0332546') in 0.057749 seconds
Number of updated asset objects reloaded before import = 0
Number of asset objects unloaded after import = 3
========================================================================
Received Import Request.
  Time since last request: 0.000029 seconds.
  path: Assets/UI/Textures/Icons/ArrowSmallUpBrown.png
  artifactKey: Guid(99627833d18721c4cbbbed18095356d2) Importer(815301076,1909f56bfc062723c751e8b465ee728b)
Start importing Assets/UI/Textures/Icons/ArrowSmallUpBrown.png using Guid(99627833d18721c4cbbbed18095356d2) Importer(815301076,1909f56bfc062723c751e8b465ee728b) [PhysX] Initialized MultithreadedTaskDispatcher with 4 workers.
[PhysX] Initialized MultithreadedTaskDispatcher with 4 workers.
 -> (artifact id: 'f3091eb7204b1649eb50c5e81337b015') in 0.094983 seconds
Number of updated asset objects reloaded before import = 0
Number of asset objects unloaded after import = 3
========================================================================
Received Import Request.
  Time since last request: 0.000443 seconds.
  path: Assets/UI/Textures/Icons/barracks_level1_icon.png
  artifactKey: Guid(dbdad8c973f51e944ae97f59124817d6) Importer(815301076,1909f56bfc062723c751e8b465ee728b)
Start importing Assets/UI/Textures/Icons/barracks_level1_icon.png using Guid(dbdad8c973f51e944ae97f59124817d6) Importer(815301076,1909f56bfc062723c751e8b465ee728b) [PhysX] Initialized MultithreadedTaskDispatcher with 4 workers.
[PhysX] Initialized MultithreadedTaskDispatcher with 4 workers.
 -> (artifact id: '311074a136f03ebc9ed1409891df1963') in 0.111418 seconds
Number of updated asset objects reloaded before import = 0
Number of asset objects unloaded after import = 3
========================================================================
Received Import Request.
  Time since last request: 0.001043 seconds.
  path: Assets/UI/Textures/Panels/Window.png
  artifactKey: Guid(63655f4cc96936340989153c4eccea19) Importer(815301076,1909f56bfc062723c751e8b465ee728b)
Start importing Assets/UI/Textures/Panels/Window.png using Guid(63655f4cc96936340989153c4eccea19) Importer(815301076,1909f56bfc062723c751e8b465ee728b) [PhysX] Initialized MultithreadedTaskDispatcher with 4 workers.
[PhysX] Initialized MultithreadedTaskDispatcher with 4 workers.
 -> (artifact id: '77236c2db516fc1cf9d0c372a53944b8') in 0.075632 seconds
Number of updated asset objects reloaded before import = 0
Number of asset objects unloaded after import = 3
========================================================================
Received Import Request.
  Time since last request: 0.000029 seconds.
  path: Assets/UI/Textures/Buttons/ToggleOn.png
  artifactKey: Guid(5e804e0abab1c354f8002513abee5069) Importer(815301076,1909f56bfc062723c751e8b465ee728b)
Start importing Assets/UI/Textures/Buttons/ToggleOn.png using Guid(5e804e0abab1c354f8002513abee5069) Importer(815301076,1909f56bfc062723c751e8b465ee728b) [PhysX] Initialized MultithreadedTaskDispatcher with 4 workers.
[PhysX] Initialized MultithreadedTaskDispatcher with 4 workers.
 -> (artifact id: '0aa31634b7651c55073c2a9b2ec65cea') in 0.079770 seconds
Number of updated asset objects reloaded before import = 0
Number of asset objects unloaded after import = 3
========================================================================
Received Import Request.
  Time since last request: 0.000107 seconds.
  path: Assets/UI/Textures/Buttons/ToggleOff.png
  artifactKey: Guid(3d130df3f3d4cb94b8e8ce0f493841dd) Importer(815301076,1909f56bfc062723c751e8b465ee728b)
Start importing Assets/UI/Textures/Buttons/ToggleOff.png using Guid(3d130df3f3d4cb94b8e8ce0f493841dd) Importer(815301076,1909f56bfc062723c751e8b465ee728b) [PhysX] Initialized MultithreadedTaskDispatcher with 4 workers.
[PhysX] Initialized MultithreadedTaskDispatcher with 4 workers.
 -> (artifact id: '40a3c6dfc4450ac48a21bff92da2be97') in 0.092170 seconds
Number of updated asset objects reloaded before import = 0
Number of asset objects unloaded after import = 3
========================================================================
Received Import Request.
  Time since last request: 0.000032 seconds.
  path: Assets/UI/Textures/Buttons/Green1.png
  artifactKey: Guid(38234e71354911a4ebbb2d1951979dc9) Importer(815301076,1909f56bfc062723c751e8b465ee728b)
Start importing Assets/UI/Textures/Buttons/Green1.png using Guid(38234e71354911a4ebbb2d1951979dc9) Importer(815301076,1909f56bfc062723c751e8b465ee728b) [PhysX] Initialized MultithreadedTaskDispatcher with 4 workers.
[PhysX] Initialized MultithreadedTaskDispatcher with 4 workers.
 -> (artifact id: 'fbc9f2bd24322d70f08f0aafd55d300f') in 0.043909 seconds
Number of updated asset objects reloaded before import = 0
Number of asset objects unloaded after import = 3
========================================================================
Received Import Request.
  Time since last request: 0.000050 seconds.
  path: Assets/UI/Textures/Icons/converter_icon.psd
  artifactKey: Guid(93f32e06c57754a42a58c77f39468c0d) Importer(815301076,1909f56bfc062723c751e8b465ee728b)
Start importing Assets/UI/Textures/Icons/converter_icon.psd using Guid(93f32e06c57754a42a58c77f39468c0d) Importer(815301076,1909f56bfc062723c751e8b465ee728b) [PhysX] Initialized MultithreadedTaskDispatcher with 4 workers.
[PhysX] Initialized MultithreadedTaskDispatcher with 4 workers.
 -> (artifact id: '458efbef8b47b5924093b3b7d2ded92b') in 0.114998 seconds
Number of updated asset objects reloaded before import = 0
Number of asset objects unloaded after import = 3
========================================================================
Received Import Request.
  Time since last request: 0.059945 seconds.
  path: Assets/UI/Textures/Icons/ArrowSmallUp.png
  artifactKey: Guid(54cb3845dcd39634bbe8da35cebd6873) Importer(815301076,1909f56bfc062723c751e8b465ee728b)
Start importing Assets/UI/Textures/Icons/ArrowSmallUp.png using Guid(54cb3845dcd39634bbe8da35cebd6873) Importer(815301076,1909f56bfc062723c751e8b465ee728b) [PhysX] Initialized MultithreadedTaskDispatcher with 4 workers.
[PhysX] Initialized MultithreadedTaskDispatcher with 4 workers.
 -> (artifact id: '0fd225bd3054ca492fead79d2823b205') in 0.121493 seconds
Number of updated asset objects reloaded before import = 0
Number of asset objects unloaded after import = 3
========================================================================
Received Import Request.
  Time since last request: 0.000179 seconds.
  path: Assets/UI/Textures/Panels/UniversalPanel2.png
  artifactKey: Guid(45ca251aac5ad0842894d381106f0798) Importer(815301076,1909f56bfc062723c751e8b465ee728b)
Start importing Assets/UI/Textures/Panels/UniversalPanel2.png using Guid(45ca251aac5ad0842894d381106f0798) Importer(815301076,1909f56bfc062723c751e8b465ee728b) [PhysX] Initialized MultithreadedTaskDispatcher with 4 workers.
[PhysX] Initialized MultithreadedTaskDispatcher with 4 workers.
 -> (artifact id: 'e089d7722e4cbc410ecd406dd24f2969') in 0.054894 seconds
Number of updated asset objects reloaded before import = 0
Number of asset objects unloaded after import = 3
========================================================================
Received Import Request.
  Time since last request: 0.000049 seconds.
  path: Assets/UI/Textures/Panels/TagUpTBevel.png
  artifactKey: Guid(3604e7e5a13b437488e3869e4829325f) Importer(815301076,1909f56bfc062723c751e8b465ee728b)
Start importing Assets/UI/Textures/Panels/TagUpTBevel.png using Guid(3604e7e5a13b437488e3869e4829325f) Importer(815301076,1909f56bfc062723c751e8b465ee728b) [PhysX] Initialized MultithreadedTaskDispatcher with 4 workers.
[PhysX] Initialized MultithreadedTaskDispatcher with 4 workers.
 -> (artifact id: 'c3f40ce78936b7df7444beceb4112bc7') in 0.083522 seconds
Number of updated asset objects reloaded before import = 0
Number of asset objects unloaded after import = 3
========================================================================
Received Import Request.
  Time since last request: 0.003305 seconds.
  path: Assets/UI/Textures/Bars/ScrollBarBg.png
  artifactKey: Guid(c3b88ca303f4980438909d4a30c0a069) Importer(815301076,1909f56bfc062723c751e8b465ee728b)
Start importing Assets/UI/Textures/Bars/ScrollBarBg.png using Guid(c3b88ca303f4980438909d4a30c0a069) Importer(815301076,1909f56bfc062723c751e8b465ee728b) [PhysX] Initialized MultithreadedTaskDispatcher with 4 workers.
[PhysX] Initialized MultithreadedTaskDispatcher with 4 workers.
 -> (artifact id: 'f6b15bfa6a9d1b2ed14a971bd766583a') in 0.066752 seconds
Number of updated asset objects reloaded before import = 0
Number of asset objects unloaded after import = 3
========================================================================
Received Import Request.
  Time since last request: 0.000034 seconds.
  path: Assets/UI/Textures/Bars/FillPurple.png
  artifactKey: Guid(56c769fef65db8a488fc163aa238269b) Importer(815301076,1909f56bfc062723c751e8b465ee728b)
Start importing Assets/UI/Textures/Bars/FillPurple.png using Guid(56c769fef65db8a488fc163aa238269b) Importer(815301076,1909f56bfc062723c751e8b465ee728b) [PhysX] Initialized MultithreadedTaskDispatcher with 4 workers.
[PhysX] Initialized MultithreadedTaskDispatcher with 4 workers.
 -> (artifact id: '61f688d7258d45505aa0cbb64de35353') in 0.082935 seconds
Number of updated asset objects reloaded before import = 0
Number of asset objects unloaded after import = 3
========================================================================
Received Import Request.
  Time since last request: 0.000031 seconds.
  path: Assets/UI/Textures/Panels/UniversalPanel2Outline.png
  artifactKey: Guid(9b8fa07959072414cb2358e9557fed72) Importer(815301076,1909f56bfc062723c751e8b465ee728b)
Start importing Assets/UI/Textures/Panels/UniversalPanel2Outline.png using Guid(9b8fa07959072414cb2358e9557fed72) Importer(815301076,1909f56bfc062723c751e8b465ee728b) [PhysX] Initialized MultithreadedTaskDispatcher with 4 workers.
[PhysX] Initialized MultithreadedTaskDispatcher with 4 workers.
 -> (artifact id: '227457e92f5ee7a5b22ae42b9d07c1e9') in 0.093184 seconds
Number of updated asset objects reloaded before import = 0
Number of asset objects unloaded after import = 3
========================================================================
Received Import Request.
  Time since last request: 0.002779 seconds.
  path: Assets/UI/Textures/Icons/ArrowSmallRightGreen.png
  artifactKey: Guid(5ea380624ec5bd140899c93529c7ef1c) Importer(815301076,1909f56bfc062723c751e8b465ee728b)
Start importing Assets/UI/Textures/Icons/ArrowSmallRightGreen.png using Guid(5ea380624ec5bd140899c93529c7ef1c) Importer(815301076,1909f56bfc062723c751e8b465ee728b) [PhysX] Initialized MultithreadedTaskDispatcher with 4 workers.
[PhysX] Initialized MultithreadedTaskDispatcher with 4 workers.
 -> (artifact id: '872a174ee8658eb943348ce7506b5619') in 0.100535 seconds
Number of updated asset objects reloaded before import = 0
Number of asset objects unloaded after import = 3
========================================================================
Received Import Request.
  Time since last request: 0.005037 seconds.
  path: Assets/UI/Textures/Panels/TitleBarGold2.png
  artifactKey: Guid(65cf477d172b81243a22c3e4aca8361b) Importer(815301076,1909f56bfc062723c751e8b465ee728b)
Start importing Assets/UI/Textures/Panels/TitleBarGold2.png using Guid(65cf477d172b81243a22c3e4aca8361b) Importer(815301076,1909f56bfc062723c751e8b465ee728b) [PhysX] Initialized MultithreadedTaskDispatcher with 4 workers.
[PhysX] Initialized MultithreadedTaskDispatcher with 4 workers.
 -> (artifact id: '66e20d1267bf75ad74ae55cdc0f32a7c') in 0.137851 seconds
Number of updated asset objects reloaded before import = 0
Number of asset objects unloaded after import = 3
========================================================================
Received Import Request.
  Time since last request: 0.003694 seconds.
  path: Assets/UI/Textures/Icons/collect_resources_icon.png
  artifactKey: Guid(a93ee83b7e55b1743ab00a6b3c415d03) Importer(815301076,1909f56bfc062723c751e8b465ee728b)
Start importing Assets/UI/Textures/Icons/collect_resources_icon.png using Guid(a93ee83b7e55b1743ab00a6b3c415d03) Importer(815301076,1909f56bfc062723c751e8b465ee728b) [PhysX] Initialized MultithreadedTaskDispatcher with 4 workers.
[PhysX] Initialized MultithreadedTaskDispatcher with 4 workers.
 -> (artifact id: 'ce814d645fd88107c1f3751ee053a499') in 0.131587 seconds
Number of updated asset objects reloaded before import = 0
Number of asset objects unloaded after import = 3
========================================================================
Received Import Request.
  Time since last request: 0.004682 seconds.
  path: Assets/UI/Textures/Buttons/Play.png
  artifactKey: Guid(887d5c7857e2b904386431e4bc128303) Importer(815301076,1909f56bfc062723c751e8b465ee728b)
Start importing Assets/UI/Textures/Buttons/Play.png using Guid(887d5c7857e2b904386431e4bc128303) Importer(815301076,1909f56bfc062723c751e8b465ee728b) [PhysX] Initialized MultithreadedTaskDispatcher with 4 workers.
[PhysX] Initialized MultithreadedTaskDispatcher with 4 workers.
 -> (artifact id: 'ba4cae3f18dca33b45b928f67623e959') in 0.118269 seconds
Number of updated asset objects reloaded before import = 0
Number of asset objects unloaded after import = 3
========================================================================
Received Import Request.
  Time since last request: 0.000043 seconds.
  path: Assets/UI/Textures/Buttons/Gold1.png
  artifactKey: Guid(1dfc5b1f4dae55745b1d4a130be28f82) Importer(815301076,1909f56bfc062723c751e8b465ee728b)
Start importing Assets/UI/Textures/Buttons/Gold1.png using Guid(1dfc5b1f4dae55745b1d4a130be28f82) Importer(815301076,1909f56bfc062723c751e8b465ee728b) [PhysX] Initialized MultithreadedTaskDispatcher with 4 workers.
[PhysX] Initialized MultithreadedTaskDispatcher with 4 workers.
 -> (artifact id: 'a0880b2c4e352429174dc4227839e365') in 0.134390 seconds
Number of updated asset objects reloaded before import = 0
Number of asset objects unloaded after import = 3
========================================================================
Received Import Request.
  Time since last request: 0.000319 seconds.
  path: Assets/UI/Textures/Icons/barracks_level1_upgrade_icon.png
  artifactKey: Guid(16e49eb5f3b19eb4fa0a77a2d4b10665) Importer(815301076,1909f56bfc062723c751e8b465ee728b)
Start importing Assets/UI/Textures/Icons/barracks_level1_upgrade_icon.png using Guid(16e49eb5f3b19eb4fa0a77a2d4b10665) Importer(815301076,1909f56bfc062723c751e8b465ee728b) [PhysX] Initialized MultithreadedTaskDispatcher with 4 workers.
[PhysX] Initialized MultithreadedTaskDispatcher with 4 workers.
 -> (artifact id: 'c2d4c983516b63d9c97feebc850c0fa4') in 0.115754 seconds
Number of updated asset objects reloaded before import = 0
Number of asset objects unloaded after import = 3
========================================================================
Received Import Request.
  Time since last request: 0.006441 seconds.
  path: Assets/UI/Textures/Panels/UniversalPanel3TBevel.png
  artifactKey: Guid(4fd1298263d8b1248802bb6b7d0e559c) Importer(815301076,1909f56bfc062723c751e8b465ee728b)
Start importing Assets/UI/Textures/Panels/UniversalPanel3TBevel.png using Guid(4fd1298263d8b1248802bb6b7d0e559c) Importer(815301076,1909f56bfc062723c751e8b465ee728b) [PhysX] Initialized MultithreadedTaskDispatcher with 4 workers.
[PhysX] Initialized MultithreadedTaskDispatcher with 4 workers.
 -> (artifact id: '2bec9988035eaa2f688938ed29d06982') in 0.119226 seconds
Number of updated asset objects reloaded before import = 0
Number of asset objects unloaded after import = 3
========================================================================
Received Import Request.
  Time since last request: 0.000031 seconds.
  path: Assets/UI/Textures/Bars/FillBlue.png
  artifactKey: Guid(a87d143cace9ca64581a7e24800179bc) Importer(815301076,1909f56bfc062723c751e8b465ee728b)
Start importing Assets/UI/Textures/Bars/FillBlue.png using Guid(a87d143cace9ca64581a7e24800179bc) Importer(815301076,1909f56bfc062723c751e8b465ee728b) [PhysX] Initialized MultithreadedTaskDispatcher with 4 workers.
[PhysX] Initialized MultithreadedTaskDispatcher with 4 workers.
 -> (artifact id: 'c7863ea4e8009582f2b5e7f0d780cd4e') in 0.106569 seconds
Number of updated asset objects reloaded before import = 0
Number of asset objects unloaded after import = 3
========================================================================
Received Import Request.
  Time since last request: 0.000068 seconds.
  path: Assets/UI/Textures/Bars/FillOrangeSmall.png
  artifactKey: Guid(bb66abab03397db49b61d78df82dd00e) Importer(815301076,1909f56bfc062723c751e8b465ee728b)
Start importing Assets/UI/Textures/Bars/FillOrangeSmall.png using Guid(bb66abab03397db49b61d78df82dd00e) Importer(815301076,1909f56bfc062723c751e8b465ee728b) [PhysX] Initialized MultithreadedTaskDispatcher with 4 workers.
[PhysX] Initialized MultithreadedTaskDispatcher with 4 workers.
 -> (artifact id: 'c0fd5737f16d19a6ebe9be2ea0a2a227') in 0.074726 seconds
Number of updated asset objects reloaded before import = 0
Number of asset objects unloaded after import = 3
========================================================================
Received Import Request.
  Time since last request: 0.002157 seconds.
  path: Assets/UI/Textures/Bars/FillRedSmall.png
  artifactKey: Guid(2249d98c145d0b04c98baa43e0387581) Importer(815301076,1909f56bfc062723c751e8b465ee728b)
Start importing Assets/UI/Textures/Bars/FillRedSmall.png using Guid(2249d98c145d0b04c98baa43e0387581) Importer(815301076,1909f56bfc062723c751e8b465ee728b) [PhysX] Initialized MultithreadedTaskDispatcher with 4 workers.
[PhysX] Initialized MultithreadedTaskDispatcher with 4 workers.
 -> (artifact id: '88b8a72d49361b598ee0c92dbea9fec1') in 0.079017 seconds
Number of updated asset objects reloaded before import = 0
Number of asset objects unloaded after import = 3
========================================================================
Received Import Request.
  Time since last request: 0.009458 seconds.
  path: Assets/UI/Textures/Buttons/Gold2Down.png
  artifactKey: Guid(957116fe5f3ffa041a09f8db97ccf686) Importer(815301076,1909f56bfc062723c751e8b465ee728b)
Start importing Assets/UI/Textures/Buttons/Gold2Down.png using Guid(957116fe5f3ffa041a09f8db97ccf686) Importer(815301076,1909f56bfc062723c751e8b465ee728b) [PhysX] Initialized MultithreadedTaskDispatcher with 4 workers.
[PhysX] Initialized MultithreadedTaskDispatcher with 4 workers.
 -> (artifact id: 'd40b1c1f612e6061f47a51e32da42bab') in 0.101706 seconds
Number of updated asset objects reloaded before import = 0
Number of asset objects unloaded after import = 3
========================================================================
Received Import Request.
  Time since last request: 0.017646 seconds.
  path: Assets/UI/Textures/Bars/ScrollBarHorizontal.png
  artifactKey: Guid(1350e0dae189c784f8a5e56627ec0bb9) Importer(815301076,1909f56bfc062723c751e8b465ee728b)
Start importing Assets/UI/Textures/Bars/ScrollBarHorizontal.png using Guid(1350e0dae189c784f8a5e56627ec0bb9) Importer(815301076,1909f56bfc062723c751e8b465ee728b) [PhysX] Initialized MultithreadedTaskDispatcher with 4 workers.
[PhysX] Initialized MultithreadedTaskDispatcher with 4 workers.
 -> (artifact id: '6193020dc2e08a3fc22b7217d07b7589') in 0.163256 seconds
Number of updated asset objects reloaded before import = 0
Number of asset objects unloaded after import = 3
========================================================================
Received Import Request.
  Time since last request: 0.017489 seconds.
  path: Assets/UI/Textures/Icons/ArrowUp.png
  artifactKey: Guid(95360d9ebe48db748bbf325e76587b0b) Importer(815301076,1909f56bfc062723c751e8b465ee728b)
Start importing Assets/UI/Textures/Icons/ArrowUp.png using Guid(95360d9ebe48db748bbf325e76587b0b) Importer(815301076,1909f56bfc062723c751e8b465ee728b) [PhysX] Initialized MultithreadedTaskDispatcher with 4 workers.
[PhysX] Initialized MultithreadedTaskDispatcher with 4 workers.
 -> (artifact id: '376154afd139722af3d4e6826f6c283a') in 0.108992 seconds
Number of updated asset objects reloaded before import = 0
Number of asset objects unloaded after import = 3
========================================================================
Received Import Request.
  Time since last request: 0.000029 seconds.
  path: Assets/UI/Textures/Buttons/Green2Hover.png
  artifactKey: Guid(391d22f412a6b594e92fd5e5cc08bc42) Importer(815301076,1909f56bfc062723c751e8b465ee728b)
Start importing Assets/UI/Textures/Buttons/Green2Hover.png using Guid(391d22f412a6b594e92fd5e5cc08bc42) Importer(815301076,1909f56bfc062723c751e8b465ee728b) [PhysX] Initialized MultithreadedTaskDispatcher with 4 workers.
[PhysX] Initialized MultithreadedTaskDispatcher with 4 workers.
 -> (artifact id: '8f60b8e5c00e0db9329af311968a73b9') in 0.131971 seconds
Number of updated asset objects reloaded before import = 0
Number of asset objects unloaded after import = 3
========================================================================
Received Import Request.
  Time since last request: 0.000464 seconds.
  path: Assets/UI/Textures/Bars/FillGreenSmall.png
  artifactKey: Guid(878879fffbd378c4da69cd357591ab70) Importer(815301076,1909f56bfc062723c751e8b465ee728b)
Start importing Assets/UI/Textures/Bars/FillGreenSmall.png using Guid(878879fffbd378c4da69cd357591ab70) Importer(815301076,1909f56bfc062723c751e8b465ee728b) [PhysX] Initialized MultithreadedTaskDispatcher with 4 workers.
[PhysX] Initialized MultithreadedTaskDispatcher with 4 workers.
 -> (artifact id: 'f2e5734e68fccaa05e15a373a2ee1577') in 0.107418 seconds
Number of updated asset objects reloaded before import = 0
Number of asset objects unloaded after import = 3
========================================================================
Received Import Request.
  Time since last request: 0.034611 seconds.
  path: Assets/UI/Textures/Panels/UniversalPanel3BBevel.png
  artifactKey: Guid(5d2da8262ca5ec742b0c111d6548a1d3) Importer(815301076,1909f56bfc062723c751e8b465ee728b)
Start importing Assets/UI/Textures/Panels/UniversalPanel3BBevel.png using Guid(5d2da8262ca5ec742b0c111d6548a1d3) Importer(815301076,1909f56bfc062723c751e8b465ee728b) [PhysX] Initialized MultithreadedTaskDispatcher with 4 workers.
[PhysX] Initialized MultithreadedTaskDispatcher with 4 workers.
 -> (artifact id: 'bfcdc2469a36deec00b82e52257a53db') in 0.073567 seconds
Number of updated asset objects reloaded before import = 0
Number of asset objects unloaded after import = 3
========================================================================
Received Import Request.
  Time since last request: 0.008251 seconds.
  path: Assets/UI/Textures/Icons/ArrowSmallUpGreenDark.png
  artifactKey: Guid(c03d9568aaca4d645b46462c0a2b915d) Importer(815301076,1909f56bfc062723c751e8b465ee728b)
Start importing Assets/UI/Textures/Icons/ArrowSmallUpGreenDark.png using Guid(c03d9568aaca4d645b46462c0a2b915d) Importer(815301076,1909f56bfc062723c751e8b465ee728b) [PhysX] Initialized MultithreadedTaskDispatcher with 4 workers.
[PhysX] Initialized MultithreadedTaskDispatcher with 4 workers.
 -> (artifact id: 'b12d8e1fc658ad729ded276e62dc1510') in 0.107170 seconds
Number of updated asset objects reloaded before import = 0
Number of asset objects unloaded after import = 3
========================================================================
Received Import Request.
  Time since last request: 0.009706 seconds.
  path: Assets/UI/Textures/Bars/FillRed.png
  artifactKey: Guid(e3b39411c9f78bf4db26f85c687c9f6e) Importer(815301076,1909f56bfc062723c751e8b465ee728b)
Start importing Assets/UI/Textures/Bars/FillRed.png using Guid(e3b39411c9f78bf4db26f85c687c9f6e) Importer(815301076,1909f56bfc062723c751e8b465ee728b) [PhysX] Initialized MultithreadedTaskDispatcher with 4 workers.
[PhysX] Initialized MultithreadedTaskDispatcher with 4 workers.
 -> (artifact id: '7cedc9d0b49995831f6602fe118ff8a1') in 0.106115 seconds
Number of updated asset objects reloaded before import = 0
Number of asset objects unloaded after import = 3
========================================================================
Received Import Request.
  Time since last request: 22.368454 seconds.
  path: Assets/UI/Textures/Icons/cursorSword_silver.png
  artifactKey: Guid(77e1083102e229b4fa967a8f4055dc3f) Importer(815301076,1909f56bfc062723c751e8b465ee728b)
Start importing Assets/UI/Textures/Icons/cursorSword_silver.png using Guid(77e1083102e229b4fa967a8f4055dc3f) Importer(815301076,1909f56bfc062723c751e8b465ee728b) [PhysX] Initialized MultithreadedTaskDispatcher with 4 workers.
[PhysX] Initialized MultithreadedTaskDispatcher with 4 workers.
 -> (artifact id: '9d19badfcf5e39f6033e7cf5a805b4c7') in 0.077297 seconds
Number of updated asset objects reloaded before import = 0
Number of asset objects unloaded after import = 3
========================================================================
Received Import Request.
  Time since last request: 0.001999 seconds.
  path: Assets/UI/Textures/Icons/granary_icon.png
  artifactKey: Guid(ed754c7e98976a44aa4d939c3a9e1d9f) Importer(815301076,1909f56bfc062723c751e8b465ee728b)
Start importing Assets/UI/Textures/Icons/granary_icon.png using Guid(ed754c7e98976a44aa4d939c3a9e1d9f) Importer(815301076,1909f56bfc062723c751e8b465ee728b) [PhysX] Initialized MultithreadedTaskDispatcher with 4 workers.
[PhysX] Initialized MultithreadedTaskDispatcher with 4 workers.
 -> (artifact id: 'f6119ee16c550627981dd9506b5ea775') in 0.138450 seconds
Number of updated asset objects reloaded before import = 0
Number of asset objects unloaded after import = 3
========================================================================
Received Import Request.
  Time since last request: 0.005364 seconds.
  path: Assets/UI/Textures/Icons/house_icon.png
  artifactKey: Guid(dc39b5d4bccae7a4784e9c305a6f7cb5) Importer(815301076,1909f56bfc062723c751e8b465ee728b)
Start importing Assets/UI/Textures/Icons/house_icon.png using Guid(dc39b5d4bccae7a4784e9c305a6f7cb5) Importer(815301076,1909f56bfc062723c751e8b465ee728b) [PhysX] Initialized MultithreadedTaskDispatcher with 4 workers.
[PhysX] Initialized MultithreadedTaskDispatcher with 4 workers.
 -> (artifact id: '62ca722c35fa0a073ab8816c52da5211') in 0.102025 seconds
Number of updated asset objects reloaded before import = 0
Number of asset objects unloaded after import = 3
========================================================================
Received Import Request.
  Time since last request: 0.000033 seconds.
  path: Assets/UI/Textures/Icons/pause-icon.png
  artifactKey: Guid(4333a0d6dc4fde34386afda60ff33d7d) Importer(815301076,1909f56bfc062723c751e8b465ee728b)
Start importing Assets/UI/Textures/Icons/pause-icon.png using Guid(4333a0d6dc4fde34386afda60ff33d7d) Importer(815301076,1909f56bfc062723c751e8b465ee728b) [PhysX] Initialized MultithreadedTaskDispatcher with 4 workers.
[PhysX] Initialized MultithreadedTaskDispatcher with 4 workers.
 -> (artifact id: '285e15a2c6442952edaab7908fc85c36') in 0.086649 seconds
Number of updated asset objects reloaded before import = 0
Number of asset objects unloaded after import = 3
========================================================================
Received Import Request.
  Time since last request: 0.000026 seconds.
  path: Assets/UI/Textures/Icons/light_infantry.psd
  artifactKey: Guid(f1b29190b0ae2bf4693f783debe79c85) Importer(815301076,1909f56bfc062723c751e8b465ee728b)
Start importing Assets/UI/Textures/Icons/light_infantry.psd using Guid(f1b29190b0ae2bf4693f783debe79c85) Importer(815301076,1909f56bfc062723c751e8b465ee728b) [PhysX] Initialized MultithreadedTaskDispatcher with 4 workers.
[PhysX] Initialized MultithreadedTaskDispatcher with 4 workers.
 -> (artifact id: '87368478ac9b5de9b0e9ac6e8c1704b2') in 0.185895 seconds
Number of updated asset objects reloaded before import = 0
Number of asset objects unloaded after import = 3
========================================================================
Received Import Request.
  Time since last request: 2.065494 seconds.
  path: Assets/UI/Textures/Icons/ArrowSmallLeftBrown.png
  artifactKey: Guid(dc97a1b2e4a6d90489909cf5b716d6ea) Importer(815301076,1909f56bfc062723c751e8b465ee728b)
Start importing Assets/UI/Textures/Icons/ArrowSmallLeftBrown.png using Guid(dc97a1b2e4a6d90489909cf5b716d6ea) Importer(815301076,1909f56bfc062723c751e8b465ee728b) [PhysX] Initialized MultithreadedTaskDispatcher with 4 workers.
[PhysX] Initialized MultithreadedTaskDispatcher with 4 workers.
 -> (artifact id: '3c2fea240260d9d98b2f2c7b94f68cff') in 0.064920 seconds
Number of updated asset objects reloaded before import = 0
Number of asset objects unloaded after import = 3
========================================================================
Received Import Request.
  Time since last request: 0.025822 seconds.
  path: Assets/UI/Textures/Icons/ArrowSmallRight.png
  artifactKey: Guid(1c6b9a8ca901250448534efd39b6a223) Importer(815301076,1909f56bfc062723c751e8b465ee728b)
Start importing Assets/UI/Textures/Icons/ArrowSmallRight.png using Guid(1c6b9a8ca901250448534efd39b6a223) Importer(815301076,1909f56bfc062723c751e8b465ee728b) [PhysX] Initialized MultithreadedTaskDispatcher with 4 workers.
[PhysX] Initialized MultithreadedTaskDispatcher with 4 workers.
 -> (artifact id: 'f4f2f68948fb707d7b06bb29004aca4a') in 0.113667 seconds
Number of updated asset objects reloaded before import = 0
Number of asset objects unloaded after import = 3
========================================================================
Received Import Request.
  Time since last request: 0.289407 seconds.
  path: Assets/UI/Textures/Icons/arrow_clockwise.png
  artifactKey: Guid(4bbaa79a6e56e114e942ec931582c0b9) Importer(815301076,1909f56bfc062723c751e8b465ee728b)
Start importing Assets/UI/Textures/Icons/arrow_clockwise.png using Guid(4bbaa79a6e56e114e942ec931582c0b9) Importer(815301076,1909f56bfc062723c751e8b465ee728b) [PhysX] Initialized MultithreadedTaskDispatcher with 4 workers.
[PhysX] Initialized MultithreadedTaskDispatcher with 4 workers.
 -> (artifact id: '27f50a0fe069ddc5c339df12197cf999') in 0.067091 seconds
Number of updated asset objects reloaded before import = 0
Number of asset objects unloaded after import = 3
========================================================================
Received Import Request.
  Time since last request: 0.009624 seconds.
  path: Assets/UI/Textures/Icons/ArrowSmallDownGold.png
  artifactKey: Guid(e385c8a51c84336489400febd76ede0d) Importer(815301076,1909f56bfc062723c751e8b465ee728b)
Start importing Assets/UI/Textures/Icons/ArrowSmallDownGold.png using Guid(e385c8a51c84336489400febd76ede0d) Importer(815301076,1909f56bfc062723c751e8b465ee728b) [PhysX] Initialized MultithreadedTaskDispatcher with 4 workers.
[PhysX] Initialized MultithreadedTaskDispatcher with 4 workers.
 -> (artifact id: '55aea79fe42145b6a6221cb8e4345aef') in 0.127548 seconds
Number of updated asset objects reloaded before import = 0
Number of asset objects unloaded after import = 3
========================================================================
Received Import Request.
  Time since last request: 34.902979 seconds.
  path: Assets/UI/Textures/Icons/PlusGreen.png
  artifactKey: Guid(f4ad1584bb2853a4c96db30496bac272) Importer(815301076,1909f56bfc062723c751e8b465ee728b)
Start importing Assets/UI/Textures/Icons/PlusGreen.png using Guid(f4ad1584bb2853a4c96db30496bac272) Importer(815301076,1909f56bfc062723c751e8b465ee728b) [PhysX] Initialized MultithreadedTaskDispatcher with 4 workers.
[PhysX] Initialized MultithreadedTaskDispatcher with 4 workers.
 -> (artifact id: '0a99402be2c9c80b9c9e46bd9d601b30') in 0.066952 seconds
Number of updated asset objects reloaded before import = 0
Number of asset objects unloaded after import = 3
========================================================================
Received Import Request.
  Time since last request: 0.021129 seconds.
  path: Assets/UI/Textures/Icons/temple.png
  artifactKey: Guid(fd395689196893e4f9f6c66205a4ac7b) Importer(815301076,1909f56bfc062723c751e8b465ee728b)
Start importing Assets/UI/Textures/Icons/temple.png using Guid(fd395689196893e4f9f6c66205a4ac7b) Importer(815301076,1909f56bfc062723c751e8b465ee728b) [PhysX] Initialized MultithreadedTaskDispatcher with 4 workers.
[PhysX] Initialized MultithreadedTaskDispatcher with 4 workers.
 -> (artifact id: '07feb22b5169706212467000484dfbdd') in 0.113325 seconds
Number of updated asset objects reloaded before import = 0
Number of asset objects unloaded after import = 3
========================================================================
Received Import Request.
  Time since last request: 0.696086 seconds.
  path: Assets/UI/Textures/Icons/town_center_icon.png
  artifactKey: Guid(42e13815d03e4814fab2ee1beb04d1c1) Importer(815301076,1909f56bfc062723c751e8b465ee728b)
Start importing Assets/UI/Textures/Icons/town_center_icon.png using Guid(42e13815d03e4814fab2ee1beb04d1c1) Importer(815301076,1909f56bfc062723c751e8b465ee728b) [PhysX] Initialized MultithreadedTaskDispatcher with 4 workers.
[PhysX] Initialized MultithreadedTaskDispatcher with 4 workers.
 -> (artifact id: '194169b257f38e9bc5aef48f658b30b4') in 0.096859 seconds
Number of updated asset objects reloaded before import = 0
Number of asset objects unloaded after import = 3
========================================================================
Received Import Request.
  Time since last request: 0.000418 seconds.
  path: Assets/UI/Textures/Icons/villager_icon.psd
  artifactKey: Guid(2d9f93e1c80a5fa4aaaa6a3e0dfeb5d3) Importer(815301076,1909f56bfc062723c751e8b465ee728b)
Start importing Assets/UI/Textures/Icons/villager_icon.psd using Guid(2d9f93e1c80a5fa4aaaa6a3e0dfeb5d3) Importer(815301076,1909f56bfc062723c751e8b465ee728b) [PhysX] Initialized MultithreadedTaskDispatcher with 4 workers.
[PhysX] Initialized MultithreadedTaskDispatcher with 4 workers.
 -> (artifact id: 'c1191731ecf4d8102cf1ab9da63b4382') in 0.102081 seconds
Number of updated asset objects reloaded before import = 0
Number of asset objects unloaded after import = 3
========================================================================
Received Import Request.
  Time since last request: 0.022978 seconds.
  path: Assets/UI/Textures/Icons/X.png
  artifactKey: Guid(a6d2a7b68a9926b4e8e9779a6abd333b) Importer(815301076,1909f56bfc062723c751e8b465ee728b)
Start importing Assets/UI/Textures/Icons/X.png using Guid(a6d2a7b68a9926b4e8e9779a6abd333b) Importer(815301076,1909f56bfc062723c751e8b465ee728b) [PhysX] Initialized MultithreadedTaskDispatcher with 4 workers.
[PhysX] Initialized MultithreadedTaskDispatcher with 4 workers.
 -> (artifact id: 'ca930928fa5d077de7fbc0ad94147bce') in 0.088889 seconds
Number of updated asset objects reloaded before import = 0
Number of asset objects unloaded after import = 3
========================================================================
Received Import Request.
  Time since last request: 6.202631 seconds.
  path: Assets/UI/Textures/Panels/CornersGold.png
  artifactKey: Guid(bbd61a5859110e14f85d40278270ed86) Importer(815301076,1909f56bfc062723c751e8b465ee728b)
Start importing Assets/UI/Textures/Panels/CornersGold.png using Guid(bbd61a5859110e14f85d40278270ed86) Importer(815301076,1909f56bfc062723c751e8b465ee728b) [PhysX] Initialized MultithreadedTaskDispatcher with 4 workers.
[PhysX] Initialized MultithreadedTaskDispatcher with 4 workers.
 -> (artifact id: '831b9e861fd9475e85272002e76b0820') in 0.078726 seconds
Number of updated asset objects reloaded before import = 0
Number of asset objects unloaded after import = 3
========================================================================
Received Import Request.
  Time since last request: 0.000044 seconds.
  path: Assets/UI/Textures/Panels/Tag.png
  artifactKey: Guid(b2a005fa01fac5b49bba42d7804dfa06) Importer(815301076,1909f56bfc062723c751e8b465ee728b)
Start importing Assets/UI/Textures/Panels/Tag.png using Guid(b2a005fa01fac5b49bba42d7804dfa06) Importer(815301076,1909f56bfc062723c751e8b465ee728b) [PhysX] Initialized MultithreadedTaskDispatcher with 4 workers.
[PhysX] Initialized MultithreadedTaskDispatcher with 4 workers.
 -> (artifact id: '9b1c3907fac53849121aaa515fd6d647') in 0.083615 seconds
Number of updated asset objects reloaded before import = 0
Number of asset objects unloaded after import = 3
========================================================================
Received Import Request.
  Time since last request: 28.949066 seconds.
  path: Assets/UI/Fonts/VT323-Regular.ttf
  artifactKey: Guid(ebe3050e2f27e764ba8791f10bc0ba57) Importer(815301076,1909f56bfc062723c751e8b465ee728b)
Start importing Assets/UI/Fonts/VT323-Regular.ttf using Guid(ebe3050e2f27e764ba8791f10bc0ba57) Importer(815301076,1909f56bfc062723c751e8b465ee728b) [PhysX] Initialized MultithreadedTaskDispatcher with 4 workers.
[PhysX] Initialized MultithreadedTaskDispatcher with 4 workers.
[PhysX] Initialized MultithreadedTaskDispatcher with 4 workers.
 -> (artifact id: '5863fb06448b7961b17052c24de8e098') in 0.399260 seconds
Number of updated asset objects reloaded before import = 0
Number of asset objects unloaded after import = 4
========================================================================
Received Import Request.
  Time since last request: 2.456220 seconds.
  path: Assets/subModels/Materials/Mesh1_Rock_1_ModelMat.mat
  artifactKey: Guid(59c91637f87734842a24d2aff6e33ab8) Importer(815301076,1909f56bfc062723c751e8b465ee728b)
Start importing Assets/subModels/Materials/Mesh1_Rock_1_ModelMat.mat using Guid(59c91637f87734842a24d2aff6e33ab8) Importer(815301076,1909f56bfc062723c751e8b465ee728b) [PhysX] Initialized MultithreadedTaskDispatcher with 4 workers.
[PhysX] Initialized MultithreadedTaskDispatcher with 4 workers.
 -> (artifact id: 'a893697cee0bb7a7a81c792021f94c75') in 0.130937 seconds
Number of updated asset objects reloaded before import = 0
Number of asset objects unloaded after import = 1
========================================================================
Received Import Request.
  Time since last request: 1.867867 seconds.
  path: Assets/subModels/Fantasy/cartHigh.fbx
  artifactKey: Guid(df0d0e37c21c5aa4fb1ac3f1cf742f84) Importer(815301076,1909f56bfc062723c751e8b465ee728b)
Start importing Assets/subModels/Fantasy/cartHigh.fbx using Guid(df0d0e37c21c5aa4fb1ac3f1cf742f84) Importer(815301076,1909f56bfc062723c751e8b465ee728b) [PhysX] Initialized MultithreadedTaskDispatcher with 4 workers.
[PhysX] Initialized MultithreadedTaskDispatcher with 4 workers.
[PhysX] Initialized MultithreadedTaskDispatcher with 4 workers.
[PhysX] Initialized MultithreadedTaskDispatcher with 4 workers.
[PhysX] Initialized MultithreadedTaskDispatcher with 4 workers.
[PhysX] Initialized MultithreadedTaskDispatcher with 4 workers.
[PhysX] Initialized MultithreadedTaskDispatcher with 4 workers.
[PhysX] Initialized MultithreadedTaskDispatcher with 4 workers.
[PhysX] Initialized MultithreadedTaskDispatcher with 4 workers.
[PhysX] Initialized MultithreadedTaskDispatcher with 4 workers.
[PhysX] Initialized MultithreadedTaskDispatcher with 4 workers.
[PhysX] Initialized MultithreadedTaskDispatcher with 4 workers.
[PhysX] Initialized MultithreadedTaskDispatcher with 4 workers.
 -> (artifact id: '6cd15ad58b3b7ab901869d3f4cd067d5') in 0.606835 seconds
Number of updated asset objects reloaded before import = 0
Number of asset objects unloaded after import = 26
========================================================================
Received Import Request.
  Time since last request: 0.001943 seconds.
  path: Assets/subModels/Fantasy/wallCornerDiagonal.fbx
  artifactKey: Guid(474c9cabf64f2cd4192206878a1565b0) Importer(815301076,1909f56bfc062723c751e8b465ee728b)
Start importing Assets/subModels/Fantasy/wallCornerDiagonal.fbx using Guid(474c9cabf64f2cd4192206878a1565b0) Importer(815301076,1909f56bfc062723c751e8b465ee728b) [PhysX] Initialized MultithreadedTaskDispatcher with 4 workers.
[PhysX] Initialized MultithreadedTaskDispatcher with 4 workers.
[PhysX] Initialized MultithreadedTaskDispatcher with 4 workers.
[PhysX] Initialized MultithreadedTaskDispatcher with 4 workers.
[PhysX] Initialized MultithreadedTaskDispatcher with 4 workers.
 -> (artifact id: '8f960c36085ecfaa90f7247d43833e7a') in 0.250239 seconds
Number of updated asset objects reloaded before import = 0
Number of asset objects unloaded after import = 9
========================================================================
Received Import Request.
  Time since last request: 0.006828 seconds.
  path: Assets/subModels/Fantasy/roof.fbx
  artifactKey: Guid(adf0d31b74e5a074991cec567c23ec5f) Importer(815301076,1909f56bfc062723c751e8b465ee728b)
Start importing Assets/subModels/Fantasy/roof.fbx using Guid(adf0d31b74e5a074991cec567c23ec5f) Importer(815301076,1909f56bfc062723c751e8b465ee728b) [PhysX] Initialized MultithreadedTaskDispatcher with 4 workers.
[PhysX] Initialized MultithreadedTaskDispatcher with 4 workers.
[PhysX] Initialized MultithreadedTaskDispatcher with 4 workers.
[PhysX] Initialized MultithreadedTaskDispatcher with 4 workers.
[PhysX] Initialized MultithreadedTaskDispatcher with 4 workers.
[PhysX] Initialized MultithreadedTaskDispatcher with 4 workers.
[PhysX] Initialized MultithreadedTaskDispatcher with 4 workers.
 -> (artifact id: '0cf6d38b95fc9881fb8fe1115455c11a') in 0.258065 seconds
Number of updated asset objects reloaded before import = 0
Number of asset objects unloaded after import = 11
========================================================================
Received Import Request.
  Time since last request: 0.001733 seconds.
  path: Assets/subModels/Fantasy/wallCornerDetail.fbx
  artifactKey: Guid(6ee272b61c0b602409033c93802fb26b) Importer(815301076,1909f56bfc062723c751e8b465ee728b)
Start importing Assets/subModels/Fantasy/wallCornerDetail.fbx using Guid(6ee272b61c0b602409033c93802fb26b) Importer(815301076,1909f56bfc062723c751e8b465ee728b) [PhysX] Initialized MultithreadedTaskDispatcher with 4 workers.
[PhysX] Initialized MultithreadedTaskDispatcher with 4 workers.
[PhysX] Initialized MultithreadedTaskDispatcher with 4 workers.
[PhysX] Initialized MultithreadedTaskDispatcher with 4 workers.
 -> (artifact id: 'c9d359ea97588bf499c17d96b43ace8a') in 0.208408 seconds
Number of updated asset objects reloaded before import = 0
Number of asset objects unloaded after import = 8
========================================================================
Received Import Request.
  Time since last request: 0.002724 seconds.
  path: Assets/subModels/Fantasy/stallStool.fbx
  artifactKey: Guid(1cfcc45cae1028248a1591fb4ec7f4e3) Importer(815301076,1909f56bfc062723c751e8b465ee728b)
Start importing Assets/subModels/Fantasy/stallStool.fbx using Guid(1cfcc45cae1028248a1591fb4ec7f4e3) Importer(815301076,1909f56bfc062723c751e8b465ee728b) [PhysX] Initialized MultithreadedTaskDispatcher with 4 workers.
[PhysX] Initialized MultithreadedTaskDispatcher with 4 workers.
[PhysX] Initialized MultithreadedTaskDispatcher with 4 workers.
[PhysX] Initialized MultithreadedTaskDispatcher with 4 workers.
 -> (artifact id: '51e0118c7232a973d130147323c1675e') in 0.120421 seconds
Number of updated asset objects reloaded before import = 0
Number of asset objects unloaded after import = 8
========================================================================
Received Import Request.
  Time since last request: 0.008556 seconds.
  path: Assets/subModels/Fantasy/roofHighGableDetail.fbx
  artifactKey: Guid(05c8a9155ede2b54591e89c5c6ba2b0b) Importer(815301076,1909f56bfc062723c751e8b465ee728b)
Start importing Assets/subModels/Fantasy/roofHighGableDetail.fbx using Guid(05c8a9155ede2b54591e89c5c6ba2b0b) Importer(815301076,1909f56bfc062723c751e8b465ee728b) [PhysX] Initialized MultithreadedTaskDispatcher with 4 workers.
[PhysX] Initialized MultithreadedTaskDispatcher with 4 workers.
[PhysX] Initialized MultithreadedTaskDispatcher with 4 workers.
[PhysX] Initialized MultithreadedTaskDispatcher with 4 workers.
[PhysX] Initialized MultithreadedTaskDispatcher with 4 workers.
[PhysX] Initialized MultithreadedTaskDispatcher with 4 workers.
[PhysX] Initialized MultithreadedTaskDispatcher with 4 workers.
 -> (artifact id: 'a1a7a9b30cae168898dc197c3e7a8d41') in 0.335743 seconds
Number of updated asset objects reloaded before import = 0
Number of asset objects unloaded after import = 11
========================================================================
Received Import Request.
  Time since last request: 8.384324 seconds.
  path: Assets/subModels/Castle/flagBannerLong.fbx
  artifactKey: Guid(c72236275934fa44ebfb4add62ec8df4) Importer(815301076,1909f56bfc062723c751e8b465ee728b)
Start importing Assets/subModels/Castle/flagBannerLong.fbx using Guid(c72236275934fa44ebfb4add62ec8df4) Importer(815301076,1909f56bfc062723c751e8b465ee728b) [PhysX] Initialized MultithreadedTaskDispatcher with 4 workers.
[PhysX] Initialized MultithreadedTaskDispatcher with 4 workers.
[PhysX] Initialized MultithreadedTaskDispatcher with 4 workers.
 -> (artifact id: '567b047866950525ae96f12b681af60d') in 0.124895 seconds
Number of updated asset objects reloaded before import = 0
Number of asset objects unloaded after import = 9
========================================================================
Received Import Request.
  Time since last request: 0.000671 seconds.
  path: Assets/subModels/Castle/knightRed.fbx
  artifactKey: Guid(27d33c8b64d080247abb936499d93faf) Importer(815301076,1909f56bfc062723c751e8b465ee728b)
Start importing Assets/subModels/Castle/knightRed.fbx using Guid(27d33c8b64d080247abb936499d93faf) Importer(815301076,1909f56bfc062723c751e8b465ee728b) [PhysX] Initialized MultithreadedTaskDispatcher with 4 workers.
[PhysX] Initialized MultithreadedTaskDispatcher with 4 workers.
[PhysX] Initialized MultithreadedTaskDispatcher with 4 workers.
[PhysX] Initialized MultithreadedTaskDispatcher with 4 workers.
[PhysX] Initialized MultithreadedTaskDispatcher with 4 workers.
[PhysX] Initialized MultithreadedTaskDispatcher with 4 workers.
[PhysX] Initialized MultithreadedTaskDispatcher with 4 workers.
[PhysX] Initialized MultithreadedTaskDispatcher with 4 workers.
[PhysX] Initialized MultithreadedTaskDispatcher with 4 workers.
 -> (artifact id: '2d790067d4c55f97f061c3a03c6e0ec2') in 0.365969 seconds
Number of updated asset objects reloaded before import = 0
Number of asset objects unloaded after import = 26
========================================================================
Received Import Request.
  Time since last request: 0.002323 seconds.
  path: Assets/subModels/Castle/siegeCatapult.fbx
  artifactKey: Guid(72075031125b52d4f8f07891937d5091) Importer(815301076,1909f56bfc062723c751e8b465ee728b)
Start importing Assets/subModels/Castle/siegeCatapult.fbx using Guid(72075031125b52d4f8f07891937d5091) Importer(815301076,1909f56bfc062723c751e8b465ee728b) [PhysX] Initialized MultithreadedTaskDispatcher with 4 workers.
[PhysX] Initialized MultithreadedTaskDispatcher with 4 workers.
[PhysX] Initialized MultithreadedTaskDispatcher with 4 workers.
[PhysX] Initialized MultithreadedTaskDispatcher with 4 workers.
[PhysX] Initialized MultithreadedTaskDispatcher with 4 workers.
[PhysX] Initialized MultithreadedTaskDispatcher with 4 workers.
[PhysX] Initialized MultithreadedTaskDispatcher with 4 workers.
[PhysX] Initialized MultithreadedTaskDispatcher with 4 workers.
[PhysX] Initialized MultithreadedTaskDispatcher with 4 workers.
[PhysX] Initialized MultithreadedTaskDispatcher with 4 workers.
[PhysX] Initialized MultithreadedTaskDispatcher with 4 workers.
[PhysX] Initialized MultithreadedTaskDispatcher with 4 workers.
[PhysX] Initialized MultithreadedTaskDispatcher with 4 workers.
[PhysX] Initialized MultithreadedTaskDispatcher with 4 workers.
[PhysX] Initialized MultithreadedTaskDispatcher with 4 workers.
[PhysX] Initialized MultithreadedTaskDispatcher with 4 workers.
[PhysX] Initialized MultithreadedTaskDispatcher with 4 workers.
[PhysX] Initialized MultithreadedTaskDispatcher with 4 workers.
 -> (artifact id: 'be2b7d2d4e57a5b26def8bccbdce3626') in 0.644682 seconds
Number of updated asset objects reloaded before import = 0
Number of asset objects unloaded after import = 48
========================================================================
Received Import Request.
  Time since last request: 0.000596 seconds.
  path: Assets/subModels/Castle/towerSquareArch.fbx
  artifactKey: Guid(687d12c0280e80544a71ee81c576d320) Importer(815301076,1909f56bfc062723c751e8b465ee728b)
Start importing Assets/subModels/Castle/towerSquareArch.fbx using Guid(687d12c0280e80544a71ee81c576d320) Importer(815301076,1909f56bfc062723c751e8b465ee728b) [PhysX] Initialized MultithreadedTaskDispatcher with 4 workers.
[PhysX] Initialized MultithreadedTaskDispatcher with 4 workers.
[PhysX] Initialized MultithreadedTaskDispatcher with 4 workers.
 -> (artifact id: 'ca7c3961e91ea233c6a30aae867ef9fb') in 0.111483 seconds
Number of updated asset objects reloaded before import = 0
Number of asset objects unloaded after import = 9
========================================================================
Received Import Request.
  Time since last request: 0.003006 seconds.
  path: Assets/subModels/Castle/stairsStoneSlant.fbx
  artifactKey: Guid(fff909f804d178245adbd0e852026520) Importer(815301076,1909f56bfc062723c751e8b465ee728b)
Start importing Assets/subModels/Castle/stairsStoneSlant.fbx using Guid(fff909f804d178245adbd0e852026520) Importer(815301076,1909f56bfc062723c751e8b465ee728b) [PhysX] Initialized MultithreadedTaskDispatcher with 4 workers.
[PhysX] Initialized MultithreadedTaskDispatcher with 4 workers.
[PhysX] Initialized MultithreadedTaskDispatcher with 4 workers.
 -> (artifact id: '7537627cb9ac71cece9f7bc808ccb034') in 0.129214 seconds
Number of updated asset objects reloaded before import = 0
Number of asset objects unloaded after import = 8
========================================================================
Received Import Request.
  Time since last request: 0.001798 seconds.
  path: Assets/subModels/Castle/towerSquareBaseBorder.fbx
  artifactKey: Guid(4301b58ac5309ec4880a475c2d96b79a) Importer(815301076,1909f56bfc062723c751e8b465ee728b)
Start importing Assets/subModels/Castle/towerSquareBaseBorder.fbx using Guid(4301b58ac5309ec4880a475c2d96b79a) Importer(815301076,1909f56bfc062723c751e8b465ee728b) [PhysX] Initialized MultithreadedTaskDispatcher with 4 workers.
[PhysX] Initialized MultithreadedTaskDispatcher with 4 workers.
[PhysX] Initialized MultithreadedTaskDispatcher with 4 workers.
 -> (artifact id: '4aa375f0617d662c58f0cc86b8ee08c5') in 0.176724 seconds
Number of updated asset objects reloaded before import = 0
Number of asset objects unloaded after import = 9
========================================================================
Received Import Request.
  Time since last request: 0.510656 seconds.
  path: Assets/subModels/Castle/Materials/dark.mat
  artifactKey: Guid(94dd691582cccf14f93ce4cc3a1b3d69) Importer(815301076,1909f56bfc062723c751e8b465ee728b)
Start importing Assets/subModels/Castle/Materials/dark.mat using Guid(94dd691582cccf14f93ce4cc3a1b3d69) Importer(815301076,1909f56bfc062723c751e8b465ee728b) [PhysX] Initialized MultithreadedTaskDispatcher with 4 workers.
[PhysX] Initialized MultithreadedTaskDispatcher with 4 workers.
 -> (artifact id: '14752323c1c38df87ef20653801fda48') in 0.059333 seconds
Number of updated asset objects reloaded before import = 0
Number of asset objects unloaded after import = 1
========================================================================
Received Import Request.
  Time since last request: 0.000259 seconds.
  path: Assets/subModels/Castle/Materials/knightRed.mat
  artifactKey: Guid(b0c317569f1dd1c4aa3f0a1a3a64c08c) Importer(815301076,1909f56bfc062723c751e8b465ee728b)
Start importing Assets/subModels/Castle/Materials/knightRed.mat using Guid(b0c317569f1dd1c4aa3f0a1a3a64c08c) Importer(815301076,1909f56bfc062723c751e8b465ee728b) [PhysX] Initialized MultithreadedTaskDispatcher with 4 workers.
[PhysX] Initialized MultithreadedTaskDispatcher with 4 workers.
 -> (artifact id: '17515ffb47b41f01896b314be0ab44c2') in 0.137422 seconds
Number of updated asset objects reloaded before import = 0
Number of asset objects unloaded after import = 2
========================================================================
Received Import Request.
  Time since last request: 0.000183 seconds.
  path: Assets/subModels/Castle/Materials/wallDark.mat
  artifactKey: Guid(f84de67fbd2a7094a97b4dfb0679248c) Importer(815301076,1909f56bfc062723c751e8b465ee728b)
Start importing Assets/subModels/Castle/Materials/wallDark.mat using Guid(f84de67fbd2a7094a97b4dfb0679248c) Importer(815301076,1909f56bfc062723c751e8b465ee728b) [PhysX] Initialized MultithreadedTaskDispatcher with 4 workers.
[PhysX] Initialized MultithreadedTaskDispatcher with 4 workers.
 -> (artifact id: '651629eb320fde01d6a439822d4169a6') in 0.118341 seconds
Number of updated asset objects reloaded before import = 0
Number of asset objects unloaded after import = 1
========================================================================
Received Import Request.
  Time since last request: 0.524626 seconds.
  path: Assets/subModels/Castle/Textures/converter.png
  artifactKey: Guid(e28da6991ca494a449086c28a77aebfb) Importer(815301076,1909f56bfc062723c751e8b465ee728b)
Start importing Assets/subModels/Castle/Textures/converter.png using Guid(e28da6991ca494a449086c28a77aebfb) Importer(815301076,1909f56bfc062723c751e8b465ee728b) [PhysX] Initialized MultithreadedTaskDispatcher with 4 workers.
[PhysX] Initialized MultithreadedTaskDispatcher with 4 workers.
 -> (artifact id: '837eb26833bdbb4af3ddba38350f0c33') in 0.173856 seconds
Number of updated asset objects reloaded before import = 0
Number of asset objects unloaded after import = 2
========================================================================
Received Import Request.
  Time since last request: 2.508159 seconds.
  path: Assets/subModels/chest.fbx
  artifactKey: Guid(f657936015b7b90489fd390dc2831618) Importer(815301076,1909f56bfc062723c751e8b465ee728b)
Start importing Assets/subModels/chest.fbx using Guid(f657936015b7b90489fd390dc2831618) Importer(815301076,1909f56bfc062723c751e8b465ee728b) [PhysX] Initialized MultithreadedTaskDispatcher with 4 workers.
[PhysX] Initialized MultithreadedTaskDispatcher with 4 workers.
[PhysX] Initialized MultithreadedTaskDispatcher with 4 workers.
[PhysX] Initialized MultithreadedTaskDispatcher with 4 workers.
[PhysX] Initialized MultithreadedTaskDispatcher with 4 workers.
 -> (artifact id: '990c4878e5e0a65dab33a796853b0d28') in 0.242057 seconds
Number of updated asset objects reloaded before import = 0
Number of asset objects unloaded after import = 14
========================================================================
Received Import Request.
  Time since last request: 0.001156 seconds.
  path: Assets/subModels/crops_dirtDoubleRow.fbx
  artifactKey: Guid(751e84a5d18757048942b96f04f3229d) Importer(815301076,1909f56bfc062723c751e8b465ee728b)
Start importing Assets/subModels/crops_dirtDoubleRow.fbx using Guid(751e84a5d18757048942b96f04f3229d) Importer(815301076,1909f56bfc062723c751e8b465ee728b) [PhysX] Initialized MultithreadedTaskDispatcher with 4 workers.
[PhysX] Initialized MultithreadedTaskDispatcher with 4 workers.
[PhysX] Initialized MultithreadedTaskDispatcher with 4 workers.
[PhysX] Initialized MultithreadedTaskDispatcher with 4 workers.
[PhysX] Initialized MultithreadedTaskDispatcher with 4 workers.
 -> (artifact id: 'fbb0123769bebaae4d2b5751bd751253') in 0.261293 seconds
Number of updated asset objects reloaded before import = 0
Number of asset objects unloaded after import = 9
========================================================================
Received Import Request.
  Time since last request: 0.003264 seconds.
  path: Assets/subModels/crop_turnip.fbx
  artifactKey: Guid(75070ddcb7b31934daf2d3c47097ff89) Importer(815301076,1909f56bfc062723c751e8b465ee728b)
Start importing Assets/subModels/crop_turnip.fbx using Guid(75070ddcb7b31934daf2d3c47097ff89) Importer(815301076,1909f56bfc062723c751e8b465ee728b) [PhysX] Initialized MultithreadedTaskDispatcher with 4 workers.
[PhysX] Initialized MultithreadedTaskDispatcher with 4 workers.
[PhysX] Initialized MultithreadedTaskDispatcher with 4 workers.
[PhysX] Initialized MultithreadedTaskDispatcher with 4 workers.
[PhysX] Initialized MultithreadedTaskDispatcher with 4 workers.
 -> (artifact id: '317c7f680a5e5b68b3f0bb176b6bc697') in 0.189839 seconds
Number of updated asset objects reloaded before import = 0
Number of asset objects unloaded after import = 9
========================================================================
Received Import Request.
  Time since last request: 0.000496 seconds.
  path: Assets/subModels/crops_cornStageB.fbx
  artifactKey: Guid(c4b8556196eef54448d6accebdeec108) Importer(815301076,1909f56bfc062723c751e8b465ee728b)
Start importing Assets/subModels/crops_cornStageB.fbx using Guid(c4b8556196eef54448d6accebdeec108) Importer(815301076,1909f56bfc062723c751e8b465ee728b) [PhysX] Initialized MultithreadedTaskDispatcher with 4 workers.
[PhysX] Initialized MultithreadedTaskDispatcher with 4 workers.
[PhysX] Initialized MultithreadedTaskDispatcher with 4 workers.
[PhysX] Initialized MultithreadedTaskDispatcher with 4 workers.
 -> (artifact id: '31457d2864874fde6639c634e789200e') in 0.141841 seconds
Number of updated asset objects reloaded before import = 0
Number of asset objects unloaded after import = 8
========================================================================
Received Import Request.
  Time since last request: 3.635947 seconds.
  path: Assets/Models/Units/Archer Tower.prefab
  artifactKey: Guid(9b52a29bbc523274ca667c87ac75f13f) Importer(815301076,1909f56bfc062723c751e8b465ee728b)
Start importing Assets/Models/Units/Archer Tower.prefab using Guid(9b52a29bbc523274ca667c87ac75f13f) Importer(815301076,1909f56bfc062723c751e8b465ee728b) [PhysX] Initialized MultithreadedTaskDispatcher with 4 workers.
[PhysX] Initialized MultithreadedTaskDispatcher with 4 workers.
 -> (artifact id: 'd2327ccc590c88b7b54d328a54099ee8') in 0.089461 seconds
Number of updated asset objects reloaded before import = 0
Number of asset objects unloaded after import = 41
========================================================================
Received Import Request.
  Time since last request: 0.000244 seconds.
  path: Assets/Models/Units/Zombie.prefab
  artifactKey: Guid(327e29fc5305c254da44b350f3c9a8b7) Importer(815301076,1909f56bfc062723c751e8b465ee728b)
Start importing Assets/Models/Units/Zombie.prefab using Guid(327e29fc5305c254da44b350f3c9a8b7) Importer(815301076,1909f56bfc062723c751e8b465ee728b) [PhysX] Initialized MultithreadedTaskDispatcher with 4 workers.
[PhysX] Initialized MultithreadedTaskDispatcher with 4 workers.
 -> (artifact id: 'ef5a453ab12bf03fce3e4af6dd91bd16') in 0.086344 seconds
Number of updated asset objects reloaded before import = 0
Number of asset objects unloaded after import = 24
========================================================================
Received Import Request.
  Time since last request: 1.418039 seconds.
  path: Assets/Models/Resources/treasure.prefab
  artifactKey: Guid(8bd4ed72f8e62f34e97f5e4fbf4deabf) Importer(815301076,1909f56bfc062723c751e8b465ee728b)
Start importing Assets/Models/Resources/treasure.prefab using Guid(8bd4ed72f8e62f34e97f5e4fbf4deabf) Importer(815301076,1909f56bfc062723c751e8b465ee728b) [PhysX] Initialized MultithreadedTaskDispatcher with 4 workers.
[PhysX] Initialized MultithreadedTaskDispatcher with 4 workers.
 -> (artifact id: '91cc501cca27f33bb6472dee6a7f9473') in 0.117147 seconds
Number of updated asset objects reloaded before import = 0
Number of asset objects unloaded after import = 16
========================================================================
Received Import Request.
  Time since last request: 1.386773 seconds.
  path: Assets/Models/Buildings/farm_model.prefab
  artifactKey: Guid(b5df81b7a7f04d44193d0d4bdc14e1ab) Importer(815301076,1909f56bfc062723c751e8b465ee728b)
Start importing Assets/Models/Buildings/farm_model.prefab using Guid(b5df81b7a7f04d44193d0d4bdc14e1ab) Importer(815301076,1909f56bfc062723c751e8b465ee728b) [PhysX] Initialized MultithreadedTaskDispatcher with 4 workers.
[PhysX] Initialized MultithreadedTaskDispatcher with 4 workers.
 -> (artifact id: '500f3bc125440600daa1687689cf9efb') in 0.145810 seconds
Number of updated asset objects reloaded before import = 0
Number of asset objects unloaded after import = 539
========================================================================
Received Import Request.
  Time since last request: 0.000044 seconds.
  path: Assets/Models/Buildings/town_center_model.prefab
  artifactKey: Guid(6761c410843c8c047bdf217375134437) Importer(815301076,1909f56bfc062723c751e8b465ee728b)
Start importing Assets/Models/Buildings/town_center_model.prefab using Guid(6761c410843c8c047bdf217375134437) Importer(815301076,1909f56bfc062723c751e8b465ee728b) [PhysX] Initialized MultithreadedTaskDispatcher with 4 workers.
[PhysX] Initialized MultithreadedTaskDispatcher with 4 workers.
 -> (artifact id: 'af9bebeb9679b824978a605e84ed7ede') in 0.354442 seconds
Number of updated asset objects reloaded before import = 0
Number of asset objects unloaded after import = 366
Editor requested this worker to shutdown with reason: Scaling down because of idle timeout
TcpMessagingSession - receive error: operation aborted. errorcode: 995, details:  /   -       .
AssetImportWorker is now disconnected from the server
Process exiting
Exiting without the bug reporter. Application will terminate with return code 0