Using pre-set license
Built from '2022.3/release' branch; Version is '2022.3.48f1 (8bf49c377ebf) revision 9172124'; Using compiler version '192829333'; Build Type 'Release'
OS: 'Windows 10  (10.0.19045) 64bit Core' Language: 'ru' Physical Memory: 16154 MB
BatchMode: 1, IsHumanControllingUs: 0, StartBugReporterOnCrash: 0, Is64bit: 1, IsPro: 1

COMMAND LINE ARGUMENTS:
D:\Program Files\2022.3.48f1\Editor\Unity.exe
-adb2
-batchMode
-noUpm
-name
AssetImportWorker3
-projectPath
C:/Users/Admin/Documents/GitHub/armen_0/RTS 2024(1)
-logFile
Logs/AssetImportWorker3.log
-srvPort
57028
Successfully changed project path to: C:/Users/Admin/Documents/GitHub/armen_0/RTS 2024(1)
C:/Users/Admin/Documents/GitHub/armen_0/RTS 2024(1)
[UnityMemory] Configuration Parameters - Can be set up in boot.config
    "memorysetup-bucket-allocator-granularity=16"
    "memorysetup-bucket-allocator-bucket-count=8"
    "memorysetup-bucket-allocator-block-size=33554432"
    "memorysetup-bucket-allocator-block-count=8"
    "memorysetup-main-allocator-block-size=16777216"
    "memorysetup-thread-allocator-block-size=16777216"
    "memorysetup-gfx-main-allocator-block-size=16777216"
    "memorysetup-gfx-thread-allocator-block-size=16777216"
    "memorysetup-cache-allocator-block-size=4194304"
    "memorysetup-typetree-allocator-block-size=2097152"
    "memorysetup-profiler-bucket-allocator-granularity=16"
    "memorysetup-profiler-bucket-allocator-bucket-count=8"
    "memorysetup-profiler-bucket-allocator-block-size=33554432"
    "memorysetup-profiler-bucket-allocator-block-count=8"
    "memorysetup-profiler-allocator-block-size=16777216"
    "memorysetup-profiler-editor-allocator-block-size=1048576"
    "memorysetup-temp-allocator-size-main=16777216"
    "memorysetup-job-temp-allocator-block-size=2097152"
    "memorysetup-job-temp-allocator-block-size-background=1048576"
    "memorysetup-job-temp-allocator-reduction-small-platforms=262144"
    "memorysetup-allocator-temp-initial-block-size-main=262144"
    "memorysetup-allocator-temp-initial-block-size-worker=262144"
    "memorysetup-temp-allocator-size-background-worker=32768"
    "memorysetup-temp-allocator-size-job-worker=262144"
    "memorysetup-temp-allocator-size-preload-manager=33554432"
    "memorysetup-temp-allocator-size-nav-mesh-worker=65536"
    "memorysetup-temp-allocator-size-audio-worker=65536"
    "memorysetup-temp-allocator-size-cloud-worker=32768"
    "memorysetup-temp-allocator-size-gi-baking-worker=262144"
    "memorysetup-temp-allocator-size-gfx=262144"
Player connection [13228]  Target information:

Player connection [13228]  * "[IP] 26.5.36.145 [Port] 0 [Flags] 2 [Guid] 1779444965 [EditorId] 1779444965 [Version] 1048832 [Id] WindowsEditor(7,DESKTOP-QJQL6T5) [Debug] 1 [PackageName] WindowsEditor [ProjectName] Editor" 

Player connection [13228]  * "[IP] 192.168.0.237 [Port] 0 [Flags] 2 [Guid] 1779444965 [EditorId] 1779444965 [Version] 1048832 [Id] WindowsEditor(7,DESKTOP-QJQL6T5) [Debug] 1 [PackageName] WindowsEditor [ProjectName] Editor" 

Player connection [13228] Host joined multi-casting on [225.0.0.222:54997]...
Player connection [13228] Host joined alternative multi-casting on [225.0.0.222:34997]...
[PhysX] Initialized MultithreadedTaskDispatcher with 16 workers.
Refreshing native plugins compatible for Editor in 5.57 ms, found 3 plugins.
Preloading 0 native plugins for Editor in 0.00 ms.
Initialize engine version: 2022.3.48f1 (8bf49c377ebf)
[Subsystems] Discovering subsystems at path D:/Program Files/2022.3.48f1/Editor/Data/Resources/UnitySubsystems
[Subsystems] Discovering subsystems at path C:/Users/Admin/Documents/GitHub/armen_0/RTS 2024(1)/Assets
GfxDevice: creating device client; threaded=0; jobified=0
Direct3D:
    Version:  Direct3D 11.0 [level 11.1]
    Renderer: NVIDIA GeForce RTX 4060 (ID=0x2882)
    Vendor:   NVIDIA
    VRAM:     7957 MB
    Driver:   32.0.15.6094
Initialize mono
Mono path[0] = 'D:/Program Files/2022.3.48f1/Editor/Data/Managed'
Mono path[1] = 'D:/Program Files/2022.3.48f1/Editor/Data/MonoBleedingEdge/lib/mono/unityjit-win32'
Mono config path = 'D:/Program Files/2022.3.48f1/Editor/Data/MonoBleedingEdge/etc'
Using monoOptions --debugger-agent=transport=dt_socket,embedding=1,server=y,suspend=n,address=127.0.0.1:56292
Begin MonoManager ReloadAssembly
Registering precompiled unity dll's ...
Register platform support module: D:/Program Files/2022.3.48f1/Editor/Data/PlaybackEngines/WindowsStandaloneSupport/UnityEditor.WindowsStandalone.Extensions.dll
Registered in 0.003528 seconds.
- Loaded All Assemblies, in  0.344 seconds
Native extension for WindowsStandalone target not found
Mono: successfully reloaded assembly
- Finished resetting the current domain, in  0.318 seconds
Domain Reload Profiling: 662ms
	BeginReloadAssembly (92ms)
		ExecutionOrderSort (0ms)
		DisableScriptedObjects (0ms)
		BackupInstance (0ms)
		ReleaseScriptingObjects (0ms)
		CreateAndSetChildDomain (1ms)
	RebuildCommonClasses (36ms)
	RebuildNativeTypeToScriptingClass (13ms)
	initialDomainReloadingComplete (56ms)
	LoadAllAssembliesAndSetupDomain (146ms)
		LoadAssemblies (92ms)
		RebuildTransferFunctionScriptingTraits (0ms)
		AnalyzeDomain (145ms)
			TypeCache.Refresh (144ms)
				TypeCache.ScanAssembly (130ms)
			ScanForSourceGeneratedMonoScriptInfo (0ms)
			ResolveRequiredComponents (1ms)
	FinalizeReload (318ms)
		ReleaseScriptCaches (0ms)
		RebuildScriptCaches (0ms)
		SetupLoadedEditorAssemblies (264ms)
			LogAssemblyErrors (0ms)
			InitializePlatformSupportModulesInManaged (10ms)
			SetLoadedEditorAssemblies (9ms)
			RefreshPlugins (0ms)
			BeforeProcessingInitializeOnLoad (3ms)
			ProcessInitializeOnLoadAttributes (188ms)
			ProcessInitializeOnLoadMethodAttributes (55ms)
			AfterProcessingInitializeOnLoad (0ms)
			EditorAssembliesLoaded (0ms)
		ExecutionOrderSort2 (0ms)
		AwakeInstancesAfterBackupRestoration (0ms)
========================================================================
Worker process is ready to serve import requests
Caller must complete domain reload
Begin MonoManager ReloadAssembly
- Loaded All Assemblies, in  0.626 seconds
Native extension for WindowsStandalone target not found
Package Manager log level set to [2]
[Package Manager] Server::EnsureServerProcessIsRunning -- launch failed, reason: Unity was launched with the -noUpm command-line argument
[Package Manager] UpmClient::Send -- Unable to send message (not connected to UPM process).
[Package Manager] Cannot connect to Unity Package Manager local server
Mono: successfully reloaded assembly
- Finished resetting the current domain, in  0.888 seconds
Domain Reload Profiling: 1514ms
	BeginReloadAssembly (146ms)
		ExecutionOrderSort (0ms)
		DisableScriptedObjects (7ms)
		BackupInstance (0ms)
		ReleaseScriptingObjects (0ms)
		CreateAndSetChildDomain (18ms)
	RebuildCommonClasses (35ms)
	RebuildNativeTypeToScriptingClass (13ms)
	initialDomainReloadingComplete (41ms)
	LoadAllAssembliesAndSetupDomain (390ms)
		LoadAssemblies (279ms)
		RebuildTransferFunctionScriptingTraits (0ms)
		AnalyzeDomain (195ms)
			TypeCache.Refresh (172ms)
				TypeCache.ScanAssembly (158ms)
			ScanForSourceGeneratedMonoScriptInfo (16ms)
			ResolveRequiredComponents (6ms)
	FinalizeReload (888ms)
		ReleaseScriptCaches (0ms)
		RebuildScriptCaches (0ms)
		SetupLoadedEditorAssemblies (726ms)
			LogAssemblyErrors (0ms)
			InitializePlatformSupportModulesInManaged (6ms)
			SetLoadedEditorAssemblies (5ms)
			RefreshPlugins (0ms)
			BeforeProcessingInitializeOnLoad (61ms)
			ProcessInitializeOnLoadAttributes (629ms)
			ProcessInitializeOnLoadMethodAttributes (24ms)
			AfterProcessingInitializeOnLoad (3ms)
			EditorAssembliesLoaded (0ms)
		ExecutionOrderSort2 (0ms)
		AwakeInstancesAfterBackupRestoration (7ms)
Launched and connected shader compiler UnityShaderCompiler.exe after 0.03 seconds
Refreshing native plugins compatible for Editor in 1.22 ms, found 3 plugins.
Preloading 0 native plugins for Editor in 0.00 ms.
Unloading 3089 Unused Serialized files (Serialized files now loaded: 0)
Unloading 19 unused Assets / (54.9 KB). Loaded Objects now: 3556.
Memory consumption went from 118.9 MB to 118.8 MB.
Total: 2.379900 ms (FindLiveObjects: 0.155600 ms CreateObjectMapping: 0.065900 ms MarkObjects: 2.082500 ms  DeleteObjects: 0.074900 ms)

AssetImportParameters requested are different than current active one (requested -> active):
  custom:container-demuxer-ogg: 62fdf1f143b41e24485cea50d1cbac27 -> 
  custom:video-decoder-ogg-theora: a1e56fd34408186e4bbccfd4996cb3dc -> 
  custom:framework-win-MediaFoundation: 216162199b28c13a410421893ffa2e32 -> 
  custom:CustomObjectIndexerAttribute: 9a22284fe3817be447336de3de66b15e -> 
  custom:container-demuxer-webm: 4f35f7cbe854078d1ac9338744f61a02 -> 
  custom:container-muxer-webm: aa71ff27fc2769a1b78a27578f13a17b -> 
  custom:video-decoder-webm-vp8: 9c59270c3fd7afecdb556c50c9e8de78 -> 
  custom:SearchIndexIgnoredProperties: e643bd26f0fe6173181afceb89e7c659 -> 
  custom:AudioImporter_EditorPlatform: d09bf68614088b80899f8185d706f6e7 -> 
  custom:video-encoder-webm-vp8: eb34c28f22e8b96e1ab97ce403110664 -> 
  custom:audio-decoder-ogg-vorbis: bf7c407c2cedff20999df2af8eb42d56 -> 
  custom:audio-encoder-webm-vorbis: bf7c407c2cedff20999df2af8eb42d56 -> 
========================================================================
Received Import Request.
  Time since last request: 4114.049402 seconds.
  path: Assets/Models/Units/Archer.prefab
  artifactKey: Guid(822451c3cfcd85c418c521a0c60f16ac) Importer(815301076,1909f56bfc062723c751e8b465ee728b)
Start importing Assets/Models/Units/Archer.prefab using Guid(822451c3cfcd85c418c521a0c60f16ac) Importer(815301076,1909f56bfc062723c751e8b465ee728b) [PhysX] Initialized MultithreadedTaskDispatcher with 16 workers.
[PhysX] Initialized MultithreadedTaskDispatcher with 16 workers.
 -> (artifact id: '4acf1ef61a7c3d412e62f96c51a631c8') in 0.075491 seconds
Number of updated asset objects reloaded before import = 0
Number of asset objects unloaded after import = 35
========================================================================
Received Import Request.
  Time since last request: 0.000023 seconds.
  path: Assets/Models/Buildings/town_center_model.prefab
  artifactKey: Guid(6761c410843c8c047bdf217375134437) Importer(815301076,1909f56bfc062723c751e8b465ee728b)
Start importing Assets/Models/Buildings/town_center_model.prefab using Guid(6761c410843c8c047bdf217375134437) Importer(815301076,1909f56bfc062723c751e8b465ee728b) [PhysX] Initialized MultithreadedTaskDispatcher with 16 workers.
[PhysX] Initialized MultithreadedTaskDispatcher with 16 workers.
 -> (artifact id: '7e249323eea136d50640d86c0b4dff38') in 0.016595 seconds
Number of updated asset objects reloaded before import = 0
Number of asset objects unloaded after import = 366
========================================================================
Received Import Request.
  Time since last request: 0.000012 seconds.
  path: Assets/Models/Buildings/granary_model.prefab
  artifactKey: Guid(5acbb84af993e2b4f9fd2a8aecdd13e3) Importer(815301076,1909f56bfc062723c751e8b465ee728b)
Start importing Assets/Models/Buildings/granary_model.prefab using Guid(5acbb84af993e2b4f9fd2a8aecdd13e3) Importer(815301076,1909f56bfc062723c751e8b465ee728b) [PhysX] Initialized MultithreadedTaskDispatcher with 16 workers.
[PhysX] Initialized MultithreadedTaskDispatcher with 16 workers.
 -> (artifact id: 'a575360762473818ab3738cf9cd6e6da') in 0.011883 seconds
Number of updated asset objects reloaded before import = 0
Number of asset objects unloaded after import = 213
========================================================================
Received Import Request.
  Time since last request: 0.000014 seconds.
  path: Assets/Models/Units/Villager.prefab
  artifactKey: Guid(e2d361d46eb2a474da958c76590175b6) Importer(815301076,1909f56bfc062723c751e8b465ee728b)
Start importing Assets/Models/Units/Villager.prefab using Guid(e2d361d46eb2a474da958c76590175b6) Importer(815301076,1909f56bfc062723c751e8b465ee728b) [PhysX] Initialized MultithreadedTaskDispatcher with 16 workers.
[PhysX] Initialized MultithreadedTaskDispatcher with 16 workers.
 -> (artifact id: 'a7a2aea84e92a13f5914d706d1135066') in 0.010621 seconds
Number of updated asset objects reloaded before import = 0
Number of asset objects unloaded after import = 81
========================================================================
Received Import Request.
  Time since last request: 0.000014 seconds.
  path: Assets/Models/Units/Heavy Warrior.prefab
  artifactKey: Guid(e0a82d04897f7b74a83b569473647a10) Importer(815301076,1909f56bfc062723c751e8b465ee728b)
Start importing Assets/Models/Units/Heavy Warrior.prefab using Guid(e0a82d04897f7b74a83b569473647a10) Importer(815301076,1909f56bfc062723c751e8b465ee728b) [PhysX] Initialized MultithreadedTaskDispatcher with 16 workers.
[PhysX] Initialized MultithreadedTaskDispatcher with 16 workers.
 -> (artifact id: 'bf1bbc9e8932ec864b4a3e9bbf5d08dc') in 0.006246 seconds
Number of updated asset objects reloaded before import = 0
Number of asset objects unloaded after import = 39
========================================================================
Received Import Request.
  Time since last request: 0.000010 seconds.
  path: Assets/Models/Buildings/tower_level1_model.prefab
  artifactKey: Guid(9a7d3b51deaf30a4ab3f08dddbe5e949) Importer(815301076,1909f56bfc062723c751e8b465ee728b)
Start importing Assets/Models/Buildings/tower_level1_model.prefab using Guid(9a7d3b51deaf30a4ab3f08dddbe5e949) Importer(815301076,1909f56bfc062723c751e8b465ee728b) [PhysX] Initialized MultithreadedTaskDispatcher with 16 workers.
[PhysX] Initialized MultithreadedTaskDispatcher with 16 workers.
 -> (artifact id: 'cf4696f6112079922d809edb07a7e477') in 0.006901 seconds
Number of updated asset objects reloaded before import = 0
Number of asset objects unloaded after import = 40
========================================================================
Received Import Request.
  Time since last request: 0.000013 seconds.
  path: Assets/Models/Buildings/Storage Model.prefab
  artifactKey: Guid(2712e8446c71581439f99e159579d13b) Importer(815301076,1909f56bfc062723c751e8b465ee728b)
Start importing Assets/Models/Buildings/Storage Model.prefab using Guid(2712e8446c71581439f99e159579d13b) Importer(815301076,1909f56bfc062723c751e8b465ee728b) [PhysX] Initialized MultithreadedTaskDispatcher with 16 workers.
[PhysX] Initialized MultithreadedTaskDispatcher with 16 workers.
 -> (artifact id: '58d83aeb7ce7bf4f6a312b15330da319') in 0.007567 seconds
Number of updated asset objects reloaded before import = 0
Number of asset objects unloaded after import = 50
========================================================================
Received Import Request.
  Time since last request: 0.000017 seconds.
  path: Assets/Models/Units/Zombie.prefab
  artifactKey: Guid(327e29fc5305c254da44b350f3c9a8b7) Importer(815301076,1909f56bfc062723c751e8b465ee728b)
Start importing Assets/Models/Units/Zombie.prefab using Guid(327e29fc5305c254da44b350f3c9a8b7) Importer(815301076,1909f56bfc062723c751e8b465ee728b) [PhysX] Initialized MultithreadedTaskDispatcher with 16 workers.
[PhysX] Initialized MultithreadedTaskDispatcher with 16 workers.
 -> (artifact id: 'a36bf3fcbc0fb6645a36f16ee7260d30') in 0.006154 seconds
Number of updated asset objects reloaded before import = 0
Number of asset objects unloaded after import = 24
========================================================================
Received Import Request.
  Time since last request: 0.000012 seconds.
  path: Assets/Models/Buildings/temple_model.prefab
  artifactKey: Guid(066de02024f8f4641876b1f9f393860a) Importer(815301076,1909f56bfc062723c751e8b465ee728b)
Start importing Assets/Models/Buildings/temple_model.prefab using Guid(066de02024f8f4641876b1f9f393860a) Importer(815301076,1909f56bfc062723c751e8b465ee728b) [PhysX] Initialized MultithreadedTaskDispatcher with 16 workers.
[PhysX] Initialized MultithreadedTaskDispatcher with 16 workers.
 -> (artifact id: '764603479a2337ee0523a4b2f7a0125d') in 0.010440 seconds
Number of updated asset objects reloaded before import = 0
Number of asset objects unloaded after import = 162
========================================================================
Received Import Request.
  Time since last request: 2.045473 seconds.
  path: Assets/subModels/Castle/Textures/knightBlue.png
  artifactKey: Guid(3f96a0552b7d6cb47a428ab23e706577) Importer(815301076,1909f56bfc062723c751e8b465ee728b)
Start importing Assets/subModels/Castle/Textures/knightBlue.png using Guid(3f96a0552b7d6cb47a428ab23e706577) Importer(815301076,1909f56bfc062723c751e8b465ee728b) [PhysX] Initialized MultithreadedTaskDispatcher with 16 workers.
[PhysX] Initialized MultithreadedTaskDispatcher with 16 workers.
 -> (artifact id: '760a65ead9efcea362918240f2e311bc') in 0.052032 seconds
Number of updated asset objects reloaded before import = 0
Number of asset objects unloaded after import = 2
========================================================================
Received Import Request.
  Time since last request: 0.896711 seconds.
  path: Assets/subModels/Castle/Materials/villager.mat
  artifactKey: Guid(84cec21451d73674c84e19a3476b0cd2) Importer(815301076,1909f56bfc062723c751e8b465ee728b)
Start importing Assets/subModels/Castle/Materials/villager.mat using Guid(84cec21451d73674c84e19a3476b0cd2) Importer(815301076,1909f56bfc062723c751e8b465ee728b) [PhysX] Initialized MultithreadedTaskDispatcher with 16 workers.
[PhysX] Initialized MultithreadedTaskDispatcher with 16 workers.
 -> (artifact id: '3abdc49249e2ebaa9193c8f5112eecb8') in 0.033846 seconds
Number of updated asset objects reloaded before import = 0
Number of asset objects unloaded after import = 2
========================================================================
Received Import Request.
  Time since last request: 5.567715 seconds.
  path: Assets/UI/Textures/Buttons/Gold1Hover.png
  artifactKey: Guid(79fe52ad9c7a6f244ac209f9661fbe40) Importer(815301076,1909f56bfc062723c751e8b465ee728b)
Start importing Assets/UI/Textures/Buttons/Gold1Hover.png using Guid(79fe52ad9c7a6f244ac209f9661fbe40) Importer(815301076,1909f56bfc062723c751e8b465ee728b) [PhysX] Initialized MultithreadedTaskDispatcher with 16 workers.
[PhysX] Initialized MultithreadedTaskDispatcher with 16 workers.
 -> (artifact id: '27a43962308c7ba94669a7b78c07c5a3') in 0.027959 seconds
Number of updated asset objects reloaded before import = 0
Number of asset objects unloaded after import = 3
========================================================================
Received Import Request.
  Time since last request: 0.000017 seconds.
  path: Assets/UI/Textures/Buttons/Inactive1.png
  artifactKey: Guid(6bedd9b7abeb6cc4e9e183eab1d593c1) Importer(815301076,1909f56bfc062723c751e8b465ee728b)
Start importing Assets/UI/Textures/Buttons/Inactive1.png using Guid(6bedd9b7abeb6cc4e9e183eab1d593c1) Importer(815301076,1909f56bfc062723c751e8b465ee728b) [PhysX] Initialized MultithreadedTaskDispatcher with 16 workers.
[PhysX] Initialized MultithreadedTaskDispatcher with 16 workers.
 -> (artifact id: '457c06425d4d1e56377c1c420758de31') in 0.016021 seconds
Number of updated asset objects reloaded before import = 0
Number of asset objects unloaded after import = 3
========================================================================
Received Import Request.
  Time since last request: 0.000017 seconds.
  path: Assets/UI/Textures/Buttons/Green1.png
  artifactKey: Guid(38234e71354911a4ebbb2d1951979dc9) Importer(815301076,1909f56bfc062723c751e8b465ee728b)
Start importing Assets/UI/Textures/Buttons/Green1.png using Guid(38234e71354911a4ebbb2d1951979dc9) Importer(815301076,1909f56bfc062723c751e8b465ee728b) [PhysX] Initialized MultithreadedTaskDispatcher with 16 workers.
[PhysX] Initialized MultithreadedTaskDispatcher with 16 workers.
 -> (artifact id: 'a816dfc603516844adab061aa92d29fb') in 0.022503 seconds
Number of updated asset objects reloaded before import = 0
Number of asset objects unloaded after import = 3
========================================================================
Received Import Request.
  Time since last request: 0.000024 seconds.
  path: Assets/UI/Textures/Buttons/GreenOutlined.png
  artifactKey: Guid(ebbe462da102d9e4a93559055abb4725) Importer(815301076,1909f56bfc062723c751e8b465ee728b)
Start importing Assets/UI/Textures/Buttons/GreenOutlined.png using Guid(ebbe462da102d9e4a93559055abb4725) Importer(815301076,1909f56bfc062723c751e8b465ee728b) [PhysX] Initialized MultithreadedTaskDispatcher with 16 workers.
[PhysX] Initialized MultithreadedTaskDispatcher with 16 workers.
 -> (artifact id: 'c60aba18b86f19164c58ab817b846e07') in 0.031179 seconds
Number of updated asset objects reloaded before import = 0
Number of asset objects unloaded after import = 3
========================================================================
Received Import Request.
  Time since last request: 0.000014 seconds.
  path: Assets/UI/Textures/Buttons/InactiveOutlined.png
  artifactKey: Guid(5edf5bfbdac36d047a2368082a805cea) Importer(815301076,1909f56bfc062723c751e8b465ee728b)
Start importing Assets/UI/Textures/Buttons/InactiveOutlined.png using Guid(5edf5bfbdac36d047a2368082a805cea) Importer(815301076,1909f56bfc062723c751e8b465ee728b) [PhysX] Initialized MultithreadedTaskDispatcher with 16 workers.
[PhysX] Initialized MultithreadedTaskDispatcher with 16 workers.
 -> (artifact id: '4178eddbc979f7bb61c04ad017102c2f') in 0.046750 seconds
Number of updated asset objects reloaded before import = 0
Number of asset objects unloaded after import = 3
========================================================================
Received Import Request.
  Time since last request: 0.000015 seconds.
  path: Assets/UI/Textures/Buttons/GreenOutlinedHover.png
  artifactKey: Guid(ac9c03bdf35a08c4d8ac404a1d4987c2) Importer(815301076,1909f56bfc062723c751e8b465ee728b)
Start importing Assets/UI/Textures/Buttons/GreenOutlinedHover.png using Guid(ac9c03bdf35a08c4d8ac404a1d4987c2) Importer(815301076,1909f56bfc062723c751e8b465ee728b) [PhysX] Initialized MultithreadedTaskDispatcher with 16 workers.
[PhysX] Initialized MultithreadedTaskDispatcher with 16 workers.
 -> (artifact id: '3f30d484bfa81e291ae766e2bb8b3283') in 0.016982 seconds
Number of updated asset objects reloaded before import = 0
Number of asset objects unloaded after import = 3
========================================================================
Received Import Request.
  Time since last request: 0.000014 seconds.
  path: Assets/UI/Textures/Buttons/Green2Down.png
  artifactKey: Guid(e65456f644eaffe41994df380f531c9a) Importer(815301076,1909f56bfc062723c751e8b465ee728b)
Start importing Assets/UI/Textures/Buttons/Green2Down.png using Guid(e65456f644eaffe41994df380f531c9a) Importer(815301076,1909f56bfc062723c751e8b465ee728b) [PhysX] Initialized MultithreadedTaskDispatcher with 16 workers.
[PhysX] Initialized MultithreadedTaskDispatcher with 16 workers.
 -> (artifact id: 'c68ce74e2e9b3a234f643b9b3d6ccf00') in 0.047555 seconds
Number of updated asset objects reloaded before import = 0
Number of asset objects unloaded after import = 3
========================================================================
Received Import Request.
  Time since last request: 137.228465 seconds.
  path: Assets/UI/Textures/Icons/arrow_clockwise.png
  artifactKey: Guid(4bbaa79a6e56e114e942ec931582c0b9) Importer(815301076,1909f56bfc062723c751e8b465ee728b)
Start importing Assets/UI/Textures/Icons/arrow_clockwise.png using Guid(4bbaa79a6e56e114e942ec931582c0b9) Importer(815301076,1909f56bfc062723c751e8b465ee728b) [PhysX] Initialized MultithreadedTaskDispatcher with 16 workers.
[PhysX] Initialized MultithreadedTaskDispatcher with 16 workers.
 -> (artifact id: 'bffe0540addaf406e0a5da96b4fd79a7') in 0.008618 seconds
Number of updated asset objects reloaded before import = 0
Number of asset objects unloaded after import = 3
========================================================================
Received Import Request.
  Time since last request: 0.000859 seconds.
  path: Assets/UI/Textures/Icons/ArrowSmallDownBrown.png
  artifactKey: Guid(f7fc5f8e75256f940909227ce68e8979) Importer(815301076,1909f56bfc062723c751e8b465ee728b)
Start importing Assets/UI/Textures/Icons/ArrowSmallDownBrown.png using Guid(f7fc5f8e75256f940909227ce68e8979) Importer(815301076,1909f56bfc062723c751e8b465ee728b) [PhysX] Initialized MultithreadedTaskDispatcher with 16 workers.
[PhysX] Initialized MultithreadedTaskDispatcher with 16 workers.
 -> (artifact id: '4d6717b99c4a4eff014c97116b225676') in 0.009615 seconds
Number of updated asset objects reloaded before import = 0
Number of asset objects unloaded after import = 3
========================================================================
Received Import Request.
  Time since last request: 0.003989 seconds.
  path: Assets/UI/Textures/Icons/ArrowSmallDownGreen.png
  artifactKey: Guid(98a4e050b2f6f024eb3ec1c0da808a16) Importer(815301076,1909f56bfc062723c751e8b465ee728b)
Start importing Assets/UI/Textures/Icons/ArrowSmallDownGreen.png using Guid(98a4e050b2f6f024eb3ec1c0da808a16) Importer(815301076,1909f56bfc062723c751e8b465ee728b) [PhysX] Initialized MultithreadedTaskDispatcher with 16 workers.
[PhysX] Initialized MultithreadedTaskDispatcher with 16 workers.
 -> (artifact id: '0db7980b755f445ab69b25093c2b29a8') in 0.013239 seconds
Number of updated asset objects reloaded before import = 0
Number of asset objects unloaded after import = 3
========================================================================
Received Import Request.
  Time since last request: 0.000017 seconds.
  path: Assets/UI/Textures/Icons/ArrowSmallLeftGold.png
  artifactKey: Guid(d0bd8f9c89ca5144e9454799a0d78add) Importer(815301076,1909f56bfc062723c751e8b465ee728b)
Start importing Assets/UI/Textures/Icons/ArrowSmallLeftGold.png using Guid(d0bd8f9c89ca5144e9454799a0d78add) Importer(815301076,1909f56bfc062723c751e8b465ee728b) [PhysX] Initialized MultithreadedTaskDispatcher with 16 workers.
[PhysX] Initialized MultithreadedTaskDispatcher with 16 workers.
 -> (artifact id: '88a825330782cb51b49673755aa1abf6') in 0.007174 seconds
Number of updated asset objects reloaded before import = 0
Number of asset objects unloaded after import = 3
========================================================================
Received Import Request.
  Time since last request: 0.000025 seconds.
  path: Assets/UI/Textures/Icons/ArrowSmallUpBrown.png
  artifactKey: Guid(99627833d18721c4cbbbed18095356d2) Importer(815301076,1909f56bfc062723c751e8b465ee728b)
Start importing Assets/UI/Textures/Icons/ArrowSmallUpBrown.png using Guid(99627833d18721c4cbbbed18095356d2) Importer(815301076,1909f56bfc062723c751e8b465ee728b) [PhysX] Initialized MultithreadedTaskDispatcher with 16 workers.
[PhysX] Initialized MultithreadedTaskDispatcher with 16 workers.
 -> (artifact id: 'd38e31100feecca6d7d8270fb8c87fb4') in 0.006267 seconds
Number of updated asset objects reloaded before import = 0
Number of asset objects unloaded after import = 3
========================================================================
Received Import Request.
  Time since last request: 0.000022 seconds.
  path: Assets/UI/Textures/Icons/barracks_level1_icon.png
  artifactKey: Guid(dbdad8c973f51e944ae97f59124817d6) Importer(815301076,1909f56bfc062723c751e8b465ee728b)
Start importing Assets/UI/Textures/Icons/barracks_level1_icon.png using Guid(dbdad8c973f51e944ae97f59124817d6) Importer(815301076,1909f56bfc062723c751e8b465ee728b) [PhysX] Initialized MultithreadedTaskDispatcher with 16 workers.
[PhysX] Initialized MultithreadedTaskDispatcher with 16 workers.
 -> (artifact id: 'fbe7261ff208803daf14750ffcbb7760') in 0.017122 seconds
Number of updated asset objects reloaded before import = 0
Number of asset objects unloaded after import = 3
========================================================================
Received Import Request.
  Time since last request: 0.000019 seconds.
  path: Assets/UI/Textures/Icons/catapult_icon.psd
  artifactKey: Guid(2e0c6035e4870b84d804a645cb3fe48f) Importer(815301076,1909f56bfc062723c751e8b465ee728b)
Start importing Assets/UI/Textures/Icons/catapult_icon.psd using Guid(2e0c6035e4870b84d804a645cb3fe48f) Importer(815301076,1909f56bfc062723c751e8b465ee728b) [PhysX] Initialized MultithreadedTaskDispatcher with 16 workers.
[PhysX] Initialized MultithreadedTaskDispatcher with 16 workers.
 -> (artifact id: 'f3c25a0a41b24ef9712167e4c1c60162') in 0.010444 seconds
Number of updated asset objects reloaded before import = 0
Number of asset objects unloaded after import = 3
========================================================================
Received Import Request.
  Time since last request: 0.000021 seconds.
  path: Assets/UI/Textures/Icons/farm_icon.png
  artifactKey: Guid(3bdab9633cf502044bfe0f31278f5105) Importer(815301076,1909f56bfc062723c751e8b465ee728b)
Start importing Assets/UI/Textures/Icons/farm_icon.png using Guid(3bdab9633cf502044bfe0f31278f5105) Importer(815301076,1909f56bfc062723c751e8b465ee728b) [PhysX] Initialized MultithreadedTaskDispatcher with 16 workers.
[PhysX] Initialized MultithreadedTaskDispatcher with 16 workers.
 -> (artifact id: '370028ec3495d9f0136d1557a4efc70e') in 0.008321 seconds
Number of updated asset objects reloaded before import = 0
Number of asset objects unloaded after import = 3
========================================================================
Received Import Request.
  Time since last request: 0.000023 seconds.
  path: Assets/UI/Textures/Icons/house_icon.png
  artifactKey: Guid(dc39b5d4bccae7a4784e9c305a6f7cb5) Importer(815301076,1909f56bfc062723c751e8b465ee728b)
Start importing Assets/UI/Textures/Icons/house_icon.png using Guid(dc39b5d4bccae7a4784e9c305a6f7cb5) Importer(815301076,1909f56bfc062723c751e8b465ee728b) [PhysX] Initialized MultithreadedTaskDispatcher with 16 workers.
[PhysX] Initialized MultithreadedTaskDispatcher with 16 workers.
 -> (artifact id: '8065ed3d33c45293ac00d991f28e9d4b') in 0.007826 seconds
Number of updated asset objects reloaded before import = 0
Number of asset objects unloaded after import = 3
========================================================================
Received Import Request.
  Time since last request: 0.000013 seconds.
  path: Assets/UI/Textures/Icons/metal_icon.psd
  artifactKey: Guid(9bba75448251d3843ab6aa17d4d1330a) Importer(815301076,1909f56bfc062723c751e8b465ee728b)
Start importing Assets/UI/Textures/Icons/metal_icon.psd using Guid(9bba75448251d3843ab6aa17d4d1330a) Importer(815301076,1909f56bfc062723c751e8b465ee728b) [PhysX] Initialized MultithreadedTaskDispatcher with 16 workers.
[PhysX] Initialized MultithreadedTaskDispatcher with 16 workers.
 -> (artifact id: '090fed213b1926100a9883cbeaac9212') in 0.009883 seconds
Number of updated asset objects reloaded before import = 0
Number of asset objects unloaded after import = 3
========================================================================
Received Import Request.
  Time since last request: 0.000018 seconds.
  path: Assets/UI/Textures/Icons/orc.psd
  artifactKey: Guid(646a9231d1e6e65429c62074a8b0f3df) Importer(815301076,1909f56bfc062723c751e8b465ee728b)
Start importing Assets/UI/Textures/Icons/orc.psd using Guid(646a9231d1e6e65429c62074a8b0f3df) Importer(815301076,1909f56bfc062723c751e8b465ee728b) [PhysX] Initialized MultithreadedTaskDispatcher with 16 workers.
[PhysX] Initialized MultithreadedTaskDispatcher with 16 workers.
 -> (artifact id: '7245603beccf7f753e104c34682a3c53') in 0.009211 seconds
Number of updated asset objects reloaded before import = 0
Number of asset objects unloaded after import = 3
========================================================================
Received Import Request.
  Time since last request: 0.000019 seconds.
  path: Assets/UI/Textures/Icons/collect_resources_icon.png
  artifactKey: Guid(a93ee83b7e55b1743ab00a6b3c415d03) Importer(815301076,1909f56bfc062723c751e8b465ee728b)
Start importing Assets/UI/Textures/Icons/collect_resources_icon.png using Guid(a93ee83b7e55b1743ab00a6b3c415d03) Importer(815301076,1909f56bfc062723c751e8b465ee728b) [PhysX] Initialized MultithreadedTaskDispatcher with 16 workers.
[PhysX] Initialized MultithreadedTaskDispatcher with 16 workers.
 -> (artifact id: 'c412d0a5920da2e7c723b61d5cb644f0') in 0.009484 seconds
Number of updated asset objects reloaded before import = 0
Number of asset objects unloaded after import = 3
========================================================================
Received Import Request.
  Time since last request: 0.000017 seconds.
  path: Assets/UI/Textures/Icons/converter_icon.psd
  artifactKey: Guid(93f32e06c57754a42a58c77f39468c0d) Importer(815301076,1909f56bfc062723c751e8b465ee728b)
Start importing Assets/UI/Textures/Icons/converter_icon.psd using Guid(93f32e06c57754a42a58c77f39468c0d) Importer(815301076,1909f56bfc062723c751e8b465ee728b) [PhysX] Initialized MultithreadedTaskDispatcher with 16 workers.
[PhysX] Initialized MultithreadedTaskDispatcher with 16 workers.
 -> (artifact id: 'bab471dcbbc539d36c0d865f7cc77676') in 0.009281 seconds
Number of updated asset objects reloaded before import = 0
Number of asset objects unloaded after import = 3
========================================================================
Received Import Request.
  Time since last request: 0.000016 seconds.
  path: Assets/UI/Textures/Icons/ArrowSmallUp.png
  artifactKey: Guid(54cb3845dcd39634bbe8da35cebd6873) Importer(815301076,1909f56bfc062723c751e8b465ee728b)
Start importing Assets/UI/Textures/Icons/ArrowSmallUp.png using Guid(54cb3845dcd39634bbe8da35cebd6873) Importer(815301076,1909f56bfc062723c751e8b465ee728b) [PhysX] Initialized MultithreadedTaskDispatcher with 16 workers.
[PhysX] Initialized MultithreadedTaskDispatcher with 16 workers.
 -> (artifact id: '86f47f846b59f0caa74469bc2c80ca2c') in 0.006262 seconds
Number of updated asset objects reloaded before import = 0
Number of asset objects unloaded after import = 3
========================================================================
Received Import Request.
  Time since last request: 0.000016 seconds.
  path: Assets/UI/Textures/Icons/construct_building_icon.png
  artifactKey: Guid(73c1e5cdb3699004b9ea3efb001984d5) Importer(815301076,1909f56bfc062723c751e8b465ee728b)
Start importing Assets/UI/Textures/Icons/construct_building_icon.png using Guid(73c1e5cdb3699004b9ea3efb001984d5) Importer(815301076,1909f56bfc062723c751e8b465ee728b) [PhysX] Initialized MultithreadedTaskDispatcher with 16 workers.
[PhysX] Initialized MultithreadedTaskDispatcher with 16 workers.
 -> (artifact id: 'f6e24b65d000560cd139f6f99bfc97e9') in 0.007602 seconds
Number of updated asset objects reloaded before import = 0
Number of asset objects unloaded after import = 3
========================================================================
Received Import Request.
  Time since last request: 0.000016 seconds.
  path: Assets/UI/Textures/Icons/healer_icon.psd
  artifactKey: Guid(3bf9bc81e50045241944ad84906fbf8e) Importer(815301076,1909f56bfc062723c751e8b465ee728b)
Start importing Assets/UI/Textures/Icons/healer_icon.psd using Guid(3bf9bc81e50045241944ad84906fbf8e) Importer(815301076,1909f56bfc062723c751e8b465ee728b) [PhysX] Initialized MultithreadedTaskDispatcher with 16 workers.
[PhysX] Initialized MultithreadedTaskDispatcher with 16 workers.
 -> (artifact id: '19768f273898fee62888db2e1731bda7') in 0.007895 seconds
Number of updated asset objects reloaded before import = 0
Number of asset objects unloaded after import = 3
========================================================================
Received Import Request.
  Time since last request: 0.000015 seconds.
  path: Assets/UI/Textures/Icons/ArrowSmallLeftGreen.png
  artifactKey: Guid(7a2d7d5421317b547ae764e74f27e982) Importer(815301076,1909f56bfc062723c751e8b465ee728b)
Start importing Assets/UI/Textures/Icons/ArrowSmallLeftGreen.png using Guid(7a2d7d5421317b547ae764e74f27e982) Importer(815301076,1909f56bfc062723c751e8b465ee728b) [PhysX] Initialized MultithreadedTaskDispatcher with 16 workers.
[PhysX] Initialized MultithreadedTaskDispatcher with 16 workers.
 -> (artifact id: '61f747675a8cb983fab80ea32b641b1f') in 0.005155 seconds
Number of updated asset objects reloaded before import = 0
Number of asset objects unloaded after import = 3
========================================================================
Received Import Request.
  Time since last request: 0.000013 seconds.
  path: Assets/UI/Textures/Icons/MenuBackground.png
  artifactKey: Guid(8f71f83b141cd214fa9d95ed31c60d2f) Importer(815301076,1909f56bfc062723c751e8b465ee728b)
Start importing Assets/UI/Textures/Icons/MenuBackground.png using Guid(8f71f83b141cd214fa9d95ed31c60d2f) Importer(815301076,1909f56bfc062723c751e8b465ee728b) [PhysX] Initialized MultithreadedTaskDispatcher with 16 workers.
[PhysX] Initialized MultithreadedTaskDispatcher with 16 workers.
 -> (artifact id: '8220d8151c361833ec11c411354ff3e0') in 0.007728 seconds
Number of updated asset objects reloaded before import = 0
Number of asset objects unloaded after import = 3
========================================================================
Received Import Request.
  Time since last request: 0.000016 seconds.
  path: Assets/UI/Textures/Icons/barracks_level2_icon.png
  artifactKey: Guid(7f204d5cb77295248b751d9f36d990a9) Importer(815301076,1909f56bfc062723c751e8b465ee728b)
Start importing Assets/UI/Textures/Icons/barracks_level2_icon.png using Guid(7f204d5cb77295248b751d9f36d990a9) Importer(815301076,1909f56bfc062723c751e8b465ee728b) [PhysX] Initialized MultithreadedTaskDispatcher with 16 workers.
[PhysX] Initialized MultithreadedTaskDispatcher with 16 workers.
 -> (artifact id: 'a6fb2227a4df70a6060444aea669bd51') in 0.010329 seconds
Number of updated asset objects reloaded before import = 0
Number of asset objects unloaded after import = 3
========================================================================
Received Import Request.
  Time since last request: 0.000015 seconds.
  path: Assets/UI/Textures/Icons/ArrowSmallLeft.png
  artifactKey: Guid(699d9f43936295e4a9a9683e44a792d4) Importer(815301076,1909f56bfc062723c751e8b465ee728b)
Start importing Assets/UI/Textures/Icons/ArrowSmallLeft.png using Guid(699d9f43936295e4a9a9683e44a792d4) Importer(815301076,1909f56bfc062723c751e8b465ee728b) [PhysX] Initialized MultithreadedTaskDispatcher with 16 workers.
[PhysX] Initialized MultithreadedTaskDispatcher with 16 workers.
 -> (artifact id: 'aba76039dd402f27088ff4484dc1c869') in 0.006137 seconds
Number of updated asset objects reloaded before import = 0
Number of asset objects unloaded after import = 3
========================================================================
Received Import Request.
  Time since last request: 0.000016 seconds.
  path: Assets/UI/Textures/Icons/Grid.png
  artifactKey: Guid(b191dd971caad3a41b06af42d661e168) Importer(815301076,1909f56bfc062723c751e8b465ee728b)
Start importing Assets/UI/Textures/Icons/Grid.png using Guid(b191dd971caad3a41b06af42d661e168) Importer(815301076,1909f56bfc062723c751e8b465ee728b) [PhysX] Initialized MultithreadedTaskDispatcher with 16 workers.
[PhysX] Initialized MultithreadedTaskDispatcher with 16 workers.
 -> (artifact id: '2cb24cfb2fc6ff3beb6998eae2155915') in 0.005672 seconds
Number of updated asset objects reloaded before import = 0
Number of asset objects unloaded after import = 3
========================================================================
Received Import Request.
  Time since last request: 0.000015 seconds.
  path: Assets/UI/Textures/Icons/cursorSword_silver.png
  artifactKey: Guid(77e1083102e229b4fa967a8f4055dc3f) Importer(815301076,1909f56bfc062723c751e8b465ee728b)
Start importing Assets/UI/Textures/Icons/cursorSword_silver.png using Guid(77e1083102e229b4fa967a8f4055dc3f) Importer(815301076,1909f56bfc062723c751e8b465ee728b) [PhysX] Initialized MultithreadedTaskDispatcher with 16 workers.
[PhysX] Initialized MultithreadedTaskDispatcher with 16 workers.
 -> (artifact id: 'e89e07c6fcc34f146442c2cb9771cc14') in 0.007007 seconds
Number of updated asset objects reloaded before import = 0
Number of asset objects unloaded after import = 3
========================================================================
Received Import Request.
  Time since last request: 0.000015 seconds.
  path: Assets/UI/Textures/Icons/ArrowSmallRightGreenDark.png
  artifactKey: Guid(4302db3bff3f93947a3d50d1f957e6cb) Importer(815301076,1909f56bfc062723c751e8b465ee728b)
Start importing Assets/UI/Textures/Icons/ArrowSmallRightGreenDark.png using Guid(4302db3bff3f93947a3d50d1f957e6cb) Importer(815301076,1909f56bfc062723c751e8b465ee728b) [PhysX] Initialized MultithreadedTaskDispatcher with 16 workers.
[PhysX] Initialized MultithreadedTaskDispatcher with 16 workers.
 -> (artifact id: '981595923ceefbc256324c251b790982') in 0.005685 seconds
Number of updated asset objects reloaded before import = 0
Number of asset objects unloaded after import = 3
========================================================================
Received Import Request.
  Time since last request: 0.000016 seconds.
  path: Assets/UI/Textures/Icons/panel_blue_long.png
  artifactKey: Guid(c485f20bfd5df2c49b4e0adddfa97664) Importer(815301076,1909f56bfc062723c751e8b465ee728b)
Start importing Assets/UI/Textures/Icons/panel_blue_long.png using Guid(c485f20bfd5df2c49b4e0adddfa97664) Importer(815301076,1909f56bfc062723c751e8b465ee728b) [PhysX] Initialized MultithreadedTaskDispatcher with 16 workers.
[PhysX] Initialized MultithreadedTaskDispatcher with 16 workers.
 -> (artifact id: '3b9163b73bde76b676e43a186e1be3bc') in 0.007130 seconds
Number of updated asset objects reloaded before import = 0
Number of asset objects unloaded after import = 3
========================================================================
Received Import Request.
  Time since last request: 0.000014 seconds.
  path: Assets/UI/Textures/Icons/ArrowSmallRightBrown.png
  artifactKey: Guid(0493ec5cb5d8cd14991a16c56cf53ec5) Importer(815301076,1909f56bfc062723c751e8b465ee728b)
Start importing Assets/UI/Textures/Icons/ArrowSmallRightBrown.png using Guid(0493ec5cb5d8cd14991a16c56cf53ec5) Importer(815301076,1909f56bfc062723c751e8b465ee728b) [PhysX] Initialized MultithreadedTaskDispatcher with 16 workers.
[PhysX] Initialized MultithreadedTaskDispatcher with 16 workers.
 -> (artifact id: '856308fd82d556f14f3e94aa8aadaf3a') in 0.005491 seconds
Number of updated asset objects reloaded before import = 0
Number of asset objects unloaded after import = 3
========================================================================
Received Import Request.
  Time since last request: 0.000016 seconds.
  path: Assets/UI/Textures/Icons/panel_blue_super_long.png
  artifactKey: Guid(bd26e8ecf49f1af4e8f8dcf2af5ded87) Importer(815301076,1909f56bfc062723c751e8b465ee728b)
Start importing Assets/UI/Textures/Icons/panel_blue_super_long.png using Guid(bd26e8ecf49f1af4e8f8dcf2af5ded87) Importer(815301076,1909f56bfc062723c751e8b465ee728b) [PhysX] Initialized MultithreadedTaskDispatcher with 16 workers.
[PhysX] Initialized MultithreadedTaskDispatcher with 16 workers.
 -> (artifact id: '9922bc1d9bdba598939921685c59fb34') in 0.006255 seconds
Number of updated asset objects reloaded before import = 0
Number of asset objects unloaded after import = 3
========================================================================
Received Import Request.
  Time since last request: 9.313291 seconds.
  path: Assets/UI/Textures/Icons/Play.png
  artifactKey: Guid(d6d7b35459995d74db1f9fcf57fd25a1) Importer(815301076,1909f56bfc062723c751e8b465ee728b)
Start importing Assets/UI/Textures/Icons/Play.png using Guid(d6d7b35459995d74db1f9fcf57fd25a1) Importer(815301076,1909f56bfc062723c751e8b465ee728b) [PhysX] Initialized MultithreadedTaskDispatcher with 16 workers.
[PhysX] Initialized MultithreadedTaskDispatcher with 16 workers.
 -> (artifact id: '3038531e69836f50802a4aa3328daff8') in 0.020378 seconds
Number of updated asset objects reloaded before import = 0
Number of asset objects unloaded after import = 3
========================================================================
Received Import Request.
  Time since last request: 0.000237 seconds.
  path: Assets/UI/Textures/Icons/university_icon.png
  artifactKey: Guid(9a1e2190f6c38694ab5b108f9e2659a5) Importer(815301076,1909f56bfc062723c751e8b465ee728b)
Start importing Assets/UI/Textures/Icons/university_icon.png using Guid(9a1e2190f6c38694ab5b108f9e2659a5) Importer(815301076,1909f56bfc062723c751e8b465ee728b) [PhysX] Initialized MultithreadedTaskDispatcher with 16 workers.
[PhysX] Initialized MultithreadedTaskDispatcher with 16 workers.
 -> (artifact id: 'd9196a42a2a21476b5c0f791bdb747cc') in 0.030609 seconds
Number of updated asset objects reloaded before import = 0
Number of asset objects unloaded after import = 3
========================================================================
Received Import Request.
  Time since last request: 0.000017 seconds.
  path: Assets/UI/Textures/Icons/villager_icon.psd
  artifactKey: Guid(2d9f93e1c80a5fa4aaaa6a3e0dfeb5d3) Importer(815301076,1909f56bfc062723c751e8b465ee728b)
Start importing Assets/UI/Textures/Icons/villager_icon.psd using Guid(2d9f93e1c80a5fa4aaaa6a3e0dfeb5d3) Importer(815301076,1909f56bfc062723c751e8b465ee728b) [PhysX] Initialized MultithreadedTaskDispatcher with 16 workers.
[PhysX] Initialized MultithreadedTaskDispatcher with 16 workers.
 -> (artifact id: '4bef31c85840ec799efe71d44ba1f075') in 0.026329 seconds
Number of updated asset objects reloaded before import = 0
Number of asset objects unloaded after import = 3
========================================================================
Received Import Request.
  Time since last request: 0.000017 seconds.
  path: Assets/UI/Textures/Icons/siege_factory_icon.png
  artifactKey: Guid(226ffb4fde6ab8a49b50f10f2d8df115) Importer(815301076,1909f56bfc062723c751e8b465ee728b)
Start importing Assets/UI/Textures/Icons/siege_factory_icon.png using Guid(226ffb4fde6ab8a49b50f10f2d8df115) Importer(815301076,1909f56bfc062723c751e8b465ee728b) [PhysX] Initialized MultithreadedTaskDispatcher with 16 workers.
[PhysX] Initialized MultithreadedTaskDispatcher with 16 workers.
 -> (artifact id: '37fe6cbf99ccb1f108e3e79f7681773a') in 0.016052 seconds
Number of updated asset objects reloaded before import = 0
Number of asset objects unloaded after import = 3
========================================================================
Received Import Request.
  Time since last request: 0.000018 seconds.
  path: Assets/UI/Textures/Icons/town_center_icon.png
  artifactKey: Guid(42e13815d03e4814fab2ee1beb04d1c1) Importer(815301076,1909f56bfc062723c751e8b465ee728b)
Start importing Assets/UI/Textures/Icons/town_center_icon.png using Guid(42e13815d03e4814fab2ee1beb04d1c1) Importer(815301076,1909f56bfc062723c751e8b465ee728b) [PhysX] Initialized MultithreadedTaskDispatcher with 16 workers.
[PhysX] Initialized MultithreadedTaskDispatcher with 16 workers.
 -> (artifact id: '1297c54377de4b5cfc5ed5a802e36c7b') in 0.067085 seconds
Number of updated asset objects reloaded before import = 0
Number of asset objects unloaded after import = 3
========================================================================
Received Import Request.
  Time since last request: 0.000021 seconds.
  path: Assets/UI/Textures/Icons/X.png
  artifactKey: Guid(a6d2a7b68a9926b4e8e9779a6abd333b) Importer(815301076,1909f56bfc062723c751e8b465ee728b)
Start importing Assets/UI/Textures/Icons/X.png using Guid(a6d2a7b68a9926b4e8e9779a6abd333b) Importer(815301076,1909f56bfc062723c751e8b465ee728b) [PhysX] Initialized MultithreadedTaskDispatcher with 16 workers.
[PhysX] Initialized MultithreadedTaskDispatcher with 16 workers.
 -> (artifact id: '29b9d15cbc3dcbbc0747da777c95d1bb') in 0.021880 seconds
Number of updated asset objects reloaded before import = 0
Number of asset objects unloaded after import = 3
========================================================================
Received Import Request.
  Time since last request: 0.000014 seconds.
  path: Assets/UI/Textures/Icons/tower_level2_icon.png
  artifactKey: Guid(f3e598d65ec9d89408ca6af1876febc2) Importer(815301076,1909f56bfc062723c751e8b465ee728b)
Start importing Assets/UI/Textures/Icons/tower_level2_icon.png using Guid(f3e598d65ec9d89408ca6af1876febc2) Importer(815301076,1909f56bfc062723c751e8b465ee728b) [PhysX] Initialized MultithreadedTaskDispatcher with 16 workers.
[PhysX] Initialized MultithreadedTaskDispatcher with 16 workers.
 -> (artifact id: '93903d30a5977dd8a5f1e267021e6a5b') in 0.035975 seconds
Number of updated asset objects reloaded before import = 0
Number of asset objects unloaded after import = 3
========================================================================
Received Import Request.
  Time since last request: 23.751183 seconds.
  path: Assets/UI/Textures/Panels/CornersGold2.png
  artifactKey: Guid(2e12a439c20331e40ad02ee13d3b3e56) Importer(815301076,1909f56bfc062723c751e8b465ee728b)
Start importing Assets/UI/Textures/Panels/CornersGold2.png using Guid(2e12a439c20331e40ad02ee13d3b3e56) Importer(815301076,1909f56bfc062723c751e8b465ee728b) [PhysX] Initialized MultithreadedTaskDispatcher with 16 workers.
[PhysX] Initialized MultithreadedTaskDispatcher with 16 workers.
 -> (artifact id: 'e01a1ed952b396508eb9f1fd884add56') in 0.035102 seconds
Number of updated asset objects reloaded before import = 0
Number of asset objects unloaded after import = 3
========================================================================
Received Import Request.
  Time since last request: 0.000068 seconds.
  path: Assets/UI/Textures/Panels/TagUpBBevel.png
  artifactKey: Guid(d6709ec36e5ec6e44bfffbf256e31768) Importer(815301076,1909f56bfc062723c751e8b465ee728b)
Start importing Assets/UI/Textures/Panels/TagUpBBevel.png using Guid(d6709ec36e5ec6e44bfffbf256e31768) Importer(815301076,1909f56bfc062723c751e8b465ee728b) [PhysX] Initialized MultithreadedTaskDispatcher with 16 workers.
[PhysX] Initialized MultithreadedTaskDispatcher with 16 workers.
 -> (artifact id: '00236857697dce87e72e17ddedd48e5c') in 0.007121 seconds
Number of updated asset objects reloaded before import = 0
Number of asset objects unloaded after import = 3
========================================================================
Received Import Request.
  Time since last request: 0.000016 seconds.
  path: Assets/UI/Textures/Panels/UniversalPanel1.png
  artifactKey: Guid(9eba597d30b7a114ea7924c3748871ed) Importer(815301076,1909f56bfc062723c751e8b465ee728b)
Start importing Assets/UI/Textures/Panels/UniversalPanel1.png using Guid(9eba597d30b7a114ea7924c3748871ed) Importer(815301076,1909f56bfc062723c751e8b465ee728b) [PhysX] Initialized MultithreadedTaskDispatcher with 16 workers.
[PhysX] Initialized MultithreadedTaskDispatcher with 16 workers.
 -> (artifact id: '0760bdd58747bbfe50a121a612148d14') in 0.007477 seconds
Number of updated asset objects reloaded before import = 0
Number of asset objects unloaded after import = 3
========================================================================
Received Import Request.
  Time since last request: 0.000018 seconds.
  path: Assets/UI/Textures/Panels/Window.png
  artifactKey: Guid(63655f4cc96936340989153c4eccea19) Importer(815301076,1909f56bfc062723c751e8b465ee728b)
Start importing Assets/UI/Textures/Panels/Window.png using Guid(63655f4cc96936340989153c4eccea19) Importer(815301076,1909f56bfc062723c751e8b465ee728b) [PhysX] Initialized MultithreadedTaskDispatcher with 16 workers.
[PhysX] Initialized MultithreadedTaskDispatcher with 16 workers.
 -> (artifact id: 'be22713e321d3a6a49c725f301c971ca') in 0.032485 seconds
Number of updated asset objects reloaded before import = 0
Number of asset objects unloaded after import = 3
========================================================================
Received Import Request.
  Time since last request: 0.000020 seconds.
  path: Assets/UI/Textures/Panels/UniversalPanel3TBevel.png
  artifactKey: Guid(4fd1298263d8b1248802bb6b7d0e559c) Importer(815301076,1909f56bfc062723c751e8b465ee728b)
Start importing Assets/UI/Textures/Panels/UniversalPanel3TBevel.png using Guid(4fd1298263d8b1248802bb6b7d0e559c) Importer(815301076,1909f56bfc062723c751e8b465ee728b) [PhysX] Initialized MultithreadedTaskDispatcher with 16 workers.
[PhysX] Initialized MultithreadedTaskDispatcher with 16 workers.
 -> (artifact id: 'c34db7e557eeca69acd3be4253e7859d') in 0.031556 seconds
Number of updated asset objects reloaded before import = 0
Number of asset objects unloaded after import = 3
========================================================================
Received Import Request.
  Time since last request: 0.000017 seconds.
  path: Assets/UI/Textures/Panels/TitleBarSilver.png
  artifactKey: Guid(73c006212353af446a1d3043fcc39301) Importer(815301076,1909f56bfc062723c751e8b465ee728b)
Start importing Assets/UI/Textures/Panels/TitleBarSilver.png using Guid(73c006212353af446a1d3043fcc39301) Importer(815301076,1909f56bfc062723c751e8b465ee728b) [PhysX] Initialized MultithreadedTaskDispatcher with 16 workers.
[PhysX] Initialized MultithreadedTaskDispatcher with 16 workers.
 -> (artifact id: 'b3110aa1020055cd3096d115807cd19d') in 0.031130 seconds
Number of updated asset objects reloaded before import = 0
Number of asset objects unloaded after import = 3
========================================================================
Received Import Request.
  Time since last request: 0.000017 seconds.
  path: Assets/UI/Textures/Panels/WindowStroke.png
  artifactKey: Guid(8a7a753f989769c4ebd7f236420af813) Importer(815301076,1909f56bfc062723c751e8b465ee728b)
Start importing Assets/UI/Textures/Panels/WindowStroke.png using Guid(8a7a753f989769c4ebd7f236420af813) Importer(815301076,1909f56bfc062723c751e8b465ee728b) [PhysX] Initialized MultithreadedTaskDispatcher with 16 workers.
[PhysX] Initialized MultithreadedTaskDispatcher with 16 workers.
 -> (artifact id: 'e2982c9730bee9125617a1a403af5b00') in 0.023739 seconds
Number of updated asset objects reloaded before import = 0
Number of asset objects unloaded after import = 3
========================================================================
Received Import Request.
  Time since last request: 47.521293 seconds.
  path: Assets/UI/Textures/Bars/FillBlueSmall.png
  artifactKey: Guid(4449610df51b9404f828608bff8ab1f2) Importer(815301076,1909f56bfc062723c751e8b465ee728b)
Start importing Assets/UI/Textures/Bars/FillBlueSmall.png using Guid(4449610df51b9404f828608bff8ab1f2) Importer(815301076,1909f56bfc062723c751e8b465ee728b) [PhysX] Initialized MultithreadedTaskDispatcher with 16 workers.
[PhysX] Initialized MultithreadedTaskDispatcher with 16 workers.
 -> (artifact id: '1754d2df43b2f6107730cadd9a26bf28') in 0.039028 seconds
Number of updated asset objects reloaded before import = 0
Number of asset objects unloaded after import = 3
========================================================================
Received Import Request.
  Time since last request: 0.000015 seconds.
  path: Assets/UI/Textures/Bars/FillRedSmall.png
  artifactKey: Guid(2249d98c145d0b04c98baa43e0387581) Importer(815301076,1909f56bfc062723c751e8b465ee728b)
Start importing Assets/UI/Textures/Bars/FillRedSmall.png using Guid(2249d98c145d0b04c98baa43e0387581) Importer(815301076,1909f56bfc062723c751e8b465ee728b) [PhysX] Initialized MultithreadedTaskDispatcher with 16 workers.
[PhysX] Initialized MultithreadedTaskDispatcher with 16 workers.
 -> (artifact id: 'bc0f5f4feb441be6052d9cbade11db24') in 0.100214 seconds
Number of updated asset objects reloaded before import = 0
Number of asset objects unloaded after import = 3
========================================================================
Received Import Request.
  Time since last request: 24.477088 seconds.
  path: Assets/Models/Resources/tree_resource_model.prefab
  artifactKey: Guid(c2c69f8104c371c4a9ff5d159de70649) Importer(815301076,1909f56bfc062723c751e8b465ee728b)
Start importing Assets/Models/Resources/tree_resource_model.prefab using Guid(c2c69f8104c371c4a9ff5d159de70649) Importer(815301076,1909f56bfc062723c751e8b465ee728b) [PhysX] Initialized MultithreadedTaskDispatcher with 16 workers.
[PhysX] Initialized MultithreadedTaskDispatcher with 16 workers.
 -> (artifact id: 'c4433203e57b62e75a8ed33c2543cd16') in 0.020328 seconds
Number of updated asset objects reloaded before import = 0
Number of asset objects unloaded after import = 11
========================================================================
Received Import Request.
  Time since last request: 7.006911 seconds.
  path: Assets/Sounds/builder move sound.mp3
  artifactKey: Guid(d6b5ae55af9f2d243a68cbbf42269bf6) Importer(815301076,1909f56bfc062723c751e8b465ee728b)
Start importing Assets/Sounds/builder move sound.mp3 using Guid(d6b5ae55af9f2d243a68cbbf42269bf6) Importer(815301076,1909f56bfc062723c751e8b465ee728b) [PhysX] Initialized MultithreadedTaskDispatcher with 16 workers.
[PhysX] Initialized MultithreadedTaskDispatcher with 16 workers.
 -> (artifact id: 'f5c95e7e27943ac68d3c3e0233fab41c') in 0.033582 seconds
Number of updated asset objects reloaded before import = 0
Number of asset objects unloaded after import = 2
========================================================================
Received Import Request.
  Time since last request: 0.000018 seconds.
  path: Assets/Sounds/lose sound.mp3
  artifactKey: Guid(70dd69b09444f9b4695bc5cdae6a201b) Importer(815301076,1909f56bfc062723c751e8b465ee728b)
Start importing Assets/Sounds/lose sound.mp3 using Guid(70dd69b09444f9b4695bc5cdae6a201b) Importer(815301076,1909f56bfc062723c751e8b465ee728b) [PhysX] Initialized MultithreadedTaskDispatcher with 16 workers.
[PhysX] Initialized MultithreadedTaskDispatcher with 16 workers.
 -> (artifact id: '6feb773bea23161e9fd02671173a8fd4') in 0.007569 seconds
Number of updated asset objects reloaded before import = 0
Number of asset objects unloaded after import = 2
========================================================================
Received Import Request.
  Time since last request: 0.000105 seconds.
  path: Assets/Sounds/enemy noticed.mp3
  artifactKey: Guid(c0ad365d95359c044832b29b564c08bd) Importer(815301076,1909f56bfc062723c751e8b465ee728b)
Start importing Assets/Sounds/enemy noticed.mp3 using Guid(c0ad365d95359c044832b29b564c08bd) Importer(815301076,1909f56bfc062723c751e8b465ee728b) [PhysX] Initialized MultithreadedTaskDispatcher with 16 workers.
[PhysX] Initialized MultithreadedTaskDispatcher with 16 workers.
 -> (artifact id: '8bdcaae5d2bee54bc3cee5476af9906d') in 0.010860 seconds
Number of updated asset objects reloaded before import = 0
Number of asset objects unloaded after import = 2
========================================================================
Received Import Request.
  Time since last request: 0.000018 seconds.
  path: Assets/Sounds/priest walk sound.mp3
  artifactKey: Guid(610de77dcaede6a43a05bd735d0d42b1) Importer(815301076,1909f56bfc062723c751e8b465ee728b)
Start importing Assets/Sounds/priest walk sound.mp3 using Guid(610de77dcaede6a43a05bd735d0d42b1) Importer(815301076,1909f56bfc062723c751e8b465ee728b) [PhysX] Initialized MultithreadedTaskDispatcher with 16 workers.
[PhysX] Initialized MultithreadedTaskDispatcher with 16 workers.
 -> (artifact id: 'a1d698b02797b7aa08741aaa32664428') in 0.008656 seconds
Number of updated asset objects reloaded before import = 0
Number of asset objects unloaded after import = 2
========================================================================
Received Import Request.
  Time since last request: 0.000022 seconds.
  path: Assets/Sounds/townhall attacked.mp3
  artifactKey: Guid(540e187b7ed69734c8430e473de499f6) Importer(815301076,1909f56bfc062723c751e8b465ee728b)
Start importing Assets/Sounds/townhall attacked.mp3 using Guid(540e187b7ed69734c8430e473de499f6) Importer(815301076,1909f56bfc062723c751e8b465ee728b) [PhysX] Initialized MultithreadedTaskDispatcher with 16 workers.
[PhysX] Initialized MultithreadedTaskDispatcher with 16 workers.
 -> (artifact id: '6a8aacd3cdd385645e2c8937a681bb37') in 0.023547 seconds
Number of updated asset objects reloaded before import = 0
Number of asset objects unloaded after import = 2
========================================================================
Received Import Request.
  Time since last request: 1.420532 seconds.
  path: Assets/subModels/crop_carrot.fbx
  artifactKey: Guid(e05c7a12d789fb044afe856ccdc3ce03) Importer(815301076,1909f56bfc062723c751e8b465ee728b)
Start importing Assets/subModels/crop_carrot.fbx using Guid(e05c7a12d789fb044afe856ccdc3ce03) Importer(815301076,1909f56bfc062723c751e8b465ee728b) [PhysX] Initialized MultithreadedTaskDispatcher with 16 workers.
[PhysX] Initialized MultithreadedTaskDispatcher with 16 workers.
[PhysX] Initialized MultithreadedTaskDispatcher with 16 workers.
[PhysX] Initialized MultithreadedTaskDispatcher with 16 workers.
[PhysX] Initialized MultithreadedTaskDispatcher with 16 workers.
 -> (artifact id: '2b586fba9b4805074b18382e2df2f856') in 0.045843 seconds
Number of updated asset objects reloaded before import = 0
Number of asset objects unloaded after import = 9
========================================================================
Received Import Request.
  Time since last request: 0.000020 seconds.
  path: Assets/subModels/debris.fbx
  artifactKey: Guid(99d5ade9b1b67484eb2df8326c9be451) Importer(815301076,1909f56bfc062723c751e8b465ee728b)
Start importing Assets/subModels/debris.fbx using Guid(99d5ade9b1b67484eb2df8326c9be451) Importer(815301076,1909f56bfc062723c751e8b465ee728b) [PhysX] Initialized MultithreadedTaskDispatcher with 16 workers.
[PhysX] Initialized MultithreadedTaskDispatcher with 16 workers.
[PhysX] Initialized MultithreadedTaskDispatcher with 16 workers.
[PhysX] Initialized MultithreadedTaskDispatcher with 16 workers.
 -> (artifact id: '2496efe42a5add70ecea22cd43ea0dff') in 0.088260 seconds
Number of updated asset objects reloaded before import = 0
Number of asset objects unloaded after import = 8
========================================================================
Received Import Request.
  Time since last request: 0.000023 seconds.
  path: Assets/subModels/crops_cornStageC.fbx
  artifactKey: Guid(b2e5ba7a68fae534ebf7c49d235dbdaa) Importer(815301076,1909f56bfc062723c751e8b465ee728b)
Start importing Assets/subModels/crops_cornStageC.fbx using Guid(b2e5ba7a68fae534ebf7c49d235dbdaa) Importer(815301076,1909f56bfc062723c751e8b465ee728b) [PhysX] Initialized MultithreadedTaskDispatcher with 16 workers.
[PhysX] Initialized MultithreadedTaskDispatcher with 16 workers.
[PhysX] Initialized MultithreadedTaskDispatcher with 16 workers.
[PhysX] Initialized MultithreadedTaskDispatcher with 16 workers.
 -> (artifact id: '29c0d8db066f07e894d8906a1b9d9cbb') in 0.042161 seconds
Number of updated asset objects reloaded before import = 0
Number of asset objects unloaded after import = 8
========================================================================
Received Import Request.
  Time since last request: 0.000015 seconds.
  path: Assets/subModels/crops_cornStageA.fbx
  artifactKey: Guid(1b03214633b09f44cb407cd9878b3b6c) Importer(815301076,1909f56bfc062723c751e8b465ee728b)
Start importing Assets/subModels/crops_cornStageA.fbx using Guid(1b03214633b09f44cb407cd9878b3b6c) Importer(815301076,1909f56bfc062723c751e8b465ee728b) [PhysX] Initialized MultithreadedTaskDispatcher with 16 workers.
[PhysX] Initialized MultithreadedTaskDispatcher with 16 workers.
[PhysX] Initialized MultithreadedTaskDispatcher with 16 workers.
[PhysX] Initialized MultithreadedTaskDispatcher with 16 workers.
 -> (artifact id: 'd9f8752de9c2712fcae42c336a2001a4') in 0.038033 seconds
Number of updated asset objects reloaded before import = 0
Number of asset objects unloaded after import = 8
========================================================================
Received Import Request.
  Time since last request: 0.000015 seconds.
  path: Assets/subModels/naturePack_025.obj
  artifactKey: Guid(ceb5dc489a3122b4c8ea890bf1f45015) Importer(815301076,1909f56bfc062723c751e8b465ee728b)
Start importing Assets/subModels/naturePack_025.obj using Guid(ceb5dc489a3122b4c8ea890bf1f45015) Importer(815301076,1909f56bfc062723c751e8b465ee728b) [PhysX] Initialized MultithreadedTaskDispatcher with 16 workers.
[PhysX] Initialized MultithreadedTaskDispatcher with 16 workers.
[PhysX] Initialized MultithreadedTaskDispatcher with 16 workers.
[PhysX] Initialized MultithreadedTaskDispatcher with 16 workers.
 -> (artifact id: '5207fed5678c415b9c655ea8b0dbd650') in 0.065403 seconds
Number of updated asset objects reloaded before import = 0
Number of asset objects unloaded after import = 10
========================================================================
Received Import Request.
  Time since last request: 0.000014 seconds.
  path: Assets/subModels/crops_cornStageB.fbx
  artifactKey: Guid(c4b8556196eef54448d6accebdeec108) Importer(815301076,1909f56bfc062723c751e8b465ee728b)
Start importing Assets/subModels/crops_cornStageB.fbx using Guid(c4b8556196eef54448d6accebdeec108) Importer(815301076,1909f56bfc062723c751e8b465ee728b) [PhysX] Initialized MultithreadedTaskDispatcher with 16 workers.
[PhysX] Initialized MultithreadedTaskDispatcher with 16 workers.
[PhysX] Initialized MultithreadedTaskDispatcher with 16 workers.
[PhysX] Initialized MultithreadedTaskDispatcher with 16 workers.
 -> (artifact id: '04e4eeabcf846e891f2baa21de9162fa') in 0.049355 seconds
Number of updated asset objects reloaded before import = 0
Number of asset objects unloaded after import = 8
========================================================================
Received Import Request.
  Time since last request: 2.650236 seconds.
  path: Assets/subModels/Castle/flagBannerShort.fbx
  artifactKey: Guid(f8586b11bd332894481667448785f251) Importer(815301076,1909f56bfc062723c751e8b465ee728b)
Start importing Assets/subModels/Castle/flagBannerShort.fbx using Guid(f8586b11bd332894481667448785f251) Importer(815301076,1909f56bfc062723c751e8b465ee728b) [PhysX] Initialized MultithreadedTaskDispatcher with 16 workers.
[PhysX] Initialized MultithreadedTaskDispatcher with 16 workers.
[PhysX] Initialized MultithreadedTaskDispatcher with 16 workers.
 -> (artifact id: 'eb6857c5196ad4046de45cc80a500042') in 0.023747 seconds
Number of updated asset objects reloaded before import = 0
Number of asset objects unloaded after import = 9
========================================================================
Received Import Request.
  Time since last request: 0.000016 seconds.
  path: Assets/subModels/Castle/stairsStone.fbx
  artifactKey: Guid(8929c2acd91c52d488e8ffc1e6c4b395) Importer(815301076,1909f56bfc062723c751e8b465ee728b)
Start importing Assets/subModels/Castle/stairsStone.fbx using Guid(8929c2acd91c52d488e8ffc1e6c4b395) Importer(815301076,1909f56bfc062723c751e8b465ee728b) [PhysX] Initialized MultithreadedTaskDispatcher with 16 workers.
[PhysX] Initialized MultithreadedTaskDispatcher with 16 workers.
[PhysX] Initialized MultithreadedTaskDispatcher with 16 workers.
 -> (artifact id: 'c33b7542454b990673e30d27a5bc9648') in 0.012355 seconds
Number of updated asset objects reloaded before import = 0
Number of asset objects unloaded after import = 8
========================================================================
Received Import Request.
  Time since last request: 0.000017 seconds.
  path: Assets/subModels/Castle/towerTopRoof.fbx
  artifactKey: Guid(8a77679745979bf48a6b78fd40254ee8) Importer(815301076,1909f56bfc062723c751e8b465ee728b)
Start importing Assets/subModels/Castle/towerTopRoof.fbx using Guid(8a77679745979bf48a6b78fd40254ee8) Importer(815301076,1909f56bfc062723c751e8b465ee728b) [PhysX] Initialized MultithreadedTaskDispatcher with 16 workers.
[PhysX] Initialized MultithreadedTaskDispatcher with 16 workers.
[PhysX] Initialized MultithreadedTaskDispatcher with 16 workers.
 -> (artifact id: 'bd6526206178c2608b8255a7ff75a3d1') in 0.012431 seconds
Number of updated asset objects reloaded before import = 0
Number of asset objects unloaded after import = 10
========================================================================
Received Import Request.
  Time since last request: 0.000017 seconds.
  path: Assets/subModels/Castle/wallNarrowWood.fbx
  artifactKey: Guid(2ed3f371661213843a70e26c53918a7d) Importer(815301076,1909f56bfc062723c751e8b465ee728b)
Start importing Assets/subModels/Castle/wallNarrowWood.fbx using Guid(2ed3f371661213843a70e26c53918a7d) Importer(815301076,1909f56bfc062723c751e8b465ee728b) [PhysX] Initialized MultithreadedTaskDispatcher with 16 workers.
[PhysX] Initialized MultithreadedTaskDispatcher with 16 workers.
[PhysX] Initialized MultithreadedTaskDispatcher with 16 workers.
[PhysX] Initialized MultithreadedTaskDispatcher with 16 workers.
[PhysX] Initialized MultithreadedTaskDispatcher with 16 workers.
 -> (artifact id: 'a6216864f89301f64f7cfe5b5806381f') in 0.022019 seconds
Number of updated asset objects reloaded before import = 0
Number of asset objects unloaded after import = 15
========================================================================
Received Import Request.
  Time since last request: 0.000020 seconds.
  path: Assets/subModels/Castle/towerSquareMidWindows.fbx
  artifactKey: Guid(8b983394e695f1f4aaed6fefc00ad7c4) Importer(815301076,1909f56bfc062723c751e8b465ee728b)
Start importing Assets/subModels/Castle/towerSquareMidWindows.fbx using Guid(8b983394e695f1f4aaed6fefc00ad7c4) Importer(815301076,1909f56bfc062723c751e8b465ee728b) [PhysX] Initialized MultithreadedTaskDispatcher with 16 workers.
[PhysX] Initialized MultithreadedTaskDispatcher with 16 workers.
[PhysX] Initialized MultithreadedTaskDispatcher with 16 workers.
 -> (artifact id: 'b7d17f3be12eda4c4d5533b05c96b393') in 0.018946 seconds
Number of updated asset objects reloaded before import = 0
Number of asset objects unloaded after import = 10
========================================================================
Received Import Request.
  Time since last request: 0.000025 seconds.
  path: Assets/subModels/Castle/wallCornerHalf.fbx
  artifactKey: Guid(f19c82e321237da4c8082e78cd6b7ebc) Importer(815301076,1909f56bfc062723c751e8b465ee728b)
Start importing Assets/subModels/Castle/wallCornerHalf.fbx using Guid(f19c82e321237da4c8082e78cd6b7ebc) Importer(815301076,1909f56bfc062723c751e8b465ee728b) [PhysX] Initialized MultithreadedTaskDispatcher with 16 workers.
[PhysX] Initialized MultithreadedTaskDispatcher with 16 workers.
[PhysX] Initialized MultithreadedTaskDispatcher with 16 workers.
 -> (artifact id: '44141e9f7e543ce5b5193650023c4f44') in 0.013199 seconds
Number of updated asset objects reloaded before import = 0
Number of asset objects unloaded after import = 9
========================================================================
Received Import Request.
  Time since last request: 0.000037 seconds.
  path: Assets/subModels/Castle/shieldBlue.fbx
  artifactKey: Guid(f98840ef68ee6454a9cef50d9578bb0d) Importer(815301076,1909f56bfc062723c751e8b465ee728b)
Start importing Assets/subModels/Castle/shieldBlue.fbx using Guid(f98840ef68ee6454a9cef50d9578bb0d) Importer(815301076,1909f56bfc062723c751e8b465ee728b) [PhysX] Initialized MultithreadedTaskDispatcher with 16 workers.
[PhysX] Initialized MultithreadedTaskDispatcher with 16 workers.
[PhysX] Initialized MultithreadedTaskDispatcher with 16 workers.
 -> (artifact id: 'c1a1ccbceb4d5f6e0c3ef164140c3e6d') in 0.012574 seconds
Number of updated asset objects reloaded before import = 0
Number of asset objects unloaded after import = 9
========================================================================
Received Import Request.
  Time since last request: 0.000018 seconds.
  path: Assets/subModels/Castle/towerSquareArch.fbx
  artifactKey: Guid(687d12c0280e80544a71ee81c576d320) Importer(815301076,1909f56bfc062723c751e8b465ee728b)
Start importing Assets/subModels/Castle/towerSquareArch.fbx using Guid(687d12c0280e80544a71ee81c576d320) Importer(815301076,1909f56bfc062723c751e8b465ee728b) [PhysX] Initialized MultithreadedTaskDispatcher with 16 workers.
[PhysX] Initialized MultithreadedTaskDispatcher with 16 workers.
[PhysX] Initialized MultithreadedTaskDispatcher with 16 workers.
 -> (artifact id: '5f277103bc3dd0503372ac271748d4ce') in 0.010263 seconds
Number of updated asset objects reloaded before import = 0
Number of asset objects unloaded after import = 9
========================================================================
Received Import Request.
  Time since last request: 0.000018 seconds.
  path: Assets/subModels/Castle/towerSquareMid.fbx
  artifactKey: Guid(6df3ba0f103b3b544a2408d78f8585d6) Importer(815301076,1909f56bfc062723c751e8b465ee728b)
Start importing Assets/subModels/Castle/towerSquareMid.fbx using Guid(6df3ba0f103b3b544a2408d78f8585d6) Importer(815301076,1909f56bfc062723c751e8b465ee728b) [PhysX] Initialized MultithreadedTaskDispatcher with 16 workers.
[PhysX] Initialized MultithreadedTaskDispatcher with 16 workers.
[PhysX] Initialized MultithreadedTaskDispatcher with 16 workers.
 -> (artifact id: '9a40dc10496c43de3656b3b72f943f3f') in 0.011766 seconds
Number of updated asset objects reloaded before import = 0
Number of asset objects unloaded after import = 9
========================================================================
Received Import Request.
  Time since last request: 0.000016 seconds.
  path: Assets/subModels/Castle/wallCornerHalfTower.fbx
  artifactKey: Guid(9d3f83ed39020ee4ca9a29e3f080ffd8) Importer(815301076,1909f56bfc062723c751e8b465ee728b)
Start importing Assets/subModels/Castle/wallCornerHalfTower.fbx using Guid(9d3f83ed39020ee4ca9a29e3f080ffd8) Importer(815301076,1909f56bfc062723c751e8b465ee728b) [PhysX] Initialized MultithreadedTaskDispatcher with 16 workers.
[PhysX] Initialized MultithreadedTaskDispatcher with 16 workers.
[PhysX] Initialized MultithreadedTaskDispatcher with 16 workers.
 -> (artifact id: 'c8e9c59ccd45e2330aecb86d3aea1737') in 0.015267 seconds
Number of updated asset objects reloaded before import = 0
Number of asset objects unloaded after import = 9
========================================================================
Received Import Request.
  Time since last request: 0.000015 seconds.
  path: Assets/subModels/Castle/wallNarrowStairsFence.fbx
  artifactKey: Guid(72f170305cf78744089cddef44e2fe45) Importer(815301076,1909f56bfc062723c751e8b465ee728b)
Start importing Assets/subModels/Castle/wallNarrowStairsFence.fbx using Guid(72f170305cf78744089cddef44e2fe45) Importer(815301076,1909f56bfc062723c751e8b465ee728b) [PhysX] Initialized MultithreadedTaskDispatcher with 16 workers.
[PhysX] Initialized MultithreadedTaskDispatcher with 16 workers.
[PhysX] Initialized MultithreadedTaskDispatcher with 16 workers.
[PhysX] Initialized MultithreadedTaskDispatcher with 16 workers.
[PhysX] Initialized MultithreadedTaskDispatcher with 16 workers.
 -> (artifact id: '6ec58db61a26b317fff8bbce4ca68a10') in 0.020241 seconds
Number of updated asset objects reloaded before import = 0
Number of asset objects unloaded after import = 15
========================================================================
Received Import Request.
  Time since last request: 0.000018 seconds.
  path: Assets/subModels/Castle/wallCorner.fbx
  artifactKey: Guid(c63ed41b16381274cb9fd51aac86e0c7) Importer(815301076,1909f56bfc062723c751e8b465ee728b)
Start importing Assets/subModels/Castle/wallCorner.fbx using Guid(c63ed41b16381274cb9fd51aac86e0c7) Importer(815301076,1909f56bfc062723c751e8b465ee728b) [PhysX] Initialized MultithreadedTaskDispatcher with 16 workers.
[PhysX] Initialized MultithreadedTaskDispatcher with 16 workers.
[PhysX] Initialized MultithreadedTaskDispatcher with 16 workers.
 -> (artifact id: '9b4733f006fb48892dc6456287f4c4cf') in 0.012612 seconds
Number of updated asset objects reloaded before import = 0
Number of asset objects unloaded after import = 9
========================================================================
Received Import Request.
  Time since last request: 0.000017 seconds.
  path: Assets/subModels/Castle/sword.fbx
  artifactKey: Guid(098a2f857383e0149b80435e42f8fa48) Importer(815301076,1909f56bfc062723c751e8b465ee728b)
Start importing Assets/subModels/Castle/sword.fbx using Guid(098a2f857383e0149b80435e42f8fa48) Importer(815301076,1909f56bfc062723c751e8b465ee728b) [PhysX] Initialized MultithreadedTaskDispatcher with 16 workers.
[PhysX] Initialized MultithreadedTaskDispatcher with 16 workers.
[PhysX] Initialized MultithreadedTaskDispatcher with 16 workers.
 -> (artifact id: '53ae6a80883b380e9dfa5ba90acdd735') in 0.014240 seconds
Number of updated asset objects reloaded before import = 0
Number of asset objects unloaded after import = 9
========================================================================
Received Import Request.
  Time since last request: 0.000019 seconds.
  path: Assets/subModels/Castle/wallDoor.fbx
  artifactKey: Guid(b5d9850722489c84e950c8022646a82f) Importer(815301076,1909f56bfc062723c751e8b465ee728b)
Start importing Assets/subModels/Castle/wallDoor.fbx using Guid(b5d9850722489c84e950c8022646a82f) Importer(815301076,1909f56bfc062723c751e8b465ee728b) [PhysX] Initialized MultithreadedTaskDispatcher with 16 workers.
[PhysX] Initialized MultithreadedTaskDispatcher with 16 workers.
[PhysX] Initialized MultithreadedTaskDispatcher with 16 workers.
 -> (artifact id: '65a37d9a1441973ab2db5bb6cfb3d47e') in 0.018443 seconds
Number of updated asset objects reloaded before import = 0
Number of asset objects unloaded after import = 9
========================================================================
Received Import Request.
  Time since last request: 0.000019 seconds.
  path: Assets/subModels/Castle/towerTopCorner.fbx
  artifactKey: Guid(c6eeb8de14933ad46b67a6b93a4ddb3d) Importer(815301076,1909f56bfc062723c751e8b465ee728b)
Start importing Assets/subModels/Castle/towerTopCorner.fbx using Guid(c6eeb8de14933ad46b67a6b93a4ddb3d) Importer(815301076,1909f56bfc062723c751e8b465ee728b) [PhysX] Initialized MultithreadedTaskDispatcher with 16 workers.
[PhysX] Initialized MultithreadedTaskDispatcher with 16 workers.
[PhysX] Initialized MultithreadedTaskDispatcher with 16 workers.
 -> (artifact id: 'ee4e6f6820010b693bf3906112924287') in 0.016157 seconds
Number of updated asset objects reloaded before import = 0
Number of asset objects unloaded after import = 9
========================================================================
Received Import Request.
  Time since last request: 0.000017 seconds.
  path: Assets/subModels/Castle/wallNarrowCorner.fbx
  artifactKey: Guid(3262ece2610f2d44fa8183d49fb94344) Importer(815301076,1909f56bfc062723c751e8b465ee728b)
Start importing Assets/subModels/Castle/wallNarrowCorner.fbx using Guid(3262ece2610f2d44fa8183d49fb94344) Importer(815301076,1909f56bfc062723c751e8b465ee728b) [PhysX] Initialized MultithreadedTaskDispatcher with 16 workers.
[PhysX] Initialized MultithreadedTaskDispatcher with 16 workers.
[PhysX] Initialized MultithreadedTaskDispatcher with 16 workers.
 -> (artifact id: '39ae25b9004e9a1218173386f295fd69') in 0.015007 seconds
Number of updated asset objects reloaded before import = 0
Number of asset objects unloaded after import = 9
========================================================================
Received Import Request.
  Time since last request: 18.363011 seconds.
  path: Assets/subModels/Fantasy/fenceCurved.fbx
  artifactKey: Guid(1052b4e4e4165b3479b70216c759979d) Importer(815301076,1909f56bfc062723c751e8b465ee728b)
Start importing Assets/subModels/Fantasy/fenceCurved.fbx using Guid(1052b4e4e4165b3479b70216c759979d) Importer(815301076,1909f56bfc062723c751e8b465ee728b) [PhysX] Initialized MultithreadedTaskDispatcher with 16 workers.
[PhysX] Initialized MultithreadedTaskDispatcher with 16 workers.
[PhysX] Initialized MultithreadedTaskDispatcher with 16 workers.
[PhysX] Initialized MultithreadedTaskDispatcher with 16 workers.
[PhysX] Initialized MultithreadedTaskDispatcher with 16 workers.
 -> (artifact id: '9c7cfcf8df0a2ac255550e0b3065663f') in 0.028436 seconds
Number of updated asset objects reloaded before import = 0
Number of asset objects unloaded after import = 9
========================================================================
Received Import Request.
  Time since last request: 0.000018 seconds.
  path: Assets/subModels/Fantasy/roofHighRight.fbx
  artifactKey: Guid(8e3ba327208e94641b8b70b3d0d424d4) Importer(815301076,1909f56bfc062723c751e8b465ee728b)
Start importing Assets/subModels/Fantasy/roofHighRight.fbx using Guid(8e3ba327208e94641b8b70b3d0d424d4) Importer(815301076,1909f56bfc062723c751e8b465ee728b) [PhysX] Initialized MultithreadedTaskDispatcher with 16 workers.
[PhysX] Initialized MultithreadedTaskDispatcher with 16 workers.
[PhysX] Initialized MultithreadedTaskDispatcher with 16 workers.
[PhysX] Initialized MultithreadedTaskDispatcher with 16 workers.
[PhysX] Initialized MultithreadedTaskDispatcher with 16 workers.
[PhysX] Initialized MultithreadedTaskDispatcher with 16 workers.
[PhysX] Initialized MultithreadedTaskDispatcher with 16 workers.
 -> (artifact id: '7a1a0ba2b87d0644908d31b7ad02385c') in 0.085784 seconds
Number of updated asset objects reloaded before import = 0
Number of asset objects unloaded after import = 11
========================================================================
Received Import Request.
  Time since last request: 0.000015 seconds.
  path: Assets/subModels/Fantasy/roofPoint.fbx
  artifactKey: Guid(b71c185d529e12d4cac3b4c540c69970) Importer(815301076,1909f56bfc062723c751e8b465ee728b)
Start importing Assets/subModels/Fantasy/roofPoint.fbx using Guid(b71c185d529e12d4cac3b4c540c69970) Importer(815301076,1909f56bfc062723c751e8b465ee728b) [PhysX] Initialized MultithreadedTaskDispatcher with 16 workers.
[PhysX] Initialized MultithreadedTaskDispatcher with 16 workers.
[PhysX] Initialized MultithreadedTaskDispatcher with 16 workers.
[PhysX] Initialized MultithreadedTaskDispatcher with 16 workers.
[PhysX] Initialized MultithreadedTaskDispatcher with 16 workers.
 -> (artifact id: 'b6d8bf4ee718c4d17533e460aefe5084') in 0.093302 seconds
Number of updated asset objects reloaded before import = 0
Number of asset objects unloaded after import = 9
========================================================================
Received Import Request.
  Time since last request: 0.000022 seconds.
  path: Assets/subModels/Fantasy/wallWoodSide.fbx
  artifactKey: Guid(44eb5d6cf2f7b334ab9be2e563833c0f) Importer(815301076,1909f56bfc062723c751e8b465ee728b)
Start importing Assets/subModels/Fantasy/wallWoodSide.fbx using Guid(44eb5d6cf2f7b334ab9be2e563833c0f) Importer(815301076,1909f56bfc062723c751e8b465ee728b) [PhysX] Initialized MultithreadedTaskDispatcher with 16 workers.
[PhysX] Initialized MultithreadedTaskDispatcher with 16 workers.
[PhysX] Initialized MultithreadedTaskDispatcher with 16 workers.
[PhysX] Initialized MultithreadedTaskDispatcher with 16 workers.
[PhysX] Initialized MultithreadedTaskDispatcher with 16 workers.
 -> (artifact id: 'b9ba3184a1997bfe86579cfac7d3d195') in 0.083661 seconds
Number of updated asset objects reloaded before import = 0
Number of asset objects unloaded after import = 9
========================================================================
Received Import Request.
  Time since last request: 0.000025 seconds.
  path: Assets/subModels/Fantasy/wallDoorwayRound.fbx
  artifactKey: Guid(afb57be478cd9764b9182c64c084c9b0) Importer(815301076,1909f56bfc062723c751e8b465ee728b)
Start importing Assets/subModels/Fantasy/wallDoorwayRound.fbx using Guid(afb57be478cd9764b9182c64c084c9b0) Importer(815301076,1909f56bfc062723c751e8b465ee728b) [PhysX] Initialized MultithreadedTaskDispatcher with 16 workers.
[PhysX] Initialized MultithreadedTaskDispatcher with 16 workers.
[PhysX] Initialized MultithreadedTaskDispatcher with 16 workers.
[PhysX] Initialized MultithreadedTaskDispatcher with 16 workers.
[PhysX] Initialized MultithreadedTaskDispatcher with 16 workers.
[PhysX] Initialized MultithreadedTaskDispatcher with 16 workers.
 -> (artifact id: 'b7da934ffc03f44beed54bddeba9e0a0') in 0.034863 seconds
Number of updated asset objects reloaded before import = 0
Number of asset objects unloaded after import = 10
========================================================================
Received Import Request.
  Time since last request: 0.000018 seconds.
  path: Assets/subModels/Fantasy/wallCornerDiagonal.fbx
  artifactKey: Guid(474c9cabf64f2cd4192206878a1565b0) Importer(815301076,1909f56bfc062723c751e8b465ee728b)
Start importing Assets/subModels/Fantasy/wallCornerDiagonal.fbx using Guid(474c9cabf64f2cd4192206878a1565b0) Importer(815301076,1909f56bfc062723c751e8b465ee728b) [PhysX] Initialized MultithreadedTaskDispatcher with 16 workers.
[PhysX] Initialized MultithreadedTaskDispatcher with 16 workers.
[PhysX] Initialized MultithreadedTaskDispatcher with 16 workers.
[PhysX] Initialized MultithreadedTaskDispatcher with 16 workers.
[PhysX] Initialized MultithreadedTaskDispatcher with 16 workers.
 -> (artifact id: '1486d30f92a1d79eedc217d92814dd1c') in 0.019597 seconds
Number of updated asset objects reloaded before import = 0
Number of asset objects unloaded after import = 9
========================================================================
Received Import Request.
  Time since last request: 0.000017 seconds.
  path: Assets/subModels/Fantasy/roofLeft.fbx
  artifactKey: Guid(f3a307d712af9484a9cdc568383bf59c) Importer(815301076,1909f56bfc062723c751e8b465ee728b)
Start importing Assets/subModels/Fantasy/roofLeft.fbx using Guid(f3a307d712af9484a9cdc568383bf59c) Importer(815301076,1909f56bfc062723c751e8b465ee728b) [PhysX] Initialized MultithreadedTaskDispatcher with 16 workers.
[PhysX] Initialized MultithreadedTaskDispatcher with 16 workers.
[PhysX] Initialized MultithreadedTaskDispatcher with 16 workers.
[PhysX] Initialized MultithreadedTaskDispatcher with 16 workers.
[PhysX] Initialized MultithreadedTaskDispatcher with 16 workers.
[PhysX] Initialized MultithreadedTaskDispatcher with 16 workers.
[PhysX] Initialized MultithreadedTaskDispatcher with 16 workers.
 -> (artifact id: '3ad866f1a76e3fabc8f6073ae3c9eb30') in 0.028500 seconds
Number of updated asset objects reloaded before import = 0
Number of asset objects unloaded after import = 11
========================================================================
Received Import Request.
  Time since last request: 0.000016 seconds.
  path: Assets/subModels/Fantasy/wallDoor.fbx
  artifactKey: Guid(73a0309ec44c6584bad6ae07dc91102e) Importer(815301076,1909f56bfc062723c751e8b465ee728b)
Start importing Assets/subModels/Fantasy/wallDoor.fbx using Guid(73a0309ec44c6584bad6ae07dc91102e) Importer(815301076,1909f56bfc062723c751e8b465ee728b) [PhysX] Initialized MultithreadedTaskDispatcher with 16 workers.
[PhysX] Initialized MultithreadedTaskDispatcher with 16 workers.
[PhysX] Initialized MultithreadedTaskDispatcher with 16 workers.
[PhysX] Initialized MultithreadedTaskDispatcher with 16 workers.
[PhysX] Initialized MultithreadedTaskDispatcher with 16 workers.
[PhysX] Initialized MultithreadedTaskDispatcher with 16 workers.
[PhysX] Initialized MultithreadedTaskDispatcher with 16 workers.
[PhysX] Initialized MultithreadedTaskDispatcher with 16 workers.
 -> (artifact id: '1c7decfb9d8ea5f740fc30543435ef29') in 0.029678 seconds
Number of updated asset objects reloaded before import = 0
Number of asset objects unloaded after import = 15
========================================================================
Received Import Request.
  Time since last request: 0.000017 seconds.
  path: Assets/subModels/Fantasy/wallWoodWindowGlass.fbx
  artifactKey: Guid(6ce3469b5d81c724e8ad838c2ccd87e3) Importer(815301076,1909f56bfc062723c751e8b465ee728b)
Start importing Assets/subModels/Fantasy/wallWoodWindowGlass.fbx using Guid(6ce3469b5d81c724e8ad838c2ccd87e3) Importer(815301076,1909f56bfc062723c751e8b465ee728b) [PhysX] Initialized MultithreadedTaskDispatcher with 16 workers.
[PhysX] Initialized MultithreadedTaskDispatcher with 16 workers.
[PhysX] Initialized MultithreadedTaskDispatcher with 16 workers.
[PhysX] Initialized MultithreadedTaskDispatcher with 16 workers.
[PhysX] Initialized MultithreadedTaskDispatcher with 16 workers.
 -> (artifact id: 'b910c580a26fec9e8b018a08bdd97779') in 0.019779 seconds
Number of updated asset objects reloaded before import = 0
Number of asset objects unloaded after import = 9
========================================================================
Received Import Request.
  Time since last request: 0.000017 seconds.
  path: Assets/subModels/Fantasy/wall.fbx
  artifactKey: Guid(54ca98601bd63414fb63430d13b52692) Importer(815301076,1909f56bfc062723c751e8b465ee728b)
Start importing Assets/subModels/Fantasy/wall.fbx using Guid(54ca98601bd63414fb63430d13b52692) Importer(815301076,1909f56bfc062723c751e8b465ee728b) [PhysX] Initialized MultithreadedTaskDispatcher with 16 workers.
[PhysX] Initialized MultithreadedTaskDispatcher with 16 workers.
[PhysX] Initialized MultithreadedTaskDispatcher with 16 workers.
[PhysX] Initialized MultithreadedTaskDispatcher with 16 workers.
[PhysX] Initialized MultithreadedTaskDispatcher with 16 workers.
 -> (artifact id: '7cfaf304a28e99176b1181696b33bf24') in 0.015627 seconds
Number of updated asset objects reloaded before import = 0
Number of asset objects unloaded after import = 9
========================================================================
Received Import Request.
  Time since last request: 1.480404 seconds.
  path: Assets/subModels/Materials/Mesh1_Tree_ModelMat.mat
  artifactKey: Guid(cf1754aab0dd36f40b8a909e5dd7948c) Importer(815301076,1909f56bfc062723c751e8b465ee728b)
Start importing Assets/subModels/Materials/Mesh1_Tree_ModelMat.mat using Guid(cf1754aab0dd36f40b8a909e5dd7948c) Importer(815301076,1909f56bfc062723c751e8b465ee728b) [PhysX] Initialized MultithreadedTaskDispatcher with 16 workers.
[PhysX] Initialized MultithreadedTaskDispatcher with 16 workers.
 -> (artifact id: 'fde2a8ac1913fad90a06d91421c2dc8e') in 0.017243 seconds
Number of updated asset objects reloaded before import = 0
Number of asset objects unloaded after import = 1
Editor requested this worker to shutdown with reason: Scaling down because of idle timeout
TcpMessagingSession - receive error: operation aborted. errorcode: 995, details:  /   -       .
AssetImportWorker is now disconnected from the server
Process exiting
Exiting without the bug reporter. Application will terminate with return code 0